#
# A fatal error has been detected by the Java Runtime Environment:
#
#  SIGSEGV (0xb) at pc=0x00007f3028ea6333, pid=2987, tid=139844779448592
#
# JRE version: 6.0_15-b03
# Java VM: Java HotSpot(TM) 64-Bit Server VM (14.1-b02 mixed mode linux-amd64 )
# Problematic frame:
# C  [librxtxSerial-2.1-7.so+0x8333]  read_byte_array+0x43
#
# If you would like to submit a bug report, please visit:
#   http://java.sun.com/webapps/bugreport/crash.jsp
# The crash happened outside the Java Virtual Machine in native code.
# See problematic frame for where to report the bug.
#

---------------  T H R E A D  ---------------

Current thread (0x0000000040aa3000):  JavaThread "Thread-108" [_thread_in_native, id=3953, stack(0x00007f3026571000,0x00007f3026672000)]

siginfo:si_signo=SIGSEGV: si_errno=0, si_code=1 (SEGV_MAPERR), si_addr=0x00000000266706d8

Registers:
RAX=0x00000000266706d0, RBX=0x0000000000000021, RCX=0x0000000000000001, RDX=0x00007f307ef92000
RSP=0x00007f302666fde0, RBP=0x00000000ffffffff, RSI=0x00007f3028ea8980, RDI=0x00007f3028ea888a
R8 =0x0000000000000ffc, R9 =0x00007f307e49d748, R10=0x00007f307e4a1458, R11=0x00007f307e495700
R12=0x0000000040aa3000, R13=0x00007f30375add68, R14=0x00007f302666ffb8, R15=0x0000000040aa3000
RIP=0x00007f3028ea6333, EFL=0x0000000000010206, CSGSFS=0x0000000000000033, ERR=0x0000000000000004
  TRAPNO=0x000000000000000e

Top of Stack: (sp=0x00007f302666fde0)
0x00007f302666fde0:   0000000040aa3000 00007f30375b55e8
0x00007f302666fdf0:   0000000040aa3000 00007f3028ea8dc3
0x00007f302666fe00:   00007f3028ea8982 0000000040c99298
0x00007f302666fe10:   00000001ffffffff 00007f302666ff37
0x00007f302666fe20:   000000212666fe70 00007f30300fdb48
0x00007f302666fe30:   00007f30300fdb40 00007f30300fdb38
0x00007f302666fe40:   000000b400000002 00000000266706d0
0x00007f302666fe50:   0000000000000040 00007f300000008c
0x00007f302666fe60:   00007f30300fdb50 00007f307e48bcb0
0x00007f302666fe70:   0000000040aa3000 0000000000000000
0x00007f302666fe80:   0000000040aa3000 0000000000000000
0x00007f302666fe90:   0000000040aa3000 00007f307e14a50a
0x00007f302666fea0:   0000000040aa3000 000000b600000000
0x00007f302666feb0:   0000000040aa3000 00007f3028ea8982
0x00007f302666fec0:   0000000040aa3000 00007f302666ffb8
0x00007f302666fed0:   00000000ffffffff 0000000040c99298
0x00007f302666fee0:   0000000040aa31b8 0000000000000021
0x00007f302666fef0:   0000000040aa31b8 0000000040aa3000
0x00007f302666ff00:   00007f30375add68 00007f302666ffb8
0x00007f302666ff10:   0000000040aa3000 00007f3028ea6908
0x00007f302666ff20:   00007f302666ffb8 0000000040aa3000
0x00007f302666ff30:   00007f302666ff98 00007f30375add70
0x00007f302666ff40:   00007f302666ff98 00007f30799c2f50
0x00007f302666ff50:   0000000040aa3000 00007f302666ff58
0x00007f302666ff60:   00007f30375add68 00007f302666ffb8
0x00007f302666ff70:   00007f3037a51138 0000000000000000
0x00007f302666ff80:   00007f30375add70 0000000000000000
0x00007f302666ff90:   00007f302666ffb8 00007f3026670010
0x00007f302666ffa0:   00007f30799b790e 0000000000000000
0x00007f302666ffb0:   00007f30799bfa56 00007f3065299030
0x00007f302666ffc0:   00007ef09e3e2280 00007f3065299100
0x00007f302666ffd0:   00007f302666ffc0 00007f3037a5063d 

Instructions: (pc=0x00007f3028ea6333)
0x00007f3028ea6323:   24 30 e8 46 cc ff ff 8b 6c 24 30 48 89 44 24 68
0x00007f3028ea6333:   8b 40 08 48 8b 54 24 68 48 c7 44 24 58 00 00 00 

Stack: [0x00007f3026571000,0x00007f3026672000],  sp=0x00007f302666fde0,  free space=1019k
Native frames: (J=compiled Java code, j=interpreted, Vv=VM code, C=native code)
C  [librxtxSerial-2.1-7.so+0x8333]  read_byte_array+0x43

Java frames: (J=compiled Java code, j=interpreted, Vv=VM code)
j  gnu.io.RXTXPort.readByte()I+0
j  gnu.io.RXTXPort$SerialInputStream.read()I+61
J  processing.app.Serial.serialEvent(Lgnu/io/SerialPortEvent;)V
j  gnu.io.RXTXPort.sendEvent(IZ)Z+382
v  ~StubRoutines::call_stub
j  gnu.io.RXTXPort.eventLoop()V+0
j  gnu.io.RXTXPort$MonitorThread.run()V+12
v  ~StubRoutines::call_stub

---------------  P R O C E S S  ---------------

Java Threads: ( => current thread )
=>0x0000000040aa3000 JavaThread "Thread-108" [_thread_in_native, id=3953, stack(0x00007f3026571000,0x00007f3026672000)]
  0x00000000407d2000 JavaThread "DestroyJavaVM" [_thread_blocked, id=2988, stack(0x00007f307d852000,0x00007f307d953000)]
  0x0000000040bc7000 JavaThread "TimerQueue" daemon [_thread_blocked, id=3004, stack(0x00007f3028c9c000,0x00007f3028d9d000)]
  0x0000000040b65000 JavaThread "AWT-EventQueue-0" [_thread_in_vm, id=3002, stack(0x00007f30290ad000,0x00007f30291ae000)]
  0x0000000040b63800 JavaThread "AWT-Shutdown" [_thread_blocked, id=3001, stack(0x00007f30291ae000,0x00007f30292af000)]
  0x00000000409d1800 JavaThread "AWT-XAWT" daemon [_thread_in_native, id=3000, stack(0x00007f303411a000,0x00007f303421b000)]
  0x00000000408c3000 JavaThread "Java2D Disposer" daemon [_thread_blocked, id=2999, stack(0x00007f303421b000,0x00007f303431c000)]
  0x000000004085e000 JavaThread "Low Memory Detector" daemon [_thread_blocked, id=2997, stack(0x00007f303587f000,0x00007f3035980000)]
  0x000000004085b000 JavaThread "CompilerThread1" daemon [_thread_blocked, id=2996, stack(0x00007f3035980000,0x00007f3035a81000)]
  0x0000000040858800 JavaThread "CompilerThread0" daemon [_thread_blocked, id=2995, stack(0x00007f3035a81000,0x00007f3035b82000)]
  0x0000000040856800 JavaThread "Signal Dispatcher" daemon [_thread_blocked, id=2994, stack(0x00007f3035b82000,0x00007f3035c83000)]
  0x0000000040832800 JavaThread "Finalizer" daemon [_thread_blocked, id=2993, stack(0x00007f3035cc9000,0x00007f3035dca000)]
  0x0000000040831000 JavaThread "Reference Handler" daemon [_thread_blocked, id=2992, stack(0x00007f3035dca000,0x00007f3035ecb000)]

Other Threads:
  0x000000004082a000 VMThread [stack: 0x00007f3035ecb000,0x00007f3035fcc000] [id=2991]
  0x0000000040860800 WatcherThread [stack: 0x00007f303577e000,0x00007f303587f000] [id=2998]

VM state:not at safepoint (normal execution)

VM Mutex/Monitor currently owned by a thread: None

Heap
 PSYoungGen      total 25280K, used 6473K [0x00007f3064fb0000, 0x00007f3066af0000, 0x00007f30799b0000)
  eden space 22656K, 18% used [0x00007f3064fb0000,0x00007f30653de8e8,0x00007f30665d0000)
  from space 2624K, 83% used [0x00007f30665d0000,0x00007f30667f3be8,0x00007f3066860000)
  to   space 2624K, 0% used [0x00007f3066860000,0x00007f3066860000,0x00007f3066af0000)
 PSOldGen        total 42240K, used 6701K [0x00007f303bbb0000, 0x00007f303e4f0000, 0x00007f3064fb0000)
  object space 42240K, 15% used [0x00007f303bbb0000,0x00007f303c23b4b8,0x00007f303e4f0000)
 PSPermGen       total 36992K, used 19106K [0x00007f30367b0000, 0x00007f3038bd0000, 0x00007f303bbb0000)
  object space 36992K, 51% used [0x00007f30367b0000,0x00007f3037a58860,0x00007f3038bd0000)

Dynamic libraries:
40000000-40009000 r-xp 00000000 08:05 176505                             /usr/lib/jvm/java-6-sun-1.6.0.15/jre/bin/java
40108000-4010a000 rwxp 00008000 08:05 176505                             /usr/lib/jvm/java-6-sun-1.6.0.15/jre/bin/java
407c9000-4153e000 rwxp 00000000 00:00 0                                  [heap]
7f3026571000-7f3026574000 ---p 00000000 00:00 0 
7f3026574000-7f3026672000 rwxp 00000000 00:00 0 
7f3026672000-7f3026675000 rwxp 00000000 00:00 0 
7f3026675000-7f3026773000 rwxp 00000000 00:00 0 
7f3026773000-7f3026782000 r-xp 00000000 08:05 1114                       /lib/libbz2.so.1.0.4
7f3026782000-7f3026982000 ---p 0000f000 08:05 1114                       /lib/libbz2.so.1.0.4
7f3026982000-7f3026983000 r-xp 0000f000 08:05 1114                       /lib/libbz2.so.1.0.4
7f3026983000-7f3026984000 rwxp 00010000 08:05 1114                       /lib/libbz2.so.1.0.4
7f3026984000-7f3026ac8000 r-xp 00000000 08:05 6986                       /usr/lib/libxml2.so.2.7.5
7f3026ac8000-7f3026cc7000 ---p 00144000 08:05 6986                       /usr/lib/libxml2.so.2.7.5
7f3026cc7000-7f3026ccf000 r-xp 00143000 08:05 6986                       /usr/lib/libxml2.so.2.7.5
7f3026ccf000-7f3026cd1000 rwxp 0014b000 08:05 6986                       /usr/lib/libxml2.so.2.7.5
7f3026cd1000-7f3026cd2000 rwxp 00000000 00:00 0 
7f3026cd2000-7f3026d08000 r-xp 00000000 08:05 6126                       /usr/lib/libcroco-0.6.so.3.0.1
7f3026d08000-7f3026f07000 ---p 00036000 08:05 6126                       /usr/lib/libcroco-0.6.so.3.0.1
7f3026f07000-7f3026f0b000 rwxp 00035000 08:05 6126                       /usr/lib/libcroco-0.6.so.3.0.1
7f3026f0b000-7f3026f44000 r-xp 00000000 08:05 6420                       /usr/lib/libgsf-1.so.114.0.15
7f3026f44000-7f3027144000 ---p 00039000 08:05 6420                       /usr/lib/libgsf-1.so.114.0.15
7f3027144000-7f3027147000 r-xp 00039000 08:05 6420                       /usr/lib/libgsf-1.so.114.0.15
7f3027147000-7f3027148000 rwxp 0003c000 08:05 6420                       /usr/lib/libgsf-1.so.114.0.15
7f3027148000-7f302714a000 rwxp 00000000 00:00 0 
7f302714a000-7f302717f000 r-xp 00000000 08:05 6825                       /usr/lib/librsvg-2.so.2.26.0
7f302717f000-7f302737f000 ---p 00035000 08:05 6825                       /usr/lib/librsvg-2.so.2.26.0
7f302737f000-7f3027380000 r-xp 00035000 08:05 6825                       /usr/lib/librsvg-2.so.2.26.0
7f3027380000-7f3027381000 rwxp 00036000 08:05 6825                       /usr/lib/librsvg-2.so.2.26.0
7f3027381000-7f3027383000 r-xp 00000000 08:05 9143                       /usr/lib/gtk-2.0/2.10.0/loaders/svg_loader.so
7f3027383000-7f3027582000 ---p 00002000 08:05 9143                       /usr/lib/gtk-2.0/2.10.0/loaders/svg_loader.so
7f3027582000-7f3027583000 r-xp 00001000 08:05 9143                       /usr/lib/gtk-2.0/2.10.0/loaders/svg_loader.so
7f3027583000-7f3027584000 rwxp 00002000 08:05 9143                       /usr/lib/gtk-2.0/2.10.0/loaders/svg_loader.so
7f3027584000-7f3027c5d000 r-xp 00000000 08:05 8904                       /usr/share/icons/hicolor/icon-theme.cache
7f3027c72000-7f3027c75000 rwxp 00000000 00:00 0 
7f3027c75000-7f3027d73000 rwxp 00000000 00:00 0 
7f3027d73000-7f3027d78000 r-xp 00000000 08:05 1168                       /lib/libnss_dns-2.10.1.so
7f3027d78000-7f3027f77000 ---p 00005000 08:05 1168                       /lib/libnss_dns-2.10.1.so
7f3027f77000-7f3027f78000 r-xp 00004000 08:05 1168                       /lib/libnss_dns-2.10.1.so
7f3027f78000-7f3027f79000 rwxp 00005000 08:05 1168                       /lib/libnss_dns-2.10.1.so
7f3027f79000-7f3027f7b000 r-xp 00000000 08:05 1176                       /lib/libnss_mdns4_minimal.so.2
7f3027f7b000-7f302817a000 ---p 00002000 08:05 1176                       /lib/libnss_mdns4_minimal.so.2
7f302817a000-7f302817b000 r-xp 00001000 08:05 1176                       /lib/libnss_mdns4_minimal.so.2
7f302817b000-7f302817c000 rwxp 00002000 08:05 1176                       /lib/libnss_mdns4_minimal.so.2
7f302817c000-7f302818f000 r-xp 00000000 08:05 8826                       /usr/lib/gio/modules/libgioremote-volume-monitor.so
7f302818f000-7f302838e000 ---p 00013000 08:05 8826                       /usr/lib/gio/modules/libgioremote-volume-monitor.so
7f302838e000-7f302838f000 r-xp 00012000 08:05 8826                       /usr/lib/gio/modules/libgioremote-volume-monitor.so
7f302838f000-7f3028390000 rwxp 00013000 08:05 8826                       /usr/lib/gio/modules/libgioremote-volume-monitor.so
7f3028390000-7f302839b000 r-xp 00000000 08:05 125792                     /lib/libudev.so.0.5.0
7f302839b000-7f302859b000 ---p 0000b000 08:05 125792                     /lib/libudev.so.0.5.0
7f302859b000-7f302859c000 r-xp 0000b000 08:05 125792                     /lib/libudev.so.0.5.0
7f302859c000-7f302859d000 rwxp 0000c000 08:05 125792                     /lib/libudev.so.0.5.0
7f302859d000-7f30285b4000 r-xp 00000000 08:05 6521                       /usr/lib/libgvfscommon.so.0.0.0
7f30285b4000-7f30287b3000 ---p 00017000 08:05 6521                       /usr/lib/libgvfscommon.so.0.0.0
7f30287b3000-7f30287b4000 r-xp 00016000 08:05 6521                       /usr/lib/libgvfscommon.so.0.0.0
7f30287b4000-7f30287b5000 rwxp 00017000 08:05 6521                       /usr/lib/libgvfscommon.so.0.0.0
7f30287b5000-7f30287de000 r-xp 00000000 08:05 8827                       /usr/lib/gio/modules/libgvfsdbus.so
7f30287de000-7f30289dd000 ---p 00029000 08:05 8827                       /usr/lib/gio/modules/libgvfsdbus.so
7f30289dd000-7f30289de000 r-xp 00028000 08:05 8827                       /usr/lib/gio/modules/libgvfsdbus.so
7f30289de000-7f30289df000 rwxp 00029000 08:05 8827                       /usr/lib/gio/modules/libgvfsdbus.so
7f3028a35000-7f3028ac7000 rwxs 00000000 00:09 15826959                   /SYSV00000000 (deleted)
7f3028ae7000-7f3028aff000 r-xs 00000000 08:05 49299                      /usr/share/mime/mime.cache
7f3028aff000-7f3028b9b000 r-xp 00000000 08:05 65309                      /usr/share/icons/Humanity/icon-theme.cache
7f3028b9b000-7f3028b9e000 rwxp 00000000 00:00 0 
7f3028b9e000-7f3028c9c000 rwxp 00000000 00:00 0 
7f3028c9c000-7f3028c9f000 ---p 00000000 00:00 0 
7f3028c9f000-7f3028d9d000 rwxp 00000000 00:00 0 
7f3028d9d000-7f3028da0000 rwxp 00000000 00:00 0 
7f3028da0000-7f3028e9e000 rwxp 00000000 00:00 0 
7f3028e9e000-7f3028eac000 r-xp 00000000 08:05 9368                       /usr/lib/librxtxSerial-2.1-7.so
7f3028eac000-7f30290ab000 ---p 0000e000 08:05 9368                       /usr/lib/librxtxSerial-2.1-7.so
7f30290ab000-7f30290ac000 r-xp 0000d000 08:05 9368                       /usr/lib/librxtxSerial-2.1-7.so
7f30290ac000-7f30290ad000 rwxp 0000e000 08:05 9368                       /usr/lib/librxtxSerial-2.1-7.so
7f30290ad000-7f30290b0000 ---p 00000000 00:00 0 
7f30290b0000-7f30291ae000 rwxp 00000000 00:00 0 
7f30291ae000-7f30291b1000 ---p 00000000 00:00 0 
7f30291b1000-7f30292af000 rwxp 00000000 00:00 0 
7f30292af000-7f30292ec000 r-xp 00000000 08:05 1127                       /lib/libdbus-1.so.3.4.0
7f30292ec000-7f30294ec000 ---p 0003d000 08:05 1127                       /lib/libdbus-1.so.3.4.0
7f30294ec000-7f30294ed000 r-xp 0003d000 08:05 1127                       /lib/libdbus-1.so.3.4.0
7f30294ed000-7f30294ee000 rwxp 0003e000 08:05 1127                       /lib/libdbus-1.so.3.4.0
7f30294ee000-7f302952b000 r-xp 00000000 08:05 6220                       /usr/lib/libibus.so.1.0.0
7f302952b000-7f302972a000 ---p 0003d000 08:05 6220                       /usr/lib/libibus.so.1.0.0
7f302972a000-7f302972c000 r-xp 0003c000 08:05 6220                       /usr/lib/libibus.so.1.0.0
7f302972c000-7f302972d000 rwxp 0003e000 08:05 6220                       /usr/lib/libibus.so.1.0.0
7f302972d000-7f302972e000 rwxp 00000000 00:00 0 
7f302972e000-7f3029733000 r-xp 00000000 08:05 27614                      /usr/lib/gtk-2.0/2.10.0/immodules/im-ibus.so
7f3029733000-7f3029933000 ---p 00005000 08:05 27614                      /usr/lib/gtk-2.0/2.10.0/immodules/im-ibus.so
7f3029933000-7f3029934000 r-xp 00005000 08:05 27614                      /usr/lib/gtk-2.0/2.10.0/immodules/im-ibus.so
7f3029934000-7f3029935000 rwxp 00006000 08:05 27614                      /usr/lib/gtk-2.0/2.10.0/immodules/im-ibus.so
7f3029935000-7f30299cd000 r-xp 00000000 08:05 40218                      /usr/share/fonts/truetype/ttf-dejavu/DejaVuSans.ttf
7f30299cd000-7f30299cf000 r-xp 00000000 08:05 13548                      /usr/lib/pango/1.6.0/modules/pango-basic-fc.so
7f30299cf000-7f3029bce000 ---p 00002000 08:05 13548                      /usr/lib/pango/1.6.0/modules/pango-basic-fc.so
7f3029bce000-7f3029bcf000 r-xp 00001000 08:05 13548                      /usr/lib/pango/1.6.0/modules/pango-basic-fc.so
7f3029bcf000-7f3029bd0000 rwxp 00002000 08:05 13548                      /usr/lib/pango/1.6.0/modules/pango-basic-fc.so
7f3029bd0000-7f3029bd7000 r-xp 00000000 08:05 176580                     /usr/lib/jvm/java-6-sun-1.6.0.15/jre/lib/amd64/libnio.so
7f3029bd7000-7f3029cd6000 ---p 00007000 08:05 176580                     /usr/lib/jvm/java-6-sun-1.6.0.15/jre/lib/amd64/libnio.so
7f3029cd6000-7f3029cd8000 rwxp 00006000 08:05 176580                     /usr/lib/jvm/java-6-sun-1.6.0.15/jre/lib/amd64/libnio.so
7f3029cd8000-7f3029ceb000 r-xp 00000000 08:05 176579                     /usr/lib/jvm/java-6-sun-1.6.0.15/jre/lib/amd64/libnet.so
7f3029ceb000-7f3029dec000 ---p 00013000 08:05 176579                     /usr/lib/jvm/java-6-sun-1.6.0.15/jre/lib/amd64/libnet.so
7f3029dec000-7f3029def000 rwxp 00014000 08:05 176579                     /usr/lib/jvm/java-6-sun-1.6.0.15/jre/lib/amd64/libnet.so
7f3029def000-7f3029e12000 r-xp 00000000 08:05 4011                       /usr/lib/gtk-2.0/2.10.0/engines/libmurrine.so
7f3029e12000-7f302a011000 ---p 00023000 08:05 4011                       /usr/lib/gtk-2.0/2.10.0/engines/libmurrine.so
7f302a011000-7f302a012000 r-xp 00022000 08:05 4011                       /usr/lib/gtk-2.0/2.10.0/engines/libmurrine.so
7f302a012000-7f302a013000 rwxp 00023000 08:05 4011                       /usr/lib/gtk-2.0/2.10.0/engines/libmurrine.so
7f302a013000-7f302a01b000 r-xp 00000000 08:05 6612                       /usr/lib/libltdl.so.7.2.0
7f302a01b000-7f302a21b000 ---p 00008000 08:05 6612                       /usr/lib/libltdl.so.7.2.0
7f302a21b000-7f302a21c000 r-xp 00008000 08:05 6612                       /usr/lib/libltdl.so.7.2.0
7f302a21c000-7f302a21d000 rwxp 00009000 08:05 6612                       /usr/lib/libltdl.so.7.2.0
7f302a21d000-7f302a22a000 r-xp 00000000 08:05 6893                       /usr/lib/libtdb.so.1.1.5
7f302a22a000-7f302a429000 ---p 0000d000 08:05 6893                       /usr/lib/libtdb.so.1.1.5
7f302a429000-7f302a42a000 r-xp 0000c000 08:05 6893                       /usr/lib/libtdb.so.1.1.5
7f302a42a000-7f302a42b000 rwxp 0000d000 08:05 6893                       /usr/lib/libtdb.so.1.1.5
7f302a42b000-7f302a430000 r-xp 00000000 08:05 6699                       /usr/lib/libogg.so.0.6.0
7f302a430000-7f302a62f000 ---p 00005000 08:05 6699                       /usr/lib/libogg.so.0.6.0
7f302a62f000-7f302a630000 r-xp 00004000 08:05 6699                       /usr/lib/libogg.so.0.6.0
7f302a630000-7f302a631000 rwxp 00005000 08:05 6699                       /usr/lib/libogg.so.0.6.0
7f302a631000-7f302a650000 r-xp 00000000 08:05 6939                       /usr/lib/libvorbis.so.0.4.0
7f302a650000-7f302a84f000 ---p 0001f000 08:05 6939                       /usr/lib/libvorbis.so.0.4.0
7f302a84f000-7f302a850000 r-xp 0001e000 08:05 6939                       /usr/lib/libvorbis.so.0.4.0
7f302a850000-7f302a85e000 rwxp 0001f000 08:05 6939                       /usr/lib/libvorbis.so.0.4.0
7f302a85e000-7f302a865000 r-xp 00000000 08:05 6943                       /usr/lib/libvorbisfile.so.3.2.0
7f302a865000-7f302aa64000 ---p 00007000 08:05 6943                       /usr/lib/libvorbisfile.so.3.2.0
7f302aa64000-7f302aa65000 r-xp 00006000 08:05 6943                       /usr/lib/libvorbisfile.so.3.2.0
7f302aa65000-7f302aa66000 rwxp 00007000 08:05 6943                       /usr/lib/libvorbisfile.so.3.2.0
7f302aa66000-7f302aa75000 r-xp 00000000 08:05 6092                       /usr/lib/libcanberra.so.0.1.7
7f302aa75000-7f302ac74000 ---p 0000f000 08:05 6092                       /usr/lib/libcanberra.so.0.1.7
7f302ac74000-7f302ac75000 r-xp 0000e000 08:05 6092                       /usr/lib/libcanberra.so.0.1.7
7f302ac75000-7f302ac76000 rwxp 0000f000 08:05 6092                       /usr/lib/libcanberra.so.0.1.7
7f302ac76000-7f302ac79000 r-xp 00000000 08:05 6090                       /usr/lib/libcanberra-gtk.so.0.1.1
7f302ac79000-7f302ae79000 ---p 00003000 08:05 6090                       /usr/lib/libcanberra-gtk.so.0.1.1
7f302ae79000-7f302ae7a000 r-xp 00003000 08:05 6090                       /usr/lib/libcanberra-gtk.so.0.1.1
7f302ae7a000-7f302ae7b000 rwxp 00004000 08:05 6090                       /usr/lib/libcanberra-gtk.so.0.1.1
7f302ae7b000-7f302ae80000 r-xp 00000000 08:05 9149                       /usr/lib/gtk-2.0/modules/libcanberra-gtk-module.so
7f302ae80000-7f302b07f000 ---p 00005000 08:05 9149                       /usr/lib/gtk-2.0/modules/libcanberra-gtk-module.so
7f302b07f000-7f302b080000 r-xp 00004000 08:05 9149                       /usr/lib/gtk-2.0/modules/libcanberra-gtk-module.so
7f302b080000-7f302b081000 rwxp 00005000 08:05 9149                       /usr/lib/gtk-2.0/modules/libcanberra-gtk-module.so
7f302b081000-7f302b085000 r-xp 00000000 08:05 6470                       /usr/lib/libgthread-2.0.so.0.2200.2
7f302b085000-7f302b284000 ---p 00004000 08:05 6470                       /usr/lib/libgthread-2.0.so.0.2200.2
7f302b284000-7f302b285000 r-xp 00003000 08:05 6470                       /usr/lib/libgthread-2.0.so.0.2200.2
7f302b285000-7f302b286000 rwxp 00004000 08:05 6470                       /usr/lib/libgthread-2.0.so.0.2200.2
7f302b286000-7f302b2ac000 r-xp 00000000 08:05 1134                       /lib/libexpat.so.1.5.2
7f302b2ac000-7f302b4ac000 ---p 00026000 08:05 1134                       /lib/libexpat.so.1.5.2
7f302b4ac000-7f302b4ae000 r-xp 00026000 08:05 1134                       /lib/libexpat.so.1.5.2
7f302b4ae000-7f302b4af000 rwxp 00028000 08:05 1134                       /lib/libexpat.so.1.5.2
7f302b4af000-7f302b4cb000 r-xp 00000000 08:05 1211                       /lib/libselinux.so.1
7f302b4cb000-7f302b6ca000 ---p 0001c000 08:05 1211                       /lib/libselinux.so.1
7f302b6ca000-7f302b6cb000 r-xp 0001b000 08:05 1211                       /lib/libselinux.so.1
7f302b6cb000-7f302b6cc000 rwxp 0001c000 08:05 1211                       /lib/libselinux.so.1
7f302b6cc000-7f302b6cd000 rwxp 00000000 00:00 0 
7f302b6cd000-7f302b6e3000 r-xp 00000000 08:05 1207                       /lib/libresolv-2.10.1.so
7f302b6e3000-7f302b8e2000 ---p 00016000 08:05 1207                       /lib/libresolv-2.10.1.so
7f302b8e2000-7f302b8e3000 r-xp 00015000 08:05 1207                       /lib/libresolv-2.10.1.so
7f302b8e3000-7f302b8e4000 rwxp 00016000 08:05 1207                       /lib/libresolv-2.10.1.so
7f302b8e4000-7f302b8e6000 rwxp 00000000 00:00 0 
7f302b8e6000-7f302b913000 r-xp 00000000 08:05 1196                       /lib/libpcre.so.3.12.1
7f302b913000-7f302bb12000 ---p 0002d000 08:05 1196                       /lib/libpcre.so.3.12.1
7f302bb12000-7f302bb13000 r-xp 0002c000 08:05 1196                       /lib/libpcre.so.3.12.1
7f302bb13000-7f302bb14000 rwxp 0002d000 08:05 1196                       /lib/libpcre.so.3.12.1
7f302bb14000-7f302bb1b000 r-xp 00000000 08:05 6978                       /usr/lib/libxcb-render.so.0.0.0
7f302bb1b000-7f302bd1b000 ---p 00007000 08:05 6978                       /usr/lib/libxcb-render.so.0.0.0
7f302bd1b000-7f302bd1c000 r-xp 00007000 08:05 6978                       /usr/lib/libxcb-render.so.0.0.0
7f302bd1c000-7f302bd1d000 rwxp 00008000 08:05 6978                       /usr/lib/libxcb-render.so.0.0.0
7f302bd1d000-7f302bd20000 r-xp 00000000 08:05 6976                       /usr/lib/libxcb-render-util.so.0.0.0
7f302bd20000-7f302bf1f000 ---p 00003000 08:05 6976                       /usr/lib/libxcb-render-util.so.0.0.0
7f302bf1f000-7f302bf20000 r-xp 00002000 08:05 6976                       /usr/lib/libxcb-render-util.so.0.0.0
7f302bf20000-7f302bf21000 rwxp 00003000 08:05 6976                       /usr/lib/libxcb-render-util.so.0.0.0
7f302bf21000-7f302bf46000 r-xp 00000000 08:05 6752                       /usr/lib/libpng12.so.0.37.0
7f302bf46000-7f302c146000 ---p 00025000 08:05 6752                       /usr/lib/libpng12.so.0.37.0
7f302c146000-7f302c147000 r-xp 00025000 08:05 6752                       /usr/lib/libpng12.so.0.37.0
7f302c147000-7f302c148000 rwxp 00026000 08:05 6752                       /usr/lib/libpng12.so.0.37.0
7f302c148000-7f302c161000 r-xp 00000000 08:05 6172                       /usr/lib/libdirect-1.2.so.0.7.0
7f302c161000-7f302c360000 ---p 00019000 08:05 6172                       /usr/lib/libdirect-1.2.so.0.7.0
7f302c360000-7f302c361000 r-xp 00018000 08:05 6172                       /usr/lib/libdirect-1.2.so.0.7.0
7f302c361000-7f302c362000 rwxp 00019000 08:05 6172                       /usr/lib/libdirect-1.2.so.0.7.0
7f302c362000-7f302c363000 rwxp 00000000 00:00 0 
7f302c363000-7f302c36c000 r-xp 00000000 08:05 6259                       /usr/lib/libfusion-1.2.so.0.7.0
7f302c36c000-7f302c56b000 ---p 00009000 08:05 6259                       /usr/lib/libfusion-1.2.so.0.7.0
7f302c56b000-7f302c56c000 r-xp 00008000 08:05 6259                       /usr/lib/libfusion-1.2.so.0.7.0
7f302c56c000-7f302c56d000 rwxp 00009000 08:05 6259                       /usr/lib/libfusion-1.2.so.0.7.0
7f302c56d000-7f302c5f4000 r-xp 00000000 08:05 6174                       /usr/lib/libdirectfb-1.2.so.0.7.0
7f302c5f4000-7f302c7f3000 ---p 00087000 08:05 6174                       /usr/lib/libdirectfb-1.2.so.0.7.0
7f302c7f3000-7f302c7f5000 r-xp 00086000 08:05 6174                       /usr/lib/libdirectfb-1.2.so.0.7.0
7f302c7f5000-7f302c7f7000 rwxp 00088000 08:05 6174                       /usr/lib/libdirectfb-1.2.so.0.7.0
7f302c7f7000-7f302c7f8000 rwxp 00000000 00:00 0 
7f302c7f8000-7f302c83b000 r-xp 00000000 08:05 6746                       /usr/lib/libpixman-1.so.0.14.0
7f302c83b000-7f302ca3a000 ---p 00043000 08:05 6746                       /usr/lib/libpixman-1.so.0.14.0
7f302ca3a000-7f302ca3c000 r-xp 00042000 08:05 6746                       /usr/lib/libpixman-1.so.0.14.0
7f302ca3c000-7f302ca3d000 rwxp 00044000 08:05 6746                       /usr/lib/libpixman-1.so.0.14.0
7f302ca3d000-7f302ca53000 r-xp 00000000 08:05 1243                       /lib/libz.so.1.2.3.3
7f302ca53000-7f302cc52000 ---p 00016000 08:05 1243                       /lib/libz.so.1.2.3.3
7f302cc52000-7f302cc53000 r-xp 00015000 08:05 1243                       /lib/libz.so.1.2.3.3
7f302cc53000-7f302cc54000 rwxp 00016000 08:05 1243                       /lib/libz.so.1.2.3.3
7f302cc54000-7f302cc5c000 r-xp 00000000 08:05 5982                       /usr/lib/libXrandr.so.2.2.0
7f302cc5c000-7f302ce5b000 ---p 00008000 08:05 5982                       /usr/lib/libXrandr.so.2.2.0
7f302ce5b000-7f302ce5c000 r-xp 00007000 08:05 5982                       /usr/lib/libXrandr.so.2.2.0
7f302ce5c000-7f302ce5d000 rwxp 00008000 08:05 5982                       /usr/lib/libXrandr.so.2.2.0
7f302ce5d000-7f302ce5f000 r-xp 00000000 08:05 5972                       /usr/lib/libXinerama.so.1.0.0
7f302ce5f000-7f302d05e000 ---p 00002000 08:05 5972                       /usr/lib/libXinerama.so.1.0.0
7f302d05e000-7f302d05f000 rwxp 00001000 08:05 5972                       /usr/lib/libXinerama.so.1.0.0
7f302d05f000-7f302d124000 r-xp 00000000 08:05 1145                       /lib/libglib-2.0.so.0.2200.2
7f302d124000-7f302d323000 ---p 000c5000 08:05 1145                       /lib/libglib-2.0.so.0.2200.2
7f302d323000-7f302d324000 r-xp 000c4000 08:05 1145                       /lib/libglib-2.0.so.0.2200.2
7f302d324000-7f302d325000 rwxp 000c5000 08:05 1145                       /lib/libglib-2.0.so.0.2200.2
7f302d325000-7f302d326000 rwxp 00000000 00:00 0 
7f302d326000-7f302d329000 r-xp 00000000 08:05 6354                       /usr/lib/libgmodule-2.0.so.0.2200.2
7f302d329000-7f302d528000 ---p 00003000 08:05 6354                       /usr/lib/libgmodule-2.0.so.0.2200.2
7f302d528000-7f302d529000 r-xp 00002000 08:05 6354                       /usr/lib/libgmodule-2.0.so.0.2200.2
7f302d529000-7f302d52a000 rwxp 00003000 08:05 6354                       /usr/lib/libgmodule-2.0.so.0.2200.2
7f302d52a000-7f302d56e000 r-xp 00000000 08:05 6390                       /usr/lib/libgobject-2.0.so.0.2200.2
7f302d56e000-7f302d76e000 ---p 00044000 08:05 6390                       /usr/lib/libgobject-2.0.so.0.2200.2
7f302d76e000-7f302d76f000 r-xp 00044000 08:05 6390                       /usr/lib/libgobject-2.0.so.0.2200.2
7f302d76f000-7f302d770000 rwxp 00045000 08:05 6390                       /usr/lib/libgobject-2.0.so.0.2200.2
7f302d770000-7f302d771000 rwxp 00000000 00:00 0 
7f302d771000-7f302d7a1000 r-xp 00000000 08:05 6247                       /usr/lib/libfontconfig.so.1.3.0
7f302d7a1000-7f302d9a1000 ---p 00030000 08:05 6247                       /usr/lib/libfontconfig.so.1.3.0
7f302d9a1000-7f302d9a2000 r-xp 00030000 08:05 6247                       /usr/lib/libfontconfig.so.1.3.0
7f302d9a2000-7f302d9a3000 rwxp 00031000 08:05 6247                       /usr/lib/libfontconfig.so.1.3.0
7f302d9a3000-7f302da22000 r-xp 00000000 08:05 6255                       /usr/lib/libfreetype.so.6.3.20
7f302da22000-7f302dc22000 ---p 0007f000 08:05 6255                       /usr/lib/libfreetype.so.6.3.20
7f302dc22000-7f302dc27000 r-xp 0007f000 08:05 6255                       /usr/lib/libfreetype.so.6.3.20
7f302dc27000-7f302dc28000 rwxp 00084000 08:05 6255                       /usr/lib/libfreetype.so.6.3.20
7f302dc28000-7f302dc6e000 r-xp 00000000 08:05 6716                       /usr/lib/libpango-1.0.so.0.2600.0
7f302dc6e000-7f302de6e000 ---p 00046000 08:05 6716                       /usr/lib/libpango-1.0.so.0.2600.0
7f302de6e000-7f302de70000 r-xp 00046000 08:05 6716                       /usr/lib/libpango-1.0.so.0.2600.0
7f302de70000-7f302de71000 rwxp 00048000 08:05 6716                       /usr/lib/libpango-1.0.so.0.2600.0
7f302de71000-7f302de98000 r-xp 00000000 08:05 6720                       /usr/lib/libpangoft2-1.0.so.0.2600.0
7f302de98000-7f302e098000 ---p 00027000 08:05 6720                       /usr/lib/libpangoft2-1.0.so.0.2600.0
7f302e098000-7f302e099000 r-xp 00027000 08:05 6720                       /usr/lib/libpangoft2-1.0.so.0.2600.0
7f302e099000-7f302e09a000 rwxp 00028000 08:05 6720                       /usr/lib/libpangoft2-1.0.so.0.2600.0
7f302e09a000-7f302e140000 r-xp 00000000 08:05 6334                       /usr/lib/libgio-2.0.so.0.2200.2
7f302e140000-7f302e340000 ---p 000a6000 08:05 6334                       /usr/lib/libgio-2.0.so.0.2200.2
7f302e340000-7f302e342000 r-xp 000a6000 08:05 6334                       /usr/lib/libgio-2.0.so.0.2200.2
7f302e342000-7f302e343000 rwxp 000a8000 08:05 6334                       /usr/lib/libgio-2.0.so.0.2200.2
7f302e343000-7f302e344000 rwxp 00000000 00:00 0 
7f302e344000-7f302e3c3000 r-xp 00000000 08:05 6082                       /usr/lib/libcairo.so.2.10800.8
7f302e3c3000-7f302e5c3000 ---p 0007f000 08:05 6082                       /usr/lib/libcairo.so.2.10800.8
7f302e5c3000-7f302e5c5000 r-xp 0007f000 08:05 6082                       /usr/lib/libcairo.so.2.10800.8
7f302e5c5000-7f302e5c6000 rwxp 00081000 08:05 6082                       /usr/lib/libcairo.so.2.10800.8
7f302e5c6000-7f302e5c7000 rwxp 00000000 00:00 0 
7f302e5c7000-7f302e5e4000 r-xp 00000000 08:05 6033                       /usr/lib/libatk-1.0.so.0.2809.1
7f302e5e4000-7f302e7e4000 ---p 0001d000 08:05 6033                       /usr/lib/libatk-1.0.so.0.2809.1
7f302e7e4000-7f302e7e6000 r-xp 0001d000 08:05 6033                       /usr/lib/libatk-1.0.so.0.2809.1
7f302e7e6000-7f302e7e7000 rwxp 0001f000 08:05 6033                       /usr/lib/libatk-1.0.so.0.2809.1
7f302e7e7000-7f302e7e9000 r-xp 00000000 08:05 5958                       /usr/lib/libXdamage.so.1.1.0
7f302e7e9000-7f302e9e8000 ---p 00002000 08:05 5958                       /usr/lib/libXdamage.so.1.1.0
7f302e9e8000-7f302e9e9000 rwxp 00001000 08:05 5958                       /usr/lib/libXdamage.so.1.1.0
7f302e9e9000-7f302e9eb000 r-xp 00000000 08:05 5954                       /usr/lib/libXcomposite.so.1.0.0
7f302e9eb000-7f302ebea000 ---p 00002000 08:05 5954                       /usr/lib/libXcomposite.so.1.0.0
7f302ebea000-7f302ebeb000 r-xp 00001000 08:05 5954                       /usr/lib/libXcomposite.so.1.0.0
7f302ebeb000-7f302ebec000 rwxp 00002000 08:05 5954                       /usr/lib/libXcomposite.so.1.0.0
7f302ebec000-7f302ebf7000 r-xp 00000000 08:05 6718                       /usr/lib/libpangocairo-1.0.so.0.2600.0
7f302ebf7000-7f302edf6000 ---p 0000b000 08:05 6718                       /usr/lib/libpangocairo-1.0.so.0.2600.0
7f302edf6000-7f302edf7000 r-xp 0000a000 08:05 6718                       /usr/lib/libpangocairo-1.0.so.0.2600.0
7f302edf7000-7f302edf8000 rwxp 0000b000 08:05 6718                       /usr/lib/libpangocairo-1.0.so.0.2600.0
7f302edf8000-7f302ee9f000 r-xp 00000000 08:05 6293                       /usr/lib/libgdk-x11-2.0.so.0.1800.3
7f302ee9f000-7f302f09e000 ---p 000a7000 08:05 6293                       /usr/lib/libgdk-x11-2.0.so.0.1800.3
7f302f09e000-7f302f0a2000 r-xp 000a6000 08:05 6293                       /usr/lib/libgdk-x11-2.0.so.0.1800.3
7f302f0a2000-7f302f0a4000 rwxp 000aa000 08:05 6293                       /usr/lib/libgdk-x11-2.0.so.0.1800.3
7f302f0a4000-7f302f0bf000 r-xp 00000000 08:05 6295                       /usr/lib/libgdk_pixbuf-2.0.so.0.1800.3
7f302f0bf000-7f302f2be000 ---p 0001b000 08:05 6295                       /usr/lib/libgdk_pixbuf-2.0.so.0.1800.3
7f302f2be000-7f302f2bf000 r-xp 0001a000 08:05 6295                       /usr/lib/libgdk_pixbuf-2.0.so.0.1800.3
7f302f2bf000-7f302f2c0000 rwxp 0001b000 08:05 6295                       /usr/lib/libgdk_pixbuf-2.0.so.0.1800.3
7f302f2c0000-7f302f6bf000 r-xp 00000000 08:05 6474                       /usr/lib/libgtk-x11-2.0.so.0.1800.3
7f302f6bf000-7f302f8be000 ---p 003ff000 08:05 6474                       /usr/lib/libgtk-x11-2.0.so.0.1800.3
7f302f8be000-7f302f8c5000 r-xp 003fe000 08:05 6474                       /usr/lib/libgtk-x11-2.0.so.0.1800.3
7f302f8c5000-7f302f8c9000 rwxp 00405000 08:05 6474                       /usr/lib/libgtk-x11-2.0.so.0.1800.3
7f302f8c9000-7f302f8cb000 rwxp 00000000 00:00 0 
7f302f8cb000-7f302f8cc000 r-xs 00000000 08:05 85399                      /var/cache/fontconfig/48fef66b76e7de9c5c56a6dcc7723c04-x86-64.cache-2
7f302f8cc000-7f302f8d5000 r-xs 00000000 08:05 116776                     /var/cache/fontconfig/945677eb7aeaf62f1d50efc3fb3ec7d8-x86-64.cache-2
7f302f8d5000-7f302f8da000 r-xs 00000000 08:05 116764                     /var/cache/fontconfig/062808c12e6e608270f93bb230aed730-x86-64.cache-2
7f302f8da000-7f302f8de000 r-xs 00000000 08:05 116778                     /var/cache/fontconfig/a755afe4a08bf5b97852ceb7400b47bc-x86-64.cache-2
7f302f8de000-7f302f8e2000 r-xs 00000000 08:05 116773                     /var/cache/fontconfig/6d41288fd70b0be22e8c3a91e032eec0-x86-64.cache-2
7f302f8e2000-7f302f8f2000 r-xs 00000000 08:05 116765                     /var/cache/fontconfig/0f34bcd4b6ee430af32735b75db7f02b-x86-64.cache-2
7f302f8f2000-7f302f920000 r-xs 00000000 08:05 123485                     /var/cache/fontconfig/365b55f210c0a22e9a19e35191240f32-x86-64.cache-2
7f302f921000-7f302f981000 rwxs 00000000 00:09 1474581                    /SYSV00000000 (deleted)
7f302f981000-7f302f982000 r-xs 00000000 08:05 85399                      /var/cache/fontconfig/48fef66b76e7de9c5c56a6dcc7723c04-x86-64.cache-2
7f302f982000-7f302f983000 r-xs 00000000 08:05 85383                      /var/cache/fontconfig/cb7d13eeb0521c8bf38f4717320dc78b-x86-64.cache-2
7f302f983000-7f302f984000 r-xs 00000000 08:05 85360                      /var/cache/fontconfig/26de28bc8622bbc1fb67fd234c21975f-x86-64.cache-2
7f302f984000-7f302f985000 r-xs 00000000 08:05 116779                     /var/cache/fontconfig/c05880de57d1f5e948fdfacc138775d9-x86-64.cache-2
7f302f985000-7f302f98e000 r-xs 00000000 08:05 116776                     /var/cache/fontconfig/945677eb7aeaf62f1d50efc3fb3ec7d8-x86-64.cache-2
7f302f98e000-7f302f990000 r-xs 00000000 08:05 116777                     /var/cache/fontconfig/99e8ed0e538f840c565b6ed5dad60d56-x86-64.cache-2
7f302f990000-7f302f993000 r-xs 00000000 08:05 116787                     /var/cache/fontconfig/f24b2111ab8703b4e963115a8cf14259-x86-64.cache-2
7f302f993000-7f302f996000 r-xs 00000000 08:05 116785                     /var/cache/fontconfig/e383d7ea5fbe662a33d9b44caf393297-x86-64.cache-2
7f302f996000-7f302f99a000 r-xs 00000000 08:05 85334                      /var/cache/fontconfig/6eb3985aa4124903f6ff08ba781cd364-x86-64.cache-2
7f302f99a000-7f302f99b000 r-xs 00000000 08:05 116771                     /var/cache/fontconfig/4c73fe0c47614734b17d736dbde7580a-x86-64.cache-2
7f302f99b000-7f302f9a0000 r-xs 00000000 08:05 116764                     /var/cache/fontconfig/062808c12e6e608270f93bb230aed730-x86-64.cache-2
7f302f9a0000-7f302f9a4000 r-xs 00000000 08:05 116778                     /var/cache/fontconfig/a755afe4a08bf5b97852ceb7400b47bc-x86-64.cache-2
7f302f9a4000-7f302f9a8000 r-xs 00000000 08:05 116773                     /var/cache/fontconfig/6d41288fd70b0be22e8c3a91e032eec0-x86-64.cache-2
7f302f9a8000-7f302f9b8000 r-xs 00000000 08:05 116765                     /var/cache/fontconfig/0f34bcd4b6ee430af32735b75db7f02b-x86-64.cache-2
7f302f9b8000-7f302f9e6000 r-xs 00000000 08:05 123485                     /var/cache/fontconfig/365b55f210c0a22e9a19e35191240f32-x86-64.cache-2
7f302f9e6000-7f302f9eb000 r-xp 00000000 08:05 5964                       /usr/lib/libXfixes.so.3.1.0
7f302f9eb000-7f302fbea000 ---p 00005000 08:05 5964                       /usr/lib/libXfixes.so.3.1.0
7f302fbea000-7f302fbeb000 r-xp 00004000 08:05 5964                       /usr/lib/libXfixes.so.3.1.0
7f302fbeb000-7f302fbec000 rwxp 00005000 08:05 5964                       /usr/lib/libXfixes.so.3.1.0
7f302fbec000-7f302fbf5000 r-xp 00000000 08:05 5984                       /usr/lib/libXrender.so.1.3.0
7f302fbf5000-7f302fdf4000 ---p 00009000 08:05 5984                       /usr/lib/libXrender.so.1.3.0
7f302fdf4000-7f302fdf5000 r-xp 00008000 08:05 5984                       /usr/lib/libXrender.so.1.3.0
7f302fdf5000-7f302fdf6000 rwxp 00009000 08:05 5984                       /usr/lib/libXrender.so.1.3.0
7f302fdf6000-7f302fdff000 r-xp 00000000 08:05 5956                       /usr/lib/libXcursor.so.1.0.2
7f302fdff000-7f302fffe000 ---p 00009000 08:05 5956                       /usr/lib/libXcursor.so.1.0.2
7f302fffe000-7f302ffff000 r-xp 00008000 08:05 5956                       /usr/lib/libXcursor.so.1.0.2
7f302ffff000-7f3030000000 rwxp 00009000 08:05 5956                       /usr/lib/libXcursor.so.1.0.2
7f3030000000-7f3030a72000 rwxp 00000000 00:00 0 
7f3030a72000-7f3034000000 ---p 00000000 00:00 0 
7f3034000000-7f3034001000 r-xs 00000000 08:05 85383                      /var/cache/fontconfig/cb7d13eeb0521c8bf38f4717320dc78b-x86-64.cache-2
7f3034001000-7f3034004000 r-xs 00000000 08:05 116787                     /var/cache/fontconfig/f24b2111ab8703b4e963115a8cf14259-x86-64.cache-2
7f3034008000-7f3034009000 rwxp 00000000 00:00 0 
7f3034009000-7f303400a000 r-xs 00000000 08:05 116769                     /var/cache/fontconfig/4794a0821666d79190d59a36cb4f44b5-x86-64.cache-2
7f303400a000-7f303400c000 r-xs 00000000 08:05 116767                     /var/cache/fontconfig/2c5ba8142dffc8bf0377700342b8ca1a-x86-64.cache-2
7f303400c000-7f3034016000 r-xs 00000000 08:05 116782                     /var/cache/fontconfig/d52a8644073d54c13679302ca1180695-x86-64.cache-2
7f3034016000-7f3034021000 r-xs 00000000 08:05 178283                     /home/jeff/.fontconfig/e13b20fdb08344e0e664864cc2ede53d-x86-64.cache-2
7f3034021000-7f3034023000 r-xs 00000000 08:05 123482                     /var/cache/fontconfig/7ef2298fde41cc6eeb7af42e48b7d293-x86-64.cache-2
7f3034023000-7f3034024000 r-xp 00000000 08:05 9618                       /usr/lib/locale/en_US.utf8/LC_NUMERIC
7f3034024000-7f3034025000 r-xp 00000000 08:05 9696                       /usr/lib/locale/en_US.utf8/LC_TIME
7f3034025000-7f3034112000 r-xp 00000000 08:05 9612                       /usr/lib/locale/en_US.utf8/LC_COLLATE
7f3034112000-7f3034113000 r-xp 00000000 08:05 9690                       /usr/lib/locale/en_US.utf8/LC_MONETARY
7f3034113000-7f3034114000 r-xp 00000000 08:05 9622                       /usr/lib/locale/en_US.utf8/LC_MESSAGES/SYS_LC_MESSAGES
7f3034114000-7f3034115000 r-xp 00000000 08:05 9775                       /usr/lib/locale/en_US.utf8/LC_PAPER
7f3034115000-7f3034116000 r-xp 00000000 08:05 9526                       /usr/lib/locale/en_US.utf8/LC_NAME
7f3034116000-7f3034117000 r-xp 00000000 08:05 9689                       /usr/lib/locale/en_US.utf8/LC_ADDRESS
7f3034117000-7f3034118000 r-xp 00000000 08:05 9694                       /usr/lib/locale/en_US.utf8/LC_TELEPHONE
7f3034118000-7f3034119000 r-xp 00000000 08:05 9914                       /usr/lib/locale/en_US.utf8/LC_MEASUREMENT
7f3034119000-7f303411a000 r-xp 00000000 08:05 9692                       /usr/lib/locale/en_US.utf8/LC_IDENTIFICATION
7f303411a000-7f303411d000 ---p 00000000 00:00 0 
7f303411d000-7f303421b000 rwxp 00000000 00:00 0 
7f303421b000-7f303421e000 ---p 00000000 00:00 0 
7f303421e000-7f303431c000 rwxp 00000000 00:00 0 
7f303431c000-7f303439a000 r-xp 00000000 08:05 176587                     /usr/lib/jvm/java-6-sun-1.6.0.15/jre/lib/amd64/libfontmanager.so
7f303439a000-7f3034499000 ---p 0007e000 08:05 176587                     /usr/lib/jvm/java-6-sun-1.6.0.15/jre/lib/amd64/libfontmanager.so
7f3034499000-7f30344af000 rwxp 0007d000 08:05 176587                     /usr/lib/jvm/java-6-sun-1.6.0.15/jre/lib/amd64/libfontmanager.so
7f30344af000-7f30344c0000 rwxp 00000000 00:00 0 
7f30344c0000-7f30344c5000 r-xp 00000000 08:05 5960                       /usr/lib/libXdmcp.so.6.0.0
7f30344c5000-7f30346c4000 ---p 00005000 08:05 5960                       /usr/lib/libXdmcp.so.6.0.0
7f30346c4000-7f30346c5000 rwxp 00004000 08:05 5960                       /usr/lib/libXdmcp.so.6.0.0
7f30346c5000-7f30346e0000 r-xp 00000000 08:05 6980                       /usr/lib/libxcb.so.1.1.0
7f30346e0000-7f30348df000 ---p 0001b000 08:05 6980                       /usr/lib/libxcb.so.1.1.0
7f30348df000-7f30348e0000 r-xp 0001a000 08:05 6980                       /usr/lib/libxcb.so.1.1.0
7f30348e0000-7f30348e1000 rwxp 0001b000 08:05 6980                       /usr/lib/libxcb.so.1.1.0
7f30348e1000-7f30348e3000 r-xp 00000000 08:05 5949                       /usr/lib/libXau.so.6.0.0
7f30348e3000-7f3034ae2000 ---p 00002000 08:05 5949                       /usr/lib/libXau.so.6.0.0
7f3034ae2000-7f3034ae3000 r-xp 00001000 08:05 5949                       /usr/lib/libXau.so.6.0.0
7f3034ae3000-7f3034ae4000 rwxp 00002000 08:05 5949                       /usr/lib/libXau.so.6.0.0
7f3034ae4000-7f3034aed000 r-xp 00000000 08:05 5970                       /usr/lib/libXi.so.6.0.0
7f3034aed000-7f3034ced000 ---p 00009000 08:05 5970                       /usr/lib/libXi.so.6.0.0
7f3034ced000-7f3034cee000 r-xp 00009000 08:05 5970                       /usr/lib/libXi.so.6.0.0
7f3034cee000-7f3034cef000 rwxp 0000a000 08:05 5970                       /usr/lib/libXi.so.6.0.0
7f3034cef000-7f3034cf4000 r-xp 00000000 08:05 5990                       /usr/lib/libXtst.so.6.1.0
7f3034cf4000-7f3034ef4000 ---p 00005000 08:05 5990                       /usr/lib/libXtst.so.6.1.0
7f3034ef4000-7f3034ef5000 r-xp 00005000 08:05 5990                       /usr/lib/libXtst.so.6.1.0
7f3034ef5000-7f3034ef6000 rwxp 00006000 08:05 5990                       /usr/lib/libXtst.so.6.1.0
7f3034ef6000-7f3035027000 r-xp 00000000 08:05 5943                       /usr/lib/libX11.so.6.2.0
7f3035027000-7f3035227000 ---p 00131000 08:05 5943                       /usr/lib/libX11.so.6.2.0
7f3035227000-7f3035228000 r-xp 00131000 08:05 5943                       /usr/lib/libX11.so.6.2.0
7f3035228000-7f303522c000 rwxp 00132000 08:05 5943                       /usr/lib/libX11.so.6.2.0
7f303522c000-7f303523d000 r-xp 00000000 08:05 5962                       /usr/lib/libXext.so.6.4.0
7f303523d000-7f303543c000 ---p 00011000 08:05 5962                       /usr/lib/libXext.so.6.4.0
7f303543c000-7f303543d000 r-xp 00010000 08:05 5962                       /usr/lib/libXext.so.6.4.0
7f303543d000-7f303543e000 rwxp 00011000 08:05 5962                       /usr/lib/libXext.so.6.4.0
7f303543e000-7f303543f000 r-xs 00000000 08:05 85360                      /var/cache/fontconfig/26de28bc8622bbc1fb67fd234c21975f-x86-64.cache-2
7f303543f000-7f3035440000 r-xs 00000000 08:05 116779                     /var/cache/fontconfig/c05880de57d1f5e948fdfacc138775d9-x86-64.cache-2
7f3035440000-7f3035443000 r-xs 00000000 08:05 116785                     /var/cache/fontconfig/e383d7ea5fbe662a33d9b44caf393297-x86-64.cache-2
7f3035443000-7f3035445000 r-xs 00000000 08:05 116767                     /var/cache/fontconfig/2c5ba8142dffc8bf0377700342b8ca1a-x86-64.cache-2
7f3035445000-7f303544f000 r-xs 00000000 08:05 116782                     /var/cache/fontconfig/d52a8644073d54c13679302ca1180695-x86-64.cache-2
7f303544f000-7f303545a000 r-xs 00000000 08:05 178283                     /home/jeff/.fontconfig/e13b20fdb08344e0e664864cc2ede53d-x86-64.cache-2
7f303545a000-7f303549c000 r-xp 00000000 08:05 176577                     /usr/lib/jvm/java-6-sun-1.6.0.15/jre/lib/amd64/xawt/libmawt.so
7f303549c000-7f303559b000 ---p 00042000 08:05 176577                     /usr/lib/jvm/java-6-sun-1.6.0.15/jre/lib/amd64/xawt/libmawt.so
7f303559b000-7f30355a6000 rwxp 00041000 08:05 176577                     /usr/lib/jvm/java-6-sun-1.6.0.15/jre/lib/amd64/xawt/libmawt.so
7f30355a6000-7f30355a8000 rwxp 00000000 00:00 0 
7f30355a8000-7f303563a000 r-xp 00000000 08:05 176618                     /usr/lib/jvm/java-6-sun-1.6.0.15/jre/lib/amd64/libawt.so
7f303563a000-7f3035739000 ---p 00092000 08:05 176618                     /usr/lib/jvm/java-6-sun-1.6.0.15/jre/lib/amd64/libawt.so
7f3035739000-7f3035752000 rwxp 00091000 08:05 176618                     /usr/lib/jvm/java-6-sun-1.6.0.15/jre/lib/amd64/libawt.so
7f3035752000-7f3035777000 rwxp 00000000 00:00 0 
7f3035777000-7f303577e000 r-xs 0007c000 08:02 169356                     /media/SQ004709V01_/Users/Jeffrey/Documents/Arduino/arduino-0017/lib/pde.jar
7f303577e000-7f303577f000 ---p 00000000 00:00 0 
7f303577f000-7f303587f000 rwxp 00000000 00:00 0 
7f303587f000-7f3035882000 ---p 00000000 00:00 0 
7f3035882000-7f3035980000 rwxp 00000000 00:00 0 
7f3035980000-7f3035983000 ---p 00000000 00:00 0 
7f3035983000-7f3035a81000 rwxp 00000000 00:00 0 
7f3035a81000-7f3035a84000 ---p 00000000 00:00 0 
7f3035a84000-7f3035b82000 rwxp 00000000 00:00 0 
7f3035b82000-7f3035b85000 ---p 00000000 00:00 0 
7f3035b85000-7f3035c83000 rwxp 00000000 00:00 0 
7f3035c83000-7f3035c8a000 r-xs 00000000 08:05 8386                       /usr/lib/gconv/gconv-modules.cache
7f3035c8a000-7f3035cc9000 r-xp 00000000 08:05 9613                       /usr/lib/locale/en_US.utf8/LC_CTYPE
7f3035cc9000-7f3035ccc000 ---p 00000000 00:00 0 
7f3035ccc000-7f3035dca000 rwxp 00000000 00:00 0 
7f3035dca000-7f3035dcd000 ---p 00000000 00:00 0 
7f3035dcd000-7f3035ecb000 rwxp 00000000 00:00 0 
7f3035ecb000-7f3035ecc000 ---p 00000000 00:00 0 
7f3035ecc000-7f3036062000 rwxp 00000000 00:00 0 
7f3036062000-7f30361f8000 r-xs 02fb3000 08:05 176575                     /usr/lib/jvm/java-6-sun-1.6.0.15/jre/lib/rt.jar
7f30361f8000-7f3036220000 rwxp 00000000 00:00 0 
7f3036220000-7f3036221000 ---p 00000000 00:00 0 
7f3036221000-7f3036321000 rwxp 00000000 00:00 0 
7f3036321000-7f3036322000 ---p 00000000 00:00 0 
7f3036322000-7f3036435000 rwxp 00000000 00:00 0 
7f3036435000-7f303644c000 rwxp 00000000 00:00 0 
7f303644c000-7f3036461000 rwxp 00000000 00:00 0 
7f3036461000-7f3036596000 rwxp 00000000 00:00 0 
7f3036596000-7f30365a9000 rwxp 00000000 00:00 0 
7f30365a9000-7f30365c0000 rwxp 00000000 00:00 0 
7f30365c0000-7f30365d5000 rwxp 00000000 00:00 0 
7f30365d5000-7f303670a000 rwxp 00000000 00:00 0 
7f303670a000-7f3036718000 rwxp 00000000 00:00 0 
7f3036718000-7f30367af000 rwxp 00000000 00:00 0 
7f30367af000-7f3038bd0000 rwxp 00000000 00:00 0 
7f3038bd0000-7f303bbb0000 rwxp 00000000 00:00 0 
7f303bbb0000-7f303e4f0000 rwxp 00000000 00:00 0 
7f303e4f0000-7f3064fb0000 rwxp 00000000 00:00 0 
7f3064fb0000-7f3066af0000 rwxp 00000000 00:00 0 
7f3066af0000-7f30799b0000 rwxp 00000000 00:00 0 
7f30799b0000-7f30799b2000 r-xs 00000000 08:05 116777                     /var/cache/fontconfig/99e8ed0e538f840c565b6ed5dad60d56-x86-64.cache-2
7f30799b2000-7f3079c22000 rwxp 00000000 00:00 0 
7f3079c22000-7f307c9b2000 rwxp 00000000 00:00 0 
7f307c9b2000-7f307c9c0000 r-xp 00000000 08:05 176589                     /usr/lib/jvm/java-6-sun-1.6.0.15/jre/lib/amd64/libzip.so
7f307c9c0000-7f307cac2000 ---p 0000e000 08:05 176589                     /usr/lib/jvm/java-6-sun-1.6.0.15/jre/lib/amd64/libzip.so
7f307cac2000-7f307cac5000 rwxp 00010000 08:05 176589                     /usr/lib/jvm/java-6-sun-1.6.0.15/jre/lib/amd64/libzip.so
7f307cac5000-7f307cac6000 rwxp 00000000 00:00 0 
7f307cac6000-7f307cad2000 r-xp 00000000 08:05 1170                       /lib/libnss_files-2.10.1.so
7f307cad2000-7f307ccd1000 ---p 0000c000 08:05 1170                       /lib/libnss_files-2.10.1.so
7f307ccd1000-7f307ccd2000 r-xp 0000b000 08:05 1170                       /lib/libnss_files-2.10.1.so
7f307ccd2000-7f307ccd3000 rwxp 0000c000 08:05 1170                       /lib/libnss_files-2.10.1.so
7f307ccd3000-7f307ccdd000 r-xp 00000000 08:05 1180                       /lib/libnss_nis-2.10.1.so
7f307ccdd000-7f307cedc000 ---p 0000a000 08:05 1180                       /lib/libnss_nis-2.10.1.so
7f307cedc000-7f307cedd000 r-xp 00009000 08:05 1180                       /lib/libnss_nis-2.10.1.so
7f307cedd000-7f307cede000 rwxp 0000a000 08:05 1180                       /lib/libnss_nis-2.10.1.so
7f307cede000-7f307cee5000 r-xp 00000000 08:05 1166                       /lib/libnss_compat-2.10.1.so
7f307cee5000-7f307d0e5000 ---p 00007000 08:05 1166                       /lib/libnss_compat-2.10.1.so
7f307d0e5000-7f307d0e6000 r-xp 00007000 08:05 1166                       /lib/libnss_compat-2.10.1.so
7f307d0e6000-7f307d0e7000 rwxp 00008000 08:05 1166                       /lib/libnss_compat-2.10.1.so
7f307d0e7000-7f307d0ee000 r-xp 00000000 08:05 176590                     /usr/lib/jvm/java-6-sun-1.6.0.15/jre/lib/amd64/native_threads/libhpi.so
7f307d0ee000-7f307d1ef000 ---p 00007000 08:05 176590                     /usr/lib/jvm/java-6-sun-1.6.0.15/jre/lib/amd64/native_threads/libhpi.so
7f307d1ef000-7f307d1f1000 rwxp 00008000 08:05 176590                     /usr/lib/jvm/java-6-sun-1.6.0.15/jre/lib/amd64/native_threads/libhpi.so
7f307d1f1000-7f307d1f2000 rwxp 00000000 00:00 0 
7f307d1f2000-7f307d208000 r-xp 00000000 08:05 1164                       /lib/libnsl-2.10.1.so
7f307d208000-7f307d408000 ---p 00016000 08:05 1164                       /lib/libnsl-2.10.1.so
7f307d408000-7f307d409000 r-xp 00016000 08:05 1164                       /lib/libnsl-2.10.1.so
7f307d409000-7f307d40a000 rwxp 00017000 08:05 1164                       /lib/libnsl-2.10.1.so
7f307d40a000-7f307d40c000 rwxp 00000000 00:00 0 
7f307d40c000-7f307d435000 r-xp 00000000 08:05 176600                     /usr/lib/jvm/java-6-sun-1.6.0.15/jre/lib/amd64/libjava.so
7f307d435000-7f307d534000 ---p 00029000 08:05 176600                     /usr/lib/jvm/java-6-sun-1.6.0.15/jre/lib/amd64/libjava.so
7f307d534000-7f307d53b000 rwxp 00028000 08:05 176600                     /usr/lib/jvm/java-6-sun-1.6.0.15/jre/lib/amd64/libjava.so
7f307d53b000-7f307d548000 r-xp 00000000 08:05 176584                     /usr/lib/jvm/java-6-sun-1.6.0.15/jre/lib/amd64/libverify.so
7f307d548000-7f307d647000 ---p 0000d000 08:05 176584                     /usr/lib/jvm/java-6-sun-1.6.0.15/jre/lib/amd64/libverify.so
7f307d647000-7f307d64a000 rwxp 0000c000 08:05 176584                     /usr/lib/jvm/java-6-sun-1.6.0.15/jre/lib/amd64/libverify.so
7f307d64a000-7f307d651000 r-xp 00000000 08:05 1209                       /lib/librt-2.10.1.so
7f307d651000-7f307d850000 ---p 00007000 08:05 1209                       /lib/librt-2.10.1.so
7f307d850000-7f307d851000 r-xp 00006000 08:05 1209                       /lib/librt-2.10.1.so
7f307d851000-7f307d852000 rwxp 00007000 08:05 1209                       /lib/librt-2.10.1.so
7f307d852000-7f307d855000 ---p 00000000 00:00 0 
7f307d855000-7f307d953000 rwxp 00000000 00:00 0 
7f307d953000-7f307d9d5000 r-xp 00000000 08:05 1157                       /lib/libm-2.10.1.so
7f307d9d5000-7f307dbd5000 ---p 00082000 08:05 1157                       /lib/libm-2.10.1.so
7f307dbd5000-7f307dbd6000 r-xp 00082000 08:05 1157                       /lib/libm-2.10.1.so
7f307dbd6000-7f307dbd7000 rwxp 00083000 08:05 1157                       /lib/libm-2.10.1.so
7f307dbd7000-7f307e335000 r-xp 00000000 08:05 176606                     /usr/lib/jvm/java-6-sun-1.6.0.15/jre/lib/amd64/server/libjvm.so
7f307e335000-7f307e434000 ---p 0075e000 08:05 176606                     /usr/lib/jvm/java-6-sun-1.6.0.15/jre/lib/amd64/server/libjvm.so
7f307e434000-7f307e5ac000 rwxp 0075d000 08:05 176606                     /usr/lib/jvm/java-6-sun-1.6.0.15/jre/lib/amd64/server/libjvm.so
7f307e5ac000-7f307e5ea000 rwxp 00000000 00:00 0 
7f307e5ea000-7f307e750000 r-xp 00000000 08:05 1115                       /lib/libc-2.10.1.so
7f307e750000-7f307e94f000 ---p 00166000 08:05 1115                       /lib/libc-2.10.1.so
7f307e94f000-7f307e953000 r-xp 00165000 08:05 1115                       /lib/libc-2.10.1.so
7f307e953000-7f307e954000 rwxp 00169000 08:05 1115                       /lib/libc-2.10.1.so
7f307e954000-7f307e959000 rwxp 00000000 00:00 0 
7f307e959000-7f307e95b000 r-xp 00000000 08:05 1129                       /lib/libdl-2.10.1.so
7f307e95b000-7f307eb5b000 ---p 00002000 08:05 1129                       /lib/libdl-2.10.1.so
7f307eb5b000-7f307eb5c000 r-xp 00002000 08:05 1129                       /lib/libdl-2.10.1.so
7f307eb5c000-7f307eb5d000 rwxp 00003000 08:05 1129                       /lib/libdl-2.10.1.so
7f307eb5d000-7f307eb74000 r-xp 00000000 08:05 1202                       /lib/libpthread-2.10.1.so
7f307eb74000-7f307ed73000 ---p 00017000 08:05 1202                       /lib/libpthread-2.10.1.so
7f307ed73000-7f307ed74000 r-xp 00016000 08:05 1202                       /lib/libpthread-2.10.1.so
7f307ed74000-7f307ed75000 rwxp 00017000 08:05 1202                       /lib/libpthread-2.10.1.so
7f307ed75000-7f307ed79000 rwxp 00000000 00:00 0 
7f307ed79000-7f307ed98000 r-xp 00000000 08:05 1091                       /lib/ld-2.10.1.so
7f307ed98000-7f307ed9c000 r-xs 00000000 08:05 85334                      /var/cache/fontconfig/6eb3985aa4124903f6ff08ba781cd364-x86-64.cache-2
7f307ed9c000-7f307edab000 r-xs 00184000 08:02 169361                     /media/SQ004709V01_/Users/Jeffrey/Documents/Arduino/arduino-0017/lib/ecj.jar
7f307edab000-7f307edb5000 rwxp 00000000 00:00 0 
7f307edb5000-7f307ee6b000 rwxp 00000000 00:00 0 
7f307ee6b000-7f307ee6d000 rwxp 00000000 00:00 0 
7f307ee6d000-7f307ee74000 r-xp 00000000 08:05 176576                     /usr/lib/jvm/java-6-sun-1.6.0.15/jre/lib/amd64/jli/libjli.so
7f307ee74000-7f307ef75000 ---p 00007000 08:05 176576                     /usr/lib/jvm/java-6-sun-1.6.0.15/jre/lib/amd64/jli/libjli.so
7f307ef75000-7f307ef77000 rwxp 00008000 08:05 176576                     /usr/lib/jvm/java-6-sun-1.6.0.15/jre/lib/amd64/jli/libjli.so
7f307ef77000-7f307ef78000 rwxp 00000000 00:00 0 
7f307ef78000-7f307ef79000 r-xs 00000000 08:05 116771                     /var/cache/fontconfig/4c73fe0c47614734b17d736dbde7580a-x86-64.cache-2
7f307ef79000-7f307ef7a000 r-xs 00000000 08:05 116769                     /var/cache/fontconfig/4794a0821666d79190d59a36cb4f44b5-x86-64.cache-2
7f307ef7a000-7f307ef7c000 r-xs 00000000 08:05 123482                     /var/cache/fontconfig/7ef2298fde41cc6eeb7af42e48b7d293-x86-64.cache-2
7f307ef7c000-7f307ef7d000 r-xs 00006000 08:02 169377                     /media/SQ004709V01_/Users/Jeffrey/Documents/Arduino/arduino-0017/lib/oro.jar
7f307ef7d000-7f307ef80000 r-xs 00096000 08:02 169375                     /media/SQ004709V01_/Users/Jeffrey/Documents/Arduino/arduino-0017/lib/jna.jar
7f307ef80000-7f307ef83000 r-xs 00036000 08:02 169357                     /media/SQ004709V01_/Users/Jeffrey/Documents/Arduino/arduino-0017/lib/core.jar
7f307ef83000-7f307ef88000 r-xs 00068000 08:02 169359                     /media/SQ004709V01_/Users/Jeffrey/Documents/Arduino/arduino-0017/lib/antlr.jar
7f307ef88000-7f307ef8a000 r-xs 0000d000 08:02 169358                     /media/SQ004709V01_/Users/Jeffrey/Documents/Arduino/arduino-0017/lib/RXTXcomm.jar
7f307ef8a000-7f307ef92000 rwxs 00000000 08:05 175934                     /tmp/hsperfdata_jeff/2987
7f307ef92000-7f307ef93000 rwxp 00000000 00:00 0 
7f307ef93000-7f307ef94000 r-xp 00000000 00:00 0 
7f307ef94000-7f307ef97000 rwxp 00000000 00:00 0 
7f307ef97000-7f307ef98000 r-xp 0001e000 08:05 1091                       /lib/ld-2.10.1.so
7f307ef98000-7f307ef99000 rwxp 0001f000 08:05 1091                       /lib/ld-2.10.1.so
7ffffbee8000-7ffffbefd000 rwxp 00000000 00:00 0                          [stack]
7ffffbfff000-7ffffc000000 r-xp 00000000 00:00 0                          [vdso]
ffffffffff600000-ffffffffff601000 r-xp 00000000 00:00 0                  [vsyscall]

VM Arguments:
jvm_args: -Dswing.defaultlaf=com.sun.java.swing.plaf.gtk.GTKLookAndFeel 
java_command: processing.app.Base
Launcher Type: SUN_STANDARD

Environment Variables:
CLASSPATH=:/home/jeff/Documents/Arduino/arduino-0017/java/lib/rt.jar:/home/jeff/Documents/Arduino/arduino-0017/java/lib/tools.jar:/home/jeff/Documents/Arduino/arduino-0017/lib/RXTXcomm.jar:/home/jeff/Documents/Arduino/arduino-0017/lib/antlr.jar:/home/jeff/Documents/Arduino/arduino-0017/lib/core.jar:/home/jeff/Documents/Arduino/arduino-0017/lib/ecj.jar:/home/jeff/Documents/Arduino/arduino-0017/lib/jna.jar:/home/jeff/Documents/Arduino/arduino-0017/lib/oro.jar:/home/jeff/Documents/Arduino/arduino-0017/lib/pde.jar
PATH=/home/jeff/Documents/Arduino/arduino-0017/java/bin:/usr/local/sbin:/usr/local/bin:/usr/sbin:/usr/bin:/sbin:/bin:/usr/games
USERNAME=jeff
LD_LIBRARY_PATH=/usr/lib/jvm/java-6-sun-1.6.0.15/jre/lib/amd64/server:/usr/lib/jvm/java-6-sun-1.6.0.15/jre/lib/amd64:/usr/lib/jvm/java-6-sun-1.6.0.15/jre/../lib/amd64:/media/SQ004709V01_/Users/Jeffrey/Documents/Arduino/arduino-0017/lib:
SHELL=/bin/bash
DISPLAY=:0.0

Signal Handlers:
SIGSEGV: [libjvm.so+0x6bdd00], sa_mask[0]=0x7ffbfeff, sa_flags=0x10000004
SIGBUS: [libjvm.so+0x6bdd00], sa_mask[0]=0x7ffbfeff, sa_flags=0x10000004
SIGFPE: [libjvm.so+0x594ed0], sa_mask[0]=0x7ffbfeff, sa_flags=0x10000004
SIGPIPE: SIG_IGN, sa_mask[0]=0x00001000, sa_flags=0x10000000
SIGXFSZ: [libjvm.so+0x594ed0], sa_mask[0]=0x7ffbfeff, sa_flags=0x10000004
SIGILL: [libjvm.so+0x594ed0], sa_mask[0]=0x7ffbfeff, sa_flags=0x10000004
SIGUSR1: SIG_DFL, sa_mask[0]=0x00000000, sa_flags=0x00000000
SIGUSR2: [libjvm.so+0x597690], sa_mask[0]=0x00000000, sa_flags=0x10000004
SIGHUP: [libjvm.so+0x5973e0], sa_mask[0]=0x7ffbfeff, sa_flags=0x10000004
SIGINT: [libjvm.so+0x5973e0], sa_mask[0]=0x7ffbfeff, sa_flags=0x10000004
SIGTERM: [libjvm.so+0x5973e0], sa_mask[0]=0x7ffbfeff, sa_flags=0x10000004
SIGQUIT: [libjvm.so+0x5973e0], sa_mask[0]=0x7ffbfeff, sa_flags=0x10000004


---------------  S Y S T E M  ---------------

OS:squeeze/sid

uname:Linux 2.6.31-14-generic #48-Ubuntu SMP Fri Oct 16 14:05:01 UTC 2009 x86_64
libc:glibc 2.10.1 NPTL 2.10.1 
rlimit: STACK 8192k, CORE 0k, NPROC infinity, NOFILE 1024, AS infinity
load average:0.00 0.12 0.21

CPU:total 2 (2 cores per cpu, 1 threads per core) family 6 model 15 stepping 13, cmov, cx8, fxsr, mmx, sse, sse2, sse3, ssse3

Memory: 4k page, physical 4050740k(2419696k free), swap 843372k(843372k free)

vm_info: Java HotSpot(TM) 64-Bit Server VM (14.1-b02) for linux-amd64 JRE (1.6.0_15-b03), built on Jul  2 2009 15:26:16 by "java_re" with gcc 3.2.2 (SuSE Linux)

time: Sun Nov 15 00:13:38 2009
elapsed time: 11145 seconds

