#
# A fatal error has been detected by the Java Runtime Environment:
#
#  SIGSEGV (0xb) at pc=0x00007f857bfad333, pid=4043, tid=140211287378192
#
# JRE version: 6.0_15-b03
# Java VM: Java HotSpot(TM) 64-Bit Server VM (14.1-b02 mixed mode linux-amd64 )
# Problematic frame:
# C  [librxtxSerial-2.1-7.so+0x8333]  read_byte_array+0x43
#
# If you would like to submit a bug report, please visit:
#   http://java.sun.com/webapps/bugreport/crash.jsp
# The crash happened outside the Java Virtual Machine in native code.
# See problematic frame for where to report the bug.
#

---------------  T H R E A D  ---------------

Current thread (0x00007f8584056800):  JavaThread "Thread-57" [_thread_in_native, id=4194, stack(0x00007f857bea4000,0x00007f857bfa5000)]

siginfo:si_signo=SIGSEGV: si_errno=0, si_code=1 (SEGV_MAPERR), si_addr=0x000000007bfa38d8

Registers:
RAX=0x000000007bfa38d0, RBX=0x0000000000000010, RCX=0x0000000000000001, RDX=0x00007f85d2062000
RSP=0x00007f857bfa2fc0, RBP=0x00000000ffffffff, RSI=0x00007f857bfaf980, RDI=0x00007f857bfaf88a
R8 =0x0000000000000ffc, R9 =0x00007f85d156d748, R10=0x00007f85d1571458, R11=0x00007f85d1565700
R12=0x00007f8584056800, R13=0x00007f858a6923a0, R14=0x00007f857bfa31a0, R15=0x00007f8584056800
RIP=0x00007f857bfad333, EFL=0x0000000000010206, CSGSFS=0x0000000000000033, ERR=0x0000000000000004
  TRAPNO=0x000000000000000e

Top of Stack: (sp=0x00007f857bfa2fc0)
0x00007f857bfa2fc0:   00007f8584056800 00007f858a699c20
0x00007f857bfa2fd0:   00007f8584056800 00007f857bfafdc3
0x00007f857bfa2fe0:   00007f857bfaf982 0000000041a59308
0x00007f857bfa2ff0:   00000001ffffffff 00007f857bfa3117
0x00007f857bfa3000:   000000107bfa3050 00000000417b3998
0x00007f857bfa3010:   00000000417b3990 00000000417b3988
0x00007f857bfa3020:   000000b400000002 000000007bfa38d0
0x00007f857bfa3030:   0000000000000040 00007f850000008c
0x00007f857bfa3040:   00000000417b39a0 00007f85d155bcb0
0x00007f857bfa3050:   00007f8584056800 0000000000000000
0x00007f857bfa3060:   00007f8584056800 0000000000000000
0x00007f857bfa3070:   00007f8584056800 00007f85d121a50a
0x00007f857bfa3080:   00007f8584056800 000000b6d0f644a1
0x00007f857bfa3090:   00007f8584056800 00007f857bfaf982
0x00007f857bfa30a0:   00007f8584056800 00007f857bfa31a0
0x00007f857bfa30b0:   00000000ffffffff 0000000041a59308
0x00007f857bfa30c0:   00007f85840569b8 0000000000000010
0x00007f857bfa30d0:   00007f85840569b8 00007f8584056800
0x00007f857bfa30e0:   00007f858a6923a0 00007f857bfa31a0
0x00007f857bfa30f0:   00007f8584056800 00007f857bfad908
0x00007f857bfa3100:   00007f857bfa31a0 00007f8584056800
0x00007f857bfa3110:   00007f857bfa3180 00007f858a6923a8
0x00007f857bfa3120:   00007f857bfa3180 00007f85cca92f50
0x00007f857bfa3130:   00007f8584056800 00007f85cca9d3a3
0x00007f857bfa3140:   00007f857bfa3140 00007f858a6923a0
0x00007f857bfa3150:   00007f857bfa31a0 00007f858a9cb5f8
0x00007f857bfa3160:   0000000000000000 00007f858a6923a8
0x00007f857bfa3170:   0000000000000000 00007f857bfa31a0
0x00007f857bfa3180:   00007f857bfa31f8 00007f85cca8790e
0x00007f857bfa3190:   0000000000000000 00007f85cca8fa56
0x00007f857bfa31a0:   00007f85b8e501a0 0000000041816598
0x00007f857bfa31b0:   00007f85b8e50270 00007f857bfa31a8 

Instructions: (pc=0x00007f857bfad333)
0x00007f857bfad323:   24 30 e8 46 cc ff ff 8b 6c 24 30 48 89 44 24 68
0x00007f857bfad333:   8b 40 08 48 8b 54 24 68 48 c7 44 24 58 00 00 00 

Stack: [0x00007f857bea4000,0x00007f857bfa5000],  sp=0x00007f857bfa2fc0,  free space=1019k
Native frames: (J=compiled Java code, j=interpreted, Vv=VM code, C=native code)
C  [librxtxSerial-2.1-7.so+0x8333]  read_byte_array+0x43

Java frames: (J=compiled Java code, j=interpreted, Vv=VM code)
j  gnu.io.RXTXPort.readByte()I+0
j  gnu.io.RXTXPort$SerialInputStream.read()I+61
j  processing.app.Serial.serialEvent(Lgnu/io/SerialPortEvent;)V+114
j  gnu.io.RXTXPort.sendEvent(IZ)Z+382
v  ~StubRoutines::call_stub
j  gnu.io.RXTXPort.eventLoop()V+0
j  gnu.io.RXTXPort$MonitorThread.run()V+12
v  ~StubRoutines::call_stub

---------------  P R O C E S S  ---------------

Java Threads: ( => current thread )
=>0x00007f8584056800 JavaThread "Thread-57" [_thread_in_native, id=4194, stack(0x00007f857bea4000,0x00007f857bfa5000)]
  0x00007f8584157000 JavaThread "DestroyJavaVM" [_thread_blocked, id=4044, stack(0x00007f85d0922000,0x00007f85d0a23000)]
  0x00007f8584427800 JavaThread "TimerQueue" daemon [_thread_blocked, id=4060, stack(0x00007f857bda3000,0x00007f857bea4000)]
  0x00007f858436c800 JavaThread "AWT-EventQueue-0" [_thread_blocked, id=4058, stack(0x00007f857c1b4000,0x00007f857c2b5000)]
  0x00007f858436b800 JavaThread "AWT-Shutdown" [_thread_blocked, id=4057, stack(0x00007f857c2b5000,0x00007f857c3b6000)]
  0x00000000418ab800 JavaThread "AWT-XAWT" daemon [_thread_in_native, id=4056, stack(0x00007f8582adb000,0x00007f8582bdc000)]
  0x00007f858407b800 JavaThread "Java2D Disposer" daemon [_thread_blocked, id=4055, stack(0x00007f85831f6000,0x00007f85832f7000)]
  0x00000000416e6000 JavaThread "Low Memory Detector" daemon [_thread_blocked, id=4053, stack(0x00007f8588956000,0x00007f8588a57000)]
  0x00000000416e3000 JavaThread "CompilerThread1" daemon [_thread_blocked, id=4052, stack(0x00007f8588a57000,0x00007f8588b58000)]
  0x00000000416e0800 JavaThread "CompilerThread0" daemon [_thread_blocked, id=4051, stack(0x00007f8588b58000,0x00007f8588c59000)]
  0x00000000416de800 JavaThread "Signal Dispatcher" daemon [_thread_blocked, id=4050, stack(0x00007f8588c59000,0x00007f8588d5a000)]
  0x00000000416c0000 JavaThread "Finalizer" daemon [_thread_blocked, id=4049, stack(0x00007f8588d99000,0x00007f8588e9a000)]
  0x00000000416b9000 JavaThread "Reference Handler" daemon [_thread_blocked, id=4048, stack(0x00007f8588e9a000,0x00007f8588f9b000)]

Other Threads:
  0x00000000416b2000 VMThread [stack: 0x00007f8588f9b000,0x00007f858909c000] [id=4047]
  0x00000000416e8800 WatcherThread [stack: 0x00007f8588855000,0x00007f8588956000] [id=4054]

VM state:not at safepoint (normal execution)

VM Mutex/Monitor currently owned by a thread: None

Heap
 PSYoungGen      total 18432K, used 15555K [0x00007f85b8080000, 0x00007f85b9510000, 0x00007f85cca80000)
  eden space 15808K, 98% used [0x00007f85b8080000,0x00007f85b8fb0f48,0x00007f85b8ff0000)
  from space 2624K, 0% used [0x00007f85b9280000,0x00007f85b9280000,0x00007f85b9510000)
  to   space 2624K, 0% used [0x00007f85b8ff0000,0x00007f85b8ff0000,0x00007f85b9280000)
 PSOldGen        total 42240K, used 8154K [0x00007f858ec80000, 0x00007f85915c0000, 0x00007f85b8080000)
  object space 42240K, 19% used [0x00007f858ec80000,0x00007f858f4768c8,0x00007f85915c0000)
 PSPermGen       total 34752K, used 17767K [0x00007f8589880000, 0x00007f858ba70000, 0x00007f858ec80000)
  object space 34752K, 51% used [0x00007f8589880000,0x00007f858a9d9f30,0x00007f858ba70000)

Dynamic libraries:
40000000-40009000 r-xp 00000000 08:05 176505                             /usr/lib/jvm/java-6-sun-1.6.0.15/jre/bin/java
40108000-4010a000 rwxp 00008000 08:05 176505                             /usr/lib/jvm/java-6-sun-1.6.0.15/jre/bin/java
41651000-41cd8000 rwxp 00000000 00:00 0                                  [heap]
7f857abe6000-7f857ac78000 rwxs 00000000 00:09 17629201                   /SYSV00000000 (deleted)
7f857ac78000-7f857ac7b000 rwxp 00000000 00:00 0 
7f857ac7b000-7f857ad79000 rwxp 00000000 00:00 0 
7f857ad79000-7f857ad7c000 rwxp 00000000 00:00 0 
7f857ad7c000-7f857ae7a000 rwxp 00000000 00:00 0 
7f857ae7a000-7f857ae7f000 r-xp 00000000 08:05 1168                       /lib/libnss_dns-2.10.1.so
7f857ae7f000-7f857b07e000 ---p 00005000 08:05 1168                       /lib/libnss_dns-2.10.1.so
7f857b07e000-7f857b07f000 r-xp 00004000 08:05 1168                       /lib/libnss_dns-2.10.1.so
7f857b07f000-7f857b080000 rwxp 00005000 08:05 1168                       /lib/libnss_dns-2.10.1.so
7f857b080000-7f857b082000 r-xp 00000000 08:05 1176                       /lib/libnss_mdns4_minimal.so.2
7f857b082000-7f857b281000 ---p 00002000 08:05 1176                       /lib/libnss_mdns4_minimal.so.2
7f857b281000-7f857b282000 r-xp 00001000 08:05 1176                       /lib/libnss_mdns4_minimal.so.2
7f857b282000-7f857b283000 rwxp 00002000 08:05 1176                       /lib/libnss_mdns4_minimal.so.2
7f857b283000-7f857b296000 r-xp 00000000 08:05 8826                       /usr/lib/gio/modules/libgioremote-volume-monitor.so
7f857b296000-7f857b495000 ---p 00013000 08:05 8826                       /usr/lib/gio/modules/libgioremote-volume-monitor.so
7f857b495000-7f857b496000 r-xp 00012000 08:05 8826                       /usr/lib/gio/modules/libgioremote-volume-monitor.so
7f857b496000-7f857b497000 rwxp 00013000 08:05 8826                       /usr/lib/gio/modules/libgioremote-volume-monitor.so
7f857b497000-7f857b4a2000 r-xp 00000000 08:05 125792                     /lib/libudev.so.0.5.0
7f857b4a2000-7f857b6a2000 ---p 0000b000 08:05 125792                     /lib/libudev.so.0.5.0
7f857b6a2000-7f857b6a3000 r-xp 0000b000 08:05 125792                     /lib/libudev.so.0.5.0
7f857b6a3000-7f857b6a4000 rwxp 0000c000 08:05 125792                     /lib/libudev.so.0.5.0
7f857b6a4000-7f857b6bb000 r-xp 00000000 08:05 6521                       /usr/lib/libgvfscommon.so.0.0.0
7f857b6bb000-7f857b8ba000 ---p 00017000 08:05 6521                       /usr/lib/libgvfscommon.so.0.0.0
7f857b8ba000-7f857b8bb000 r-xp 00016000 08:05 6521                       /usr/lib/libgvfscommon.so.0.0.0
7f857b8bb000-7f857b8bc000 rwxp 00017000 08:05 6521                       /usr/lib/libgvfscommon.so.0.0.0
7f857b8bc000-7f857b8e5000 r-xp 00000000 08:05 8827                       /usr/lib/gio/modules/libgvfsdbus.so
7f857b8e5000-7f857bae4000 ---p 00029000 08:05 8827                       /usr/lib/gio/modules/libgvfsdbus.so
7f857bae4000-7f857bae5000 r-xp 00028000 08:05 8827                       /usr/lib/gio/modules/libgvfsdbus.so
7f857bae5000-7f857bae6000 rwxp 00029000 08:05 8827                       /usr/lib/gio/modules/libgvfsdbus.so
7f857bc42000-7f857bca2000 rwxs 00000000 00:09 17563663                   /SYSV00000000 (deleted)
7f857bca2000-7f857bca5000 rwxp 00000000 00:00 0 
7f857bca5000-7f857bda3000 rwxp 00000000 00:00 0 
7f857bda3000-7f857bda6000 ---p 00000000 00:00 0 
7f857bda6000-7f857bea4000 rwxp 00000000 00:00 0 
7f857bea4000-7f857bea7000 ---p 00000000 00:00 0 
7f857bea7000-7f857bfa5000 rwxp 00000000 00:00 0 
7f857bfa5000-7f857bfb3000 r-xp 00000000 08:05 9368                       /usr/lib/librxtxSerial-2.1-7.so
7f857bfb3000-7f857c1b2000 ---p 0000e000 08:05 9368                       /usr/lib/librxtxSerial-2.1-7.so
7f857c1b2000-7f857c1b3000 r-xp 0000d000 08:05 9368                       /usr/lib/librxtxSerial-2.1-7.so
7f857c1b3000-7f857c1b4000 rwxp 0000e000 08:05 9368                       /usr/lib/librxtxSerial-2.1-7.so
7f857c1b4000-7f857c1b7000 ---p 00000000 00:00 0 
7f857c1b7000-7f857c2b5000 rwxp 00000000 00:00 0 
7f857c2b5000-7f857c2b8000 ---p 00000000 00:00 0 
7f857c2b8000-7f857c3b6000 rwxp 00000000 00:00 0 
7f857c3b6000-7f857c3f3000 r-xp 00000000 08:05 1127                       /lib/libdbus-1.so.3.4.0
7f857c3f3000-7f857c5f3000 ---p 0003d000 08:05 1127                       /lib/libdbus-1.so.3.4.0
7f857c5f3000-7f857c5f4000 r-xp 0003d000 08:05 1127                       /lib/libdbus-1.so.3.4.0
7f857c5f4000-7f857c5f5000 rwxp 0003e000 08:05 1127                       /lib/libdbus-1.so.3.4.0
7f857c5f5000-7f857c632000 r-xp 00000000 08:05 6220                       /usr/lib/libibus.so.1.0.0
7f857c632000-7f857c831000 ---p 0003d000 08:05 6220                       /usr/lib/libibus.so.1.0.0
7f857c831000-7f857c833000 r-xp 0003c000 08:05 6220                       /usr/lib/libibus.so.1.0.0
7f857c833000-7f857c834000 rwxp 0003e000 08:05 6220                       /usr/lib/libibus.so.1.0.0
7f857c834000-7f857c835000 rwxp 00000000 00:00 0 
7f857c851000-7f857c856000 r-xp 00000000 08:05 27614                      /usr/lib/gtk-2.0/2.10.0/immodules/im-ibus.so
7f857c856000-7f857ca56000 ---p 00005000 08:05 27614                      /usr/lib/gtk-2.0/2.10.0/immodules/im-ibus.so
7f857ca56000-7f857ca57000 r-xp 00005000 08:05 27614                      /usr/lib/gtk-2.0/2.10.0/immodules/im-ibus.so
7f857ca57000-7f857ca58000 rwxp 00006000 08:05 27614                      /usr/lib/gtk-2.0/2.10.0/immodules/im-ibus.so
7f857ca58000-7f857caf0000 r-xp 00000000 08:05 40218                      /usr/share/fonts/truetype/ttf-dejavu/DejaVuSans.ttf
7f857caf0000-7f857caf2000 r-xp 00000000 08:05 13548                      /usr/lib/pango/1.6.0/modules/pango-basic-fc.so
7f857caf2000-7f857ccf1000 ---p 00002000 08:05 13548                      /usr/lib/pango/1.6.0/modules/pango-basic-fc.so
7f857ccf1000-7f857ccf2000 r-xp 00001000 08:05 13548                      /usr/lib/pango/1.6.0/modules/pango-basic-fc.so
7f857ccf2000-7f857ccf3000 rwxp 00002000 08:05 13548                      /usr/lib/pango/1.6.0/modules/pango-basic-fc.so
7f857ccf3000-7f857ccfa000 r-xp 00000000 08:05 176580                     /usr/lib/jvm/java-6-sun-1.6.0.15/jre/lib/amd64/libnio.so
7f857ccfa000-7f857cdf9000 ---p 00007000 08:05 176580                     /usr/lib/jvm/java-6-sun-1.6.0.15/jre/lib/amd64/libnio.so
7f857cdf9000-7f857cdfb000 rwxp 00006000 08:05 176580                     /usr/lib/jvm/java-6-sun-1.6.0.15/jre/lib/amd64/libnio.so
7f857cdfb000-7f857ce0e000 r-xp 00000000 08:05 176579                     /usr/lib/jvm/java-6-sun-1.6.0.15/jre/lib/amd64/libnet.so
7f857ce0e000-7f857cf0f000 ---p 00013000 08:05 176579                     /usr/lib/jvm/java-6-sun-1.6.0.15/jre/lib/amd64/libnet.so
7f857cf0f000-7f857cf12000 rwxp 00014000 08:05 176579                     /usr/lib/jvm/java-6-sun-1.6.0.15/jre/lib/amd64/libnet.so
7f857cf12000-7f857cf35000 r-xp 00000000 08:05 4011                       /usr/lib/gtk-2.0/2.10.0/engines/libmurrine.so
7f857cf35000-7f857d134000 ---p 00023000 08:05 4011                       /usr/lib/gtk-2.0/2.10.0/engines/libmurrine.so
7f857d134000-7f857d135000 r-xp 00022000 08:05 4011                       /usr/lib/gtk-2.0/2.10.0/engines/libmurrine.so
7f857d135000-7f857d136000 rwxp 00023000 08:05 4011                       /usr/lib/gtk-2.0/2.10.0/engines/libmurrine.so
7f857d136000-7f857d13e000 r-xp 00000000 08:05 6612                       /usr/lib/libltdl.so.7.2.0
7f857d13e000-7f857d33e000 ---p 00008000 08:05 6612                       /usr/lib/libltdl.so.7.2.0
7f857d33e000-7f857d33f000 r-xp 00008000 08:05 6612                       /usr/lib/libltdl.so.7.2.0
7f857d33f000-7f857d340000 rwxp 00009000 08:05 6612                       /usr/lib/libltdl.so.7.2.0
7f857d340000-7f857d34d000 r-xp 00000000 08:05 6893                       /usr/lib/libtdb.so.1.1.5
7f857d34d000-7f857d54c000 ---p 0000d000 08:05 6893                       /usr/lib/libtdb.so.1.1.5
7f857d54c000-7f857d54d000 r-xp 0000c000 08:05 6893                       /usr/lib/libtdb.so.1.1.5
7f857d54d000-7f857d54e000 rwxp 0000d000 08:05 6893                       /usr/lib/libtdb.so.1.1.5
7f857d54e000-7f857d553000 r-xp 00000000 08:05 6699                       /usr/lib/libogg.so.0.6.0
7f857d553000-7f857d752000 ---p 00005000 08:05 6699                       /usr/lib/libogg.so.0.6.0
7f857d752000-7f857d753000 r-xp 00004000 08:05 6699                       /usr/lib/libogg.so.0.6.0
7f857d753000-7f857d754000 rwxp 00005000 08:05 6699                       /usr/lib/libogg.so.0.6.0
7f857d754000-7f857d773000 r-xp 00000000 08:05 6939                       /usr/lib/libvorbis.so.0.4.0
7f857d773000-7f857d972000 ---p 0001f000 08:05 6939                       /usr/lib/libvorbis.so.0.4.0
7f857d972000-7f857d973000 r-xp 0001e000 08:05 6939                       /usr/lib/libvorbis.so.0.4.0
7f857d973000-7f857d981000 rwxp 0001f000 08:05 6939                       /usr/lib/libvorbis.so.0.4.0
7f857d981000-7f857d988000 r-xp 00000000 08:05 6943                       /usr/lib/libvorbisfile.so.3.2.0
7f857d988000-7f857db87000 ---p 00007000 08:05 6943                       /usr/lib/libvorbisfile.so.3.2.0
7f857db87000-7f857db88000 r-xp 00006000 08:05 6943                       /usr/lib/libvorbisfile.so.3.2.0
7f857db88000-7f857db89000 rwxp 00007000 08:05 6943                       /usr/lib/libvorbisfile.so.3.2.0
7f857db89000-7f857db98000 r-xp 00000000 08:05 6092                       /usr/lib/libcanberra.so.0.1.7
7f857db98000-7f857dd97000 ---p 0000f000 08:05 6092                       /usr/lib/libcanberra.so.0.1.7
7f857dd97000-7f857dd98000 r-xp 0000e000 08:05 6092                       /usr/lib/libcanberra.so.0.1.7
7f857dd98000-7f857dd99000 rwxp 0000f000 08:05 6092                       /usr/lib/libcanberra.so.0.1.7
7f857dd99000-7f857dd9c000 r-xp 00000000 08:05 6090                       /usr/lib/libcanberra-gtk.so.0.1.1
7f857dd9c000-7f857df9c000 ---p 00003000 08:05 6090                       /usr/lib/libcanberra-gtk.so.0.1.1
7f857df9c000-7f857df9d000 r-xp 00003000 08:05 6090                       /usr/lib/libcanberra-gtk.so.0.1.1
7f857df9d000-7f857df9e000 rwxp 00004000 08:05 6090                       /usr/lib/libcanberra-gtk.so.0.1.1
7f857df9e000-7f857dfa3000 r-xp 00000000 08:05 9149                       /usr/lib/gtk-2.0/modules/libcanberra-gtk-module.so
7f857dfa3000-7f857e1a2000 ---p 00005000 08:05 9149                       /usr/lib/gtk-2.0/modules/libcanberra-gtk-module.so
7f857e1a2000-7f857e1a3000 r-xp 00004000 08:05 9149                       /usr/lib/gtk-2.0/modules/libcanberra-gtk-module.so
7f857e1a3000-7f857e1a4000 rwxp 00005000 08:05 9149                       /usr/lib/gtk-2.0/modules/libcanberra-gtk-module.so
7f857e1a4000-7f857e291000 r-xp 00000000 08:05 9612                       /usr/lib/locale/en_US.utf8/LC_COLLATE
7f857e291000-7f857e295000 r-xp 00000000 08:05 6470                       /usr/lib/libgthread-2.0.so.0.2200.2
7f857e295000-7f857e494000 ---p 00004000 08:05 6470                       /usr/lib/libgthread-2.0.so.0.2200.2
7f857e494000-7f857e495000 r-xp 00003000 08:05 6470                       /usr/lib/libgthread-2.0.so.0.2200.2
7f857e495000-7f857e496000 rwxp 00004000 08:05 6470                       /usr/lib/libgthread-2.0.so.0.2200.2
7f857e496000-7f857e4bc000 r-xp 00000000 08:05 1134                       /lib/libexpat.so.1.5.2
7f857e4bc000-7f857e6bc000 ---p 00026000 08:05 1134                       /lib/libexpat.so.1.5.2
7f857e6bc000-7f857e6be000 r-xp 00026000 08:05 1134                       /lib/libexpat.so.1.5.2
7f857e6be000-7f857e6bf000 rwxp 00028000 08:05 1134                       /lib/libexpat.so.1.5.2
7f857e6bf000-7f857e6db000 r-xp 00000000 08:05 1211                       /lib/libselinux.so.1
7f857e6db000-7f857e8da000 ---p 0001c000 08:05 1211                       /lib/libselinux.so.1
7f857e8da000-7f857e8db000 r-xp 0001b000 08:05 1211                       /lib/libselinux.so.1
7f857e8db000-7f857e8dc000 rwxp 0001c000 08:05 1211                       /lib/libselinux.so.1
7f857e8dc000-7f857e8dd000 rwxp 00000000 00:00 0 
7f857e8dd000-7f857e8f3000 r-xp 00000000 08:05 1207                       /lib/libresolv-2.10.1.so
7f857e8f3000-7f857eaf2000 ---p 00016000 08:05 1207                       /lib/libresolv-2.10.1.so
7f857eaf2000-7f857eaf3000 r-xp 00015000 08:05 1207                       /lib/libresolv-2.10.1.so
7f857eaf3000-7f857eaf4000 rwxp 00016000 08:05 1207                       /lib/libresolv-2.10.1.so
7f857eaf4000-7f857eaf6000 rwxp 00000000 00:00 0 
7f857eaf6000-7f857eb23000 r-xp 00000000 08:05 1196                       /lib/libpcre.so.3.12.1
7f857eb23000-7f857ed22000 ---p 0002d000 08:05 1196                       /lib/libpcre.so.3.12.1
7f857ed22000-7f857ed23000 r-xp 0002c000 08:05 1196                       /lib/libpcre.so.3.12.1
7f857ed23000-7f857ed24000 rwxp 0002d000 08:05 1196                       /lib/libpcre.so.3.12.1
7f857ed24000-7f857ed2b000 r-xp 00000000 08:05 6978                       /usr/lib/libxcb-render.so.0.0.0
7f857ed2b000-7f857ef2b000 ---p 00007000 08:05 6978                       /usr/lib/libxcb-render.so.0.0.0
7f857ef2b000-7f857ef2c000 r-xp 00007000 08:05 6978                       /usr/lib/libxcb-render.so.0.0.0
7f857ef2c000-7f857ef2d000 rwxp 00008000 08:05 6978                       /usr/lib/libxcb-render.so.0.0.0
7f857ef2d000-7f857ef30000 r-xp 00000000 08:05 6976                       /usr/lib/libxcb-render-util.so.0.0.0
7f857ef30000-7f857f12f000 ---p 00003000 08:05 6976                       /usr/lib/libxcb-render-util.so.0.0.0
7f857f12f000-7f857f130000 r-xp 00002000 08:05 6976                       /usr/lib/libxcb-render-util.so.0.0.0
7f857f130000-7f857f131000 rwxp 00003000 08:05 6976                       /usr/lib/libxcb-render-util.so.0.0.0
7f857f131000-7f857f156000 r-xp 00000000 08:05 6752                       /usr/lib/libpng12.so.0.37.0
7f857f156000-7f857f356000 ---p 00025000 08:05 6752                       /usr/lib/libpng12.so.0.37.0
7f857f356000-7f857f357000 r-xp 00025000 08:05 6752                       /usr/lib/libpng12.so.0.37.0
7f857f357000-7f857f358000 rwxp 00026000 08:05 6752                       /usr/lib/libpng12.so.0.37.0
7f857f358000-7f857f371000 r-xp 00000000 08:05 6172                       /usr/lib/libdirect-1.2.so.0.7.0
7f857f371000-7f857f570000 ---p 00019000 08:05 6172                       /usr/lib/libdirect-1.2.so.0.7.0
7f857f570000-7f857f571000 r-xp 00018000 08:05 6172                       /usr/lib/libdirect-1.2.so.0.7.0
7f857f571000-7f857f572000 rwxp 00019000 08:05 6172                       /usr/lib/libdirect-1.2.so.0.7.0
7f857f572000-7f857f573000 rwxp 00000000 00:00 0 
7f857f573000-7f857f57c000 r-xp 00000000 08:05 6259                       /usr/lib/libfusion-1.2.so.0.7.0
7f857f57c000-7f857f77b000 ---p 00009000 08:05 6259                       /usr/lib/libfusion-1.2.so.0.7.0
7f857f77b000-7f857f77c000 r-xp 00008000 08:05 6259                       /usr/lib/libfusion-1.2.so.0.7.0
7f857f77c000-7f857f77d000 rwxp 00009000 08:05 6259                       /usr/lib/libfusion-1.2.so.0.7.0
7f857f77d000-7f857f804000 r-xp 00000000 08:05 6174                       /usr/lib/libdirectfb-1.2.so.0.7.0
7f857f804000-7f857fa03000 ---p 00087000 08:05 6174                       /usr/lib/libdirectfb-1.2.so.0.7.0
7f857fa03000-7f857fa05000 r-xp 00086000 08:05 6174                       /usr/lib/libdirectfb-1.2.so.0.7.0
7f857fa05000-7f857fa07000 rwxp 00088000 08:05 6174                       /usr/lib/libdirectfb-1.2.so.0.7.0
7f857fa07000-7f857fa08000 rwxp 00000000 00:00 0 
7f857fa08000-7f857fa4b000 r-xp 00000000 08:05 6746                       /usr/lib/libpixman-1.so.0.14.0
7f857fa4b000-7f857fc4a000 ---p 00043000 08:05 6746                       /usr/lib/libpixman-1.so.0.14.0
7f857fc4a000-7f857fc4c000 r-xp 00042000 08:05 6746                       /usr/lib/libpixman-1.so.0.14.0
7f857fc4c000-7f857fc4d000 rwxp 00044000 08:05 6746                       /usr/lib/libpixman-1.so.0.14.0
7f857fc4d000-7f857fc63000 r-xp 00000000 08:05 1243                       /lib/libz.so.1.2.3.3
7f857fc63000-7f857fe62000 ---p 00016000 08:05 1243                       /lib/libz.so.1.2.3.3
7f857fe62000-7f857fe63000 r-xp 00015000 08:05 1243                       /lib/libz.so.1.2.3.3
7f857fe63000-7f857fe64000 rwxp 00016000 08:05 1243                       /lib/libz.so.1.2.3.3
7f857fe64000-7f857fe6c000 r-xp 00000000 08:05 5982                       /usr/lib/libXrandr.so.2.2.0
7f857fe6c000-7f858006b000 ---p 00008000 08:05 5982                       /usr/lib/libXrandr.so.2.2.0
7f858006b000-7f858006c000 r-xp 00007000 08:05 5982                       /usr/lib/libXrandr.so.2.2.0
7f858006c000-7f858006d000 rwxp 00008000 08:05 5982                       /usr/lib/libXrandr.so.2.2.0
7f858006d000-7f858006f000 r-xp 00000000 08:05 5972                       /usr/lib/libXinerama.so.1.0.0
7f858006f000-7f858026e000 ---p 00002000 08:05 5972                       /usr/lib/libXinerama.so.1.0.0
7f858026e000-7f858026f000 rwxp 00001000 08:05 5972                       /usr/lib/libXinerama.so.1.0.0
7f858026f000-7f8580334000 r-xp 00000000 08:05 1145                       /lib/libglib-2.0.so.0.2200.2
7f8580334000-7f8580533000 ---p 000c5000 08:05 1145                       /lib/libglib-2.0.so.0.2200.2
7f8580533000-7f8580534000 r-xp 000c4000 08:05 1145                       /lib/libglib-2.0.so.0.2200.2
7f8580534000-7f8580535000 rwxp 000c5000 08:05 1145                       /lib/libglib-2.0.so.0.2200.2
7f8580535000-7f8580536000 rwxp 00000000 00:00 0 
7f8580536000-7f8580539000 r-xp 00000000 08:05 6354                       /usr/lib/libgmodule-2.0.so.0.2200.2
7f8580539000-7f8580738000 ---p 00003000 08:05 6354                       /usr/lib/libgmodule-2.0.so.0.2200.2
7f8580738000-7f8580739000 r-xp 00002000 08:05 6354                       /usr/lib/libgmodule-2.0.so.0.2200.2
7f8580739000-7f858073a000 rwxp 00003000 08:05 6354                       /usr/lib/libgmodule-2.0.so.0.2200.2
7f858073a000-7f858077e000 r-xp 00000000 08:05 6390                       /usr/lib/libgobject-2.0.so.0.2200.2
7f858077e000-7f858097e000 ---p 00044000 08:05 6390                       /usr/lib/libgobject-2.0.so.0.2200.2
7f858097e000-7f858097f000 r-xp 00044000 08:05 6390                       /usr/lib/libgobject-2.0.so.0.2200.2
7f858097f000-7f8580980000 rwxp 00045000 08:05 6390                       /usr/lib/libgobject-2.0.so.0.2200.2
7f8580980000-7f8580981000 rwxp 00000000 00:00 0 
7f8580981000-7f85809b1000 r-xp 00000000 08:05 6247                       /usr/lib/libfontconfig.so.1.3.0
7f85809b1000-7f8580bb1000 ---p 00030000 08:05 6247                       /usr/lib/libfontconfig.so.1.3.0
7f8580bb1000-7f8580bb2000 r-xp 00030000 08:05 6247                       /usr/lib/libfontconfig.so.1.3.0
7f8580bb2000-7f8580bb3000 rwxp 00031000 08:05 6247                       /usr/lib/libfontconfig.so.1.3.0
7f8580bb3000-7f8580c32000 r-xp 00000000 08:05 6255                       /usr/lib/libfreetype.so.6.3.20
7f8580c32000-7f8580e32000 ---p 0007f000 08:05 6255                       /usr/lib/libfreetype.so.6.3.20
7f8580e32000-7f8580e37000 r-xp 0007f000 08:05 6255                       /usr/lib/libfreetype.so.6.3.20
7f8580e37000-7f8580e38000 rwxp 00084000 08:05 6255                       /usr/lib/libfreetype.so.6.3.20
7f8580e38000-7f8580e7e000 r-xp 00000000 08:05 6716                       /usr/lib/libpango-1.0.so.0.2600.0
7f8580e7e000-7f858107e000 ---p 00046000 08:05 6716                       /usr/lib/libpango-1.0.so.0.2600.0
7f858107e000-7f8581080000 r-xp 00046000 08:05 6716                       /usr/lib/libpango-1.0.so.0.2600.0
7f8581080000-7f8581081000 rwxp 00048000 08:05 6716                       /usr/lib/libpango-1.0.so.0.2600.0
7f8581081000-7f85810a8000 r-xp 00000000 08:05 6720                       /usr/lib/libpangoft2-1.0.so.0.2600.0
7f85810a8000-7f85812a8000 ---p 00027000 08:05 6720                       /usr/lib/libpangoft2-1.0.so.0.2600.0
7f85812a8000-7f85812a9000 r-xp 00027000 08:05 6720                       /usr/lib/libpangoft2-1.0.so.0.2600.0
7f85812a9000-7f85812aa000 rwxp 00028000 08:05 6720                       /usr/lib/libpangoft2-1.0.so.0.2600.0
7f85812aa000-7f8581350000 r-xp 00000000 08:05 6334                       /usr/lib/libgio-2.0.so.0.2200.2
7f8581350000-7f8581550000 ---p 000a6000 08:05 6334                       /usr/lib/libgio-2.0.so.0.2200.2
7f8581550000-7f8581552000 r-xp 000a6000 08:05 6334                       /usr/lib/libgio-2.0.so.0.2200.2
7f8581552000-7f8581553000 rwxp 000a8000 08:05 6334                       /usr/lib/libgio-2.0.so.0.2200.2
7f8581553000-7f8581554000 rwxp 00000000 00:00 0 
7f8581554000-7f85815d3000 r-xp 00000000 08:05 6082                       /usr/lib/libcairo.so.2.10800.8
7f85815d3000-7f85817d3000 ---p 0007f000 08:05 6082                       /usr/lib/libcairo.so.2.10800.8
7f85817d3000-7f85817d5000 r-xp 0007f000 08:05 6082                       /usr/lib/libcairo.so.2.10800.8
7f85817d5000-7f85817d6000 rwxp 00081000 08:05 6082                       /usr/lib/libcairo.so.2.10800.8
7f85817d6000-7f85817d7000 rwxp 00000000 00:00 0 
7f85817d7000-7f85817f4000 r-xp 00000000 08:05 6033                       /usr/lib/libatk-1.0.so.0.2809.1
7f85817f4000-7f85819f4000 ---p 0001d000 08:05 6033                       /usr/lib/libatk-1.0.so.0.2809.1
7f85819f4000-7f85819f6000 r-xp 0001d000 08:05 6033                       /usr/lib/libatk-1.0.so.0.2809.1
7f85819f6000-7f85819f7000 rwxp 0001f000 08:05 6033                       /usr/lib/libatk-1.0.so.0.2809.1
7f85819f7000-7f85819f9000 r-xp 00000000 08:05 5958                       /usr/lib/libXdamage.so.1.1.0
7f85819f9000-7f8581bf8000 ---p 00002000 08:05 5958                       /usr/lib/libXdamage.so.1.1.0
7f8581bf8000-7f8581bf9000 rwxp 00001000 08:05 5958                       /usr/lib/libXdamage.so.1.1.0
7f8581bf9000-7f8581bfb000 r-xp 00000000 08:05 5954                       /usr/lib/libXcomposite.so.1.0.0
7f8581bfb000-7f8581dfa000 ---p 00002000 08:05 5954                       /usr/lib/libXcomposite.so.1.0.0
7f8581dfa000-7f8581dfb000 r-xp 00001000 08:05 5954                       /usr/lib/libXcomposite.so.1.0.0
7f8581dfb000-7f8581dfc000 rwxp 00002000 08:05 5954                       /usr/lib/libXcomposite.so.1.0.0
7f8581dfc000-7f8581e07000 r-xp 00000000 08:05 6718                       /usr/lib/libpangocairo-1.0.so.0.2600.0
7f8581e07000-7f8582006000 ---p 0000b000 08:05 6718                       /usr/lib/libpangocairo-1.0.so.0.2600.0
7f8582006000-7f8582007000 r-xp 0000a000 08:05 6718                       /usr/lib/libpangocairo-1.0.so.0.2600.0
7f8582007000-7f8582008000 rwxp 0000b000 08:05 6718                       /usr/lib/libpangocairo-1.0.so.0.2600.0
7f8582008000-7f85820af000 r-xp 00000000 08:05 6293                       /usr/lib/libgdk-x11-2.0.so.0.1800.3
7f85820af000-7f85822ae000 ---p 000a7000 08:05 6293                       /usr/lib/libgdk-x11-2.0.so.0.1800.3
7f85822ae000-7f85822b2000 r-xp 000a6000 08:05 6293                       /usr/lib/libgdk-x11-2.0.so.0.1800.3
7f85822b2000-7f85822b4000 rwxp 000aa000 08:05 6293                       /usr/lib/libgdk-x11-2.0.so.0.1800.3
7f85822b4000-7f85822cf000 r-xp 00000000 08:05 6295                       /usr/lib/libgdk_pixbuf-2.0.so.0.1800.3
7f85822cf000-7f85824ce000 ---p 0001b000 08:05 6295                       /usr/lib/libgdk_pixbuf-2.0.so.0.1800.3
7f85824ce000-7f85824cf000 r-xp 0001a000 08:05 6295                       /usr/lib/libgdk_pixbuf-2.0.so.0.1800.3
7f85824cf000-7f85824d0000 rwxp 0001b000 08:05 6295                       /usr/lib/libgdk_pixbuf-2.0.so.0.1800.3
7f85824d0000-7f85828cf000 r-xp 00000000 08:05 6474                       /usr/lib/libgtk-x11-2.0.so.0.1800.3
7f85828cf000-7f8582ace000 ---p 003ff000 08:05 6474                       /usr/lib/libgtk-x11-2.0.so.0.1800.3
7f8582ace000-7f8582ad5000 r-xp 003fe000 08:05 6474                       /usr/lib/libgtk-x11-2.0.so.0.1800.3
7f8582ad5000-7f8582ad9000 rwxp 00405000 08:05 6474                       /usr/lib/libgtk-x11-2.0.so.0.1800.3
7f8582ad9000-7f8582adb000 rwxp 00000000 00:00 0 
7f8582adb000-7f8582ade000 ---p 00000000 00:00 0 
7f8582ade000-7f8582bdc000 rwxp 00000000 00:00 0 
7f8582bdc000-7f8582be1000 r-xp 00000000 08:05 5964                       /usr/lib/libXfixes.so.3.1.0
7f8582be1000-7f8582de0000 ---p 00005000 08:05 5964                       /usr/lib/libXfixes.so.3.1.0
7f8582de0000-7f8582de1000 r-xp 00004000 08:05 5964                       /usr/lib/libXfixes.so.3.1.0
7f8582de1000-7f8582de2000 rwxp 00005000 08:05 5964                       /usr/lib/libXfixes.so.3.1.0
7f8582de2000-7f8582deb000 r-xp 00000000 08:05 5984                       /usr/lib/libXrender.so.1.3.0
7f8582deb000-7f8582fea000 ---p 00009000 08:05 5984                       /usr/lib/libXrender.so.1.3.0
7f8582fea000-7f8582feb000 r-xp 00008000 08:05 5984                       /usr/lib/libXrender.so.1.3.0
7f8582feb000-7f8582fec000 rwxp 00009000 08:05 5984                       /usr/lib/libXrender.so.1.3.0
7f8582fec000-7f8582ff5000 r-xp 00000000 08:05 5956                       /usr/lib/libXcursor.so.1.0.2
7f8582ff5000-7f85831f4000 ---p 00009000 08:05 5956                       /usr/lib/libXcursor.so.1.0.2
7f85831f4000-7f85831f5000 r-xp 00008000 08:05 5956                       /usr/lib/libXcursor.so.1.0.2
7f85831f5000-7f85831f6000 rwxp 00009000 08:05 5956                       /usr/lib/libXcursor.so.1.0.2
7f85831f6000-7f85831f9000 ---p 00000000 00:00 0 
7f85831f9000-7f85832f7000 rwxp 00000000 00:00 0 
7f85832f7000-7f8583375000 r-xp 00000000 08:05 176587                     /usr/lib/jvm/java-6-sun-1.6.0.15/jre/lib/amd64/libfontmanager.so
7f8583375000-7f8583474000 ---p 0007e000 08:05 176587                     /usr/lib/jvm/java-6-sun-1.6.0.15/jre/lib/amd64/libfontmanager.so
7f8583474000-7f858348a000 rwxp 0007d000 08:05 176587                     /usr/lib/jvm/java-6-sun-1.6.0.15/jre/lib/amd64/libfontmanager.so
7f858348a000-7f858349b000 rwxp 00000000 00:00 0 
7f858349b000-7f85834a0000 r-xp 00000000 08:05 5960                       /usr/lib/libXdmcp.so.6.0.0
7f85834a0000-7f858369f000 ---p 00005000 08:05 5960                       /usr/lib/libXdmcp.so.6.0.0
7f858369f000-7f85836a0000 rwxp 00004000 08:05 5960                       /usr/lib/libXdmcp.so.6.0.0
7f85836a0000-7f85836bb000 r-xp 00000000 08:05 6980                       /usr/lib/libxcb.so.1.1.0
7f85836bb000-7f85838ba000 ---p 0001b000 08:05 6980                       /usr/lib/libxcb.so.1.1.0
7f85838ba000-7f85838bb000 r-xp 0001a000 08:05 6980                       /usr/lib/libxcb.so.1.1.0
7f85838bb000-7f85838bc000 rwxp 0001b000 08:05 6980                       /usr/lib/libxcb.so.1.1.0
7f85838bc000-7f85838be000 r-xp 00000000 08:05 5949                       /usr/lib/libXau.so.6.0.0
7f85838be000-7f8583abd000 ---p 00002000 08:05 5949                       /usr/lib/libXau.so.6.0.0
7f8583abd000-7f8583abe000 r-xp 00001000 08:05 5949                       /usr/lib/libXau.so.6.0.0
7f8583abe000-7f8583abf000 rwxp 00002000 08:05 5949                       /usr/lib/libXau.so.6.0.0
7f8583abf000-7f8583ac8000 r-xp 00000000 08:05 5970                       /usr/lib/libXi.so.6.0.0
7f8583ac8000-7f8583cc8000 ---p 00009000 08:05 5970                       /usr/lib/libXi.so.6.0.0
7f8583cc8000-7f8583cc9000 r-xp 00009000 08:05 5970                       /usr/lib/libXi.so.6.0.0
7f8583cc9000-7f8583cca000 rwxp 0000a000 08:05 5970                       /usr/lib/libXi.so.6.0.0
7f8583cca000-7f8583dfb000 r-xp 00000000 08:05 5943                       /usr/lib/libX11.so.6.2.0
7f8583dfb000-7f8583ffb000 ---p 00131000 08:05 5943                       /usr/lib/libX11.so.6.2.0
7f8583ffb000-7f8583ffc000 r-xp 00131000 08:05 5943                       /usr/lib/libX11.so.6.2.0
7f8583ffc000-7f8584000000 rwxp 00132000 08:05 5943                       /usr/lib/libX11.so.6.2.0
7f8584000000-7f8584780000 rwxp 00000000 00:00 0 
7f8584780000-7f8588000000 ---p 00000000 00:00 0 
7f8588012000-7f8588013000 rwxp 00000000 00:00 0 
7f8588013000-7f8588014000 r-xs 00000000 08:05 85399                      /var/cache/fontconfig/48fef66b76e7de9c5c56a6dcc7723c04-x86-64.cache-2
7f8588014000-7f8588015000 r-xs 00000000 08:05 85383                      /var/cache/fontconfig/cb7d13eeb0521c8bf38f4717320dc78b-x86-64.cache-2
7f8588015000-7f8588016000 r-xs 00000000 08:05 85360                      /var/cache/fontconfig/26de28bc8622bbc1fb67fd234c21975f-x86-64.cache-2
7f8588016000-7f8588017000 r-xs 00000000 08:05 116779                     /var/cache/fontconfig/c05880de57d1f5e948fdfacc138775d9-x86-64.cache-2
7f8588017000-7f8588020000 r-xs 00000000 08:05 116776                     /var/cache/fontconfig/945677eb7aeaf62f1d50efc3fb3ec7d8-x86-64.cache-2
7f8588020000-7f8588022000 r-xs 00000000 08:05 116777                     /var/cache/fontconfig/99e8ed0e538f840c565b6ed5dad60d56-x86-64.cache-2
7f8588022000-7f8588025000 r-xs 00000000 08:05 116787                     /var/cache/fontconfig/f24b2111ab8703b4e963115a8cf14259-x86-64.cache-2
7f8588025000-7f8588028000 r-xs 00000000 08:05 116785                     /var/cache/fontconfig/e383d7ea5fbe662a33d9b44caf393297-x86-64.cache-2
7f8588028000-7f858802c000 r-xs 00000000 08:05 85334                      /var/cache/fontconfig/6eb3985aa4124903f6ff08ba781cd364-x86-64.cache-2
7f858802c000-7f858802d000 r-xs 00000000 08:05 116771                     /var/cache/fontconfig/4c73fe0c47614734b17d736dbde7580a-x86-64.cache-2
7f858802d000-7f8588032000 r-xs 00000000 08:05 116764                     /var/cache/fontconfig/062808c12e6e608270f93bb230aed730-x86-64.cache-2
7f8588032000-7f8588036000 r-xs 00000000 08:05 116778                     /var/cache/fontconfig/a755afe4a08bf5b97852ceb7400b47bc-x86-64.cache-2
7f8588036000-7f858803a000 r-xs 00000000 08:05 116773                     /var/cache/fontconfig/6d41288fd70b0be22e8c3a91e032eec0-x86-64.cache-2
7f858803a000-7f858804a000 r-xs 00000000 08:05 116765                     /var/cache/fontconfig/0f34bcd4b6ee430af32735b75db7f02b-x86-64.cache-2
7f858804a000-7f858804b000 r-xs 00000000 08:05 116769                     /var/cache/fontconfig/4794a0821666d79190d59a36cb4f44b5-x86-64.cache-2
7f858804b000-7f8588079000 r-xs 00000000 08:05 123485                     /var/cache/fontconfig/365b55f210c0a22e9a19e35191240f32-x86-64.cache-2
7f8588079000-7f858807b000 r-xs 00000000 08:05 116767                     /var/cache/fontconfig/2c5ba8142dffc8bf0377700342b8ca1a-x86-64.cache-2
7f858807b000-7f8588085000 r-xs 00000000 08:05 116782                     /var/cache/fontconfig/d52a8644073d54c13679302ca1180695-x86-64.cache-2
7f8588085000-7f8588090000 r-xs 00000000 08:05 77841                      /var/cache/fontconfig/e13b20fdb08344e0e664864cc2ede53d-x86-64.cache-2
7f8588090000-7f8588092000 r-xs 00000000 08:05 123482                     /var/cache/fontconfig/7ef2298fde41cc6eeb7af42e48b7d293-x86-64.cache-2
7f8588092000-7f8588093000 r-xp 00000000 08:05 9618                       /usr/lib/locale/en_US.utf8/LC_NUMERIC
7f8588093000-7f8588094000 r-xp 00000000 08:05 9696                       /usr/lib/locale/en_US.utf8/LC_TIME
7f8588094000-7f8588095000 r-xp 00000000 08:05 9690                       /usr/lib/locale/en_US.utf8/LC_MONETARY
7f8588095000-7f8588096000 r-xp 00000000 08:05 9622                       /usr/lib/locale/en_US.utf8/LC_MESSAGES/SYS_LC_MESSAGES
7f8588096000-7f8588097000 r-xp 00000000 08:05 9775                       /usr/lib/locale/en_US.utf8/LC_PAPER
7f8588097000-7f8588098000 r-xs 00000000 08:05 85399                      /var/cache/fontconfig/48fef66b76e7de9c5c56a6dcc7723c04-x86-64.cache-2
7f8588098000-7f8588099000 r-xs 00000000 08:05 85383                      /var/cache/fontconfig/cb7d13eeb0521c8bf38f4717320dc78b-x86-64.cache-2
7f8588099000-7f858809a000 r-xs 00000000 08:05 85360                      /var/cache/fontconfig/26de28bc8622bbc1fb67fd234c21975f-x86-64.cache-2
7f858809a000-7f858809b000 r-xs 00000000 08:05 116779                     /var/cache/fontconfig/c05880de57d1f5e948fdfacc138775d9-x86-64.cache-2
7f858809b000-7f85880a4000 r-xs 00000000 08:05 116776                     /var/cache/fontconfig/945677eb7aeaf62f1d50efc3fb3ec7d8-x86-64.cache-2
7f85880a4000-7f85880a6000 r-xs 00000000 08:05 116777                     /var/cache/fontconfig/99e8ed0e538f840c565b6ed5dad60d56-x86-64.cache-2
7f85880a6000-7f85880a9000 r-xs 00000000 08:05 116787                     /var/cache/fontconfig/f24b2111ab8703b4e963115a8cf14259-x86-64.cache-2
7f85880a9000-7f85880ac000 r-xs 00000000 08:05 116785                     /var/cache/fontconfig/e383d7ea5fbe662a33d9b44caf393297-x86-64.cache-2
7f85880ac000-7f85880b0000 r-xs 00000000 08:05 85334                      /var/cache/fontconfig/6eb3985aa4124903f6ff08ba781cd364-x86-64.cache-2
7f85880b0000-7f85880b1000 r-xs 00000000 08:05 116771                     /var/cache/fontconfig/4c73fe0c47614734b17d736dbde7580a-x86-64.cache-2
7f85880b1000-7f85880b6000 r-xs 00000000 08:05 116764                     /var/cache/fontconfig/062808c12e6e608270f93bb230aed730-x86-64.cache-2
7f85880b6000-7f85880ba000 r-xs 00000000 08:05 116778                     /var/cache/fontconfig/a755afe4a08bf5b97852ceb7400b47bc-x86-64.cache-2
7f85880ba000-7f85880be000 r-xs 00000000 08:05 116773                     /var/cache/fontconfig/6d41288fd70b0be22e8c3a91e032eec0-x86-64.cache-2
7f85880be000-7f85880ce000 r-xs 00000000 08:05 116765                     /var/cache/fontconfig/0f34bcd4b6ee430af32735b75db7f02b-x86-64.cache-2
7f85880ce000-7f85880fc000 r-xs 00000000 08:05 123485                     /var/cache/fontconfig/365b55f210c0a22e9a19e35191240f32-x86-64.cache-2
7f85880fc000-7f8588101000 r-xp 00000000 08:05 5990                       /usr/lib/libXtst.so.6.1.0
7f8588101000-7f8588301000 ---p 00005000 08:05 5990                       /usr/lib/libXtst.so.6.1.0
7f8588301000-7f8588302000 r-xp 00005000 08:05 5990                       /usr/lib/libXtst.so.6.1.0
7f8588302000-7f8588303000 rwxp 00006000 08:05 5990                       /usr/lib/libXtst.so.6.1.0
7f8588303000-7f8588314000 r-xp 00000000 08:05 5962                       /usr/lib/libXext.so.6.4.0
7f8588314000-7f8588513000 ---p 00011000 08:05 5962                       /usr/lib/libXext.so.6.4.0
7f8588513000-7f8588514000 r-xp 00010000 08:05 5962                       /usr/lib/libXext.so.6.4.0
7f8588514000-7f8588515000 rwxp 00011000 08:05 5962                       /usr/lib/libXext.so.6.4.0
7f8588515000-7f8588516000 r-xp 00000000 08:05 9526                       /usr/lib/locale/en_US.utf8/LC_NAME
7f8588516000-7f8588517000 r-xp 00000000 08:05 9689                       /usr/lib/locale/en_US.utf8/LC_ADDRESS
7f8588517000-7f8588518000 r-xp 00000000 08:05 9694                       /usr/lib/locale/en_US.utf8/LC_TELEPHONE
7f8588518000-7f8588519000 r-xp 00000000 08:05 9914                       /usr/lib/locale/en_US.utf8/LC_MEASUREMENT
7f8588519000-7f858851a000 r-xp 00000000 08:05 9692                       /usr/lib/locale/en_US.utf8/LC_IDENTIFICATION
7f858851a000-7f858851c000 r-xs 00000000 08:05 116767                     /var/cache/fontconfig/2c5ba8142dffc8bf0377700342b8ca1a-x86-64.cache-2
7f858851c000-7f8588526000 r-xs 00000000 08:05 116782                     /var/cache/fontconfig/d52a8644073d54c13679302ca1180695-x86-64.cache-2
7f8588526000-7f8588531000 r-xs 00000000 08:05 77841                      /var/cache/fontconfig/e13b20fdb08344e0e664864cc2ede53d-x86-64.cache-2
7f8588531000-7f8588573000 r-xp 00000000 08:05 176577                     /usr/lib/jvm/java-6-sun-1.6.0.15/jre/lib/amd64/xawt/libmawt.so
7f8588573000-7f8588672000 ---p 00042000 08:05 176577                     /usr/lib/jvm/java-6-sun-1.6.0.15/jre/lib/amd64/xawt/libmawt.so
7f8588672000-7f858867d000 rwxp 00041000 08:05 176577                     /usr/lib/jvm/java-6-sun-1.6.0.15/jre/lib/amd64/xawt/libmawt.so
7f858867d000-7f858867f000 rwxp 00000000 00:00 0 
7f858867f000-7f8588711000 r-xp 00000000 08:05 176618                     /usr/lib/jvm/java-6-sun-1.6.0.15/jre/lib/amd64/libawt.so
7f8588711000-7f8588810000 ---p 00092000 08:05 176618                     /usr/lib/jvm/java-6-sun-1.6.0.15/jre/lib/amd64/libawt.so
7f8588810000-7f8588829000 rwxp 00091000 08:05 176618                     /usr/lib/jvm/java-6-sun-1.6.0.15/jre/lib/amd64/libawt.so
7f8588829000-7f858884e000 rwxp 00000000 00:00 0 
7f858884e000-7f8588855000 r-xs 0007c000 08:02 169356                     /media/SQ004709V01_/Users/Jeffrey/Documents/Arduino/arduino-0017/lib/pde.jar
7f8588855000-7f8588856000 ---p 00000000 00:00 0 
7f8588856000-7f8588956000 rwxp 00000000 00:00 0 
7f8588956000-7f8588959000 ---p 00000000 00:00 0 
7f8588959000-7f8588a57000 rwxp 00000000 00:00 0 
7f8588a57000-7f8588a5a000 ---p 00000000 00:00 0 
7f8588a5a000-7f8588b58000 rwxp 00000000 00:00 0 
7f8588b58000-7f8588b5b000 ---p 00000000 00:00 0 
7f8588b5b000-7f8588c59000 rwxp 00000000 00:00 0 
7f8588c59000-7f8588c5c000 ---p 00000000 00:00 0 
7f8588c5c000-7f8588d5a000 rwxp 00000000 00:00 0 
7f8588d5a000-7f8588d99000 r-xp 00000000 08:05 9613                       /usr/lib/locale/en_US.utf8/LC_CTYPE
7f8588d99000-7f8588d9c000 ---p 00000000 00:00 0 
7f8588d9c000-7f8588e9a000 rwxp 00000000 00:00 0 
7f8588e9a000-7f8588e9d000 ---p 00000000 00:00 0 
7f8588e9d000-7f8588f9b000 rwxp 00000000 00:00 0 
7f8588f9b000-7f8588f9c000 ---p 00000000 00:00 0 
7f8588f9c000-7f8589132000 rwxp 00000000 00:00 0 
7f8589132000-7f85892c8000 r-xs 02fb3000 08:05 176575                     /usr/lib/jvm/java-6-sun-1.6.0.15/jre/lib/rt.jar
7f85892c8000-7f85892f0000 rwxp 00000000 00:00 0 
7f85892f0000-7f85892f1000 ---p 00000000 00:00 0 
7f85892f1000-7f85893f1000 rwxp 00000000 00:00 0 
7f85893f1000-7f85893f2000 ---p 00000000 00:00 0 
7f85893f2000-7f8589503000 rwxp 00000000 00:00 0 
7f8589503000-7f858951c000 rwxp 00000000 00:00 0 
7f858951c000-7f8589531000 rwxp 00000000 00:00 0 
7f8589531000-7f8589666000 rwxp 00000000 00:00 0 
7f8589666000-7f8589677000 rwxp 00000000 00:00 0 
7f8589677000-7f8589690000 rwxp 00000000 00:00 0 
7f8589690000-7f85896a5000 rwxp 00000000 00:00 0 
7f85896a5000-7f85897da000 rwxp 00000000 00:00 0 
7f85897da000-7f85897e5000 rwxp 00000000 00:00 0 
7f85897e5000-7f858987f000 rwxp 00000000 00:00 0 
7f858987f000-7f858ba70000 rwxp 00000000 00:00 0 
7f858ba70000-7f858ec80000 rwxp 00000000 00:00 0 
7f858ec80000-7f85915c0000 rwxp 00000000 00:00 0 
7f85915c0000-7f85b8080000 rwxp 00000000 00:00 0 
7f85b8080000-7f85b9510000 rwxp 00000000 00:00 0 
7f85b9510000-7f85cca80000 rwxp 00000000 00:00 0 
7f85cca80000-7f85cca82000 r-xs 00000000 08:05 123482                     /var/cache/fontconfig/7ef2298fde41cc6eeb7af42e48b7d293-x86-64.cache-2
7f85cca82000-7f85cccf2000 rwxp 00000000 00:00 0 
7f85cccf2000-7f85cfa82000 rwxp 00000000 00:00 0 
7f85cfa82000-7f85cfa90000 r-xp 00000000 08:05 176589                     /usr/lib/jvm/java-6-sun-1.6.0.15/jre/lib/amd64/libzip.so
7f85cfa90000-7f85cfb92000 ---p 0000e000 08:05 176589                     /usr/lib/jvm/java-6-sun-1.6.0.15/jre/lib/amd64/libzip.so
7f85cfb92000-7f85cfb95000 rwxp 00010000 08:05 176589                     /usr/lib/jvm/java-6-sun-1.6.0.15/jre/lib/amd64/libzip.so
7f85cfb95000-7f85cfb96000 rwxp 00000000 00:00 0 
7f85cfb96000-7f85cfba2000 r-xp 00000000 08:05 1170                       /lib/libnss_files-2.10.1.so
7f85cfba2000-7f85cfda1000 ---p 0000c000 08:05 1170                       /lib/libnss_files-2.10.1.so
7f85cfda1000-7f85cfda2000 r-xp 0000b000 08:05 1170                       /lib/libnss_files-2.10.1.so
7f85cfda2000-7f85cfda3000 rwxp 0000c000 08:05 1170                       /lib/libnss_files-2.10.1.so
7f85cfda3000-7f85cfdad000 r-xp 00000000 08:05 1180                       /lib/libnss_nis-2.10.1.so
7f85cfdad000-7f85cffac000 ---p 0000a000 08:05 1180                       /lib/libnss_nis-2.10.1.so
7f85cffac000-7f85cffad000 r-xp 00009000 08:05 1180                       /lib/libnss_nis-2.10.1.so
7f85cffad000-7f85cffae000 rwxp 0000a000 08:05 1180                       /lib/libnss_nis-2.10.1.so
7f85cffae000-7f85cffb5000 r-xp 00000000 08:05 1166                       /lib/libnss_compat-2.10.1.so
7f85cffb5000-7f85d01b5000 ---p 00007000 08:05 1166                       /lib/libnss_compat-2.10.1.so
7f85d01b5000-7f85d01b6000 r-xp 00007000 08:05 1166                       /lib/libnss_compat-2.10.1.so
7f85d01b6000-7f85d01b7000 rwxp 00008000 08:05 1166                       /lib/libnss_compat-2.10.1.so
7f85d01b7000-7f85d01be000 r-xp 00000000 08:05 176590                     /usr/lib/jvm/java-6-sun-1.6.0.15/jre/lib/amd64/native_threads/libhpi.so
7f85d01be000-7f85d02bf000 ---p 00007000 08:05 176590                     /usr/lib/jvm/java-6-sun-1.6.0.15/jre/lib/amd64/native_threads/libhpi.so
7f85d02bf000-7f85d02c1000 rwxp 00008000 08:05 176590                     /usr/lib/jvm/java-6-sun-1.6.0.15/jre/lib/amd64/native_threads/libhpi.so
7f85d02c1000-7f85d02c2000 rwxp 00000000 00:00 0 
7f85d02c2000-7f85d02d8000 r-xp 00000000 08:05 1164                       /lib/libnsl-2.10.1.so
7f85d02d8000-7f85d04d8000 ---p 00016000 08:05 1164                       /lib/libnsl-2.10.1.so
7f85d04d8000-7f85d04d9000 r-xp 00016000 08:05 1164                       /lib/libnsl-2.10.1.so
7f85d04d9000-7f85d04da000 rwxp 00017000 08:05 1164                       /lib/libnsl-2.10.1.so
7f85d04da000-7f85d04dc000 rwxp 00000000 00:00 0 
7f85d04dc000-7f85d0505000 r-xp 00000000 08:05 176600                     /usr/lib/jvm/java-6-sun-1.6.0.15/jre/lib/amd64/libjava.so
7f85d0505000-7f85d0604000 ---p 00029000 08:05 176600                     /usr/lib/jvm/java-6-sun-1.6.0.15/jre/lib/amd64/libjava.so
7f85d0604000-7f85d060b000 rwxp 00028000 08:05 176600                     /usr/lib/jvm/java-6-sun-1.6.0.15/jre/lib/amd64/libjava.so
7f85d060b000-7f85d0618000 r-xp 00000000 08:05 176584                     /usr/lib/jvm/java-6-sun-1.6.0.15/jre/lib/amd64/libverify.so
7f85d0618000-7f85d0717000 ---p 0000d000 08:05 176584                     /usr/lib/jvm/java-6-sun-1.6.0.15/jre/lib/amd64/libverify.so
7f85d0717000-7f85d071a000 rwxp 0000c000 08:05 176584                     /usr/lib/jvm/java-6-sun-1.6.0.15/jre/lib/amd64/libverify.so
7f85d071a000-7f85d0721000 r-xp 00000000 08:05 1209                       /lib/librt-2.10.1.so
7f85d0721000-7f85d0920000 ---p 00007000 08:05 1209                       /lib/librt-2.10.1.so
7f85d0920000-7f85d0921000 r-xp 00006000 08:05 1209                       /lib/librt-2.10.1.so
7f85d0921000-7f85d0922000 rwxp 00007000 08:05 1209                       /lib/librt-2.10.1.so
7f85d0922000-7f85d0925000 ---p 00000000 00:00 0 
7f85d0925000-7f85d0a23000 rwxp 00000000 00:00 0 
7f85d0a23000-7f85d0aa5000 r-xp 00000000 08:05 1157                       /lib/libm-2.10.1.so
7f85d0aa5000-7f85d0ca5000 ---p 00082000 08:05 1157                       /lib/libm-2.10.1.so
7f85d0ca5000-7f85d0ca6000 r-xp 00082000 08:05 1157                       /lib/libm-2.10.1.so
7f85d0ca6000-7f85d0ca7000 rwxp 00083000 08:05 1157                       /lib/libm-2.10.1.so
7f85d0ca7000-7f85d1405000 r-xp 00000000 08:05 176606                     /usr/lib/jvm/java-6-sun-1.6.0.15/jre/lib/amd64/server/libjvm.so
7f85d1405000-7f85d1504000 ---p 0075e000 08:05 176606                     /usr/lib/jvm/java-6-sun-1.6.0.15/jre/lib/amd64/server/libjvm.so
7f85d1504000-7f85d167c000 rwxp 0075d000 08:05 176606                     /usr/lib/jvm/java-6-sun-1.6.0.15/jre/lib/amd64/server/libjvm.so
7f85d167c000-7f85d16ba000 rwxp 00000000 00:00 0 
7f85d16ba000-7f85d1820000 r-xp 00000000 08:05 1115                       /lib/libc-2.10.1.so
7f85d1820000-7f85d1a1f000 ---p 00166000 08:05 1115                       /lib/libc-2.10.1.so
7f85d1a1f000-7f85d1a23000 r-xp 00165000 08:05 1115                       /lib/libc-2.10.1.so
7f85d1a23000-7f85d1a24000 rwxp 00169000 08:05 1115                       /lib/libc-2.10.1.so
7f85d1a24000-7f85d1a29000 rwxp 00000000 00:00 0 
7f85d1a29000-7f85d1a2b000 r-xp 00000000 08:05 1129                       /lib/libdl-2.10.1.so
7f85d1a2b000-7f85d1c2b000 ---p 00002000 08:05 1129                       /lib/libdl-2.10.1.so
7f85d1c2b000-7f85d1c2c000 r-xp 00002000 08:05 1129                       /lib/libdl-2.10.1.so
7f85d1c2c000-7f85d1c2d000 rwxp 00003000 08:05 1129                       /lib/libdl-2.10.1.so
7f85d1c2d000-7f85d1c44000 r-xp 00000000 08:05 1202                       /lib/libpthread-2.10.1.so
7f85d1c44000-7f85d1e43000 ---p 00017000 08:05 1202                       /lib/libpthread-2.10.1.so
7f85d1e43000-7f85d1e44000 r-xp 00016000 08:05 1202                       /lib/libpthread-2.10.1.so
7f85d1e44000-7f85d1e45000 rwxp 00017000 08:05 1202                       /lib/libpthread-2.10.1.so
7f85d1e45000-7f85d1e49000 rwxp 00000000 00:00 0 
7f85d1e49000-7f85d1e68000 r-xp 00000000 08:05 1091                       /lib/ld-2.10.1.so
7f85d1e68000-7f85d1e69000 r-xs 00006000 08:02 169377                     /media/SQ004709V01_/Users/Jeffrey/Documents/Arduino/arduino-0017/lib/oro.jar
7f85d1e69000-7f85d1e6c000 r-xs 00096000 08:02 169375                     /media/SQ004709V01_/Users/Jeffrey/Documents/Arduino/arduino-0017/lib/jna.jar
7f85d1e6c000-7f85d1e7b000 r-xs 00184000 08:02 169361                     /media/SQ004709V01_/Users/Jeffrey/Documents/Arduino/arduino-0017/lib/ecj.jar
7f85d1e7b000-7f85d1e85000 rwxp 00000000 00:00 0 
7f85d1e85000-7f85d1f3b000 rwxp 00000000 00:00 0 
7f85d1f3b000-7f85d1f3d000 rwxp 00000000 00:00 0 
7f85d1f3d000-7f85d1f44000 r-xp 00000000 08:05 176576                     /usr/lib/jvm/java-6-sun-1.6.0.15/jre/lib/amd64/jli/libjli.so
7f85d1f44000-7f85d2045000 ---p 00007000 08:05 176576                     /usr/lib/jvm/java-6-sun-1.6.0.15/jre/lib/amd64/jli/libjli.so
7f85d2045000-7f85d2047000 rwxp 00008000 08:05 176576                     /usr/lib/jvm/java-6-sun-1.6.0.15/jre/lib/amd64/jli/libjli.so
7f85d2047000-7f85d2048000 rwxp 00000000 00:00 0 
7f85d2048000-7f85d2049000 r-xs 00000000 08:05 116769                     /var/cache/fontconfig/4794a0821666d79190d59a36cb4f44b5-x86-64.cache-2
7f85d2049000-7f85d204c000 r-xs 00036000 08:02 169357                     /media/SQ004709V01_/Users/Jeffrey/Documents/Arduino/arduino-0017/lib/core.jar
7f85d204c000-7f85d2051000 r-xs 00068000 08:02 169359                     /media/SQ004709V01_/Users/Jeffrey/Documents/Arduino/arduino-0017/lib/antlr.jar
7f85d2051000-7f85d2053000 r-xs 0000d000 08:02 169358                     /media/SQ004709V01_/Users/Jeffrey/Documents/Arduino/arduino-0017/lib/RXTXcomm.jar
7f85d2053000-7f85d205a000 r-xs 00000000 08:05 8386                       /usr/lib/gconv/gconv-modules.cache
7f85d205a000-7f85d2062000 rwxs 00000000 08:05 174007                     /tmp/hsperfdata_jeff/4043
7f85d2062000-7f85d2063000 rwxp 00000000 00:00 0 
7f85d2063000-7f85d2064000 r-xp 00000000 00:00 0 
7f85d2064000-7f85d2067000 rwxp 00000000 00:00 0 
7f85d2067000-7f85d2068000 r-xp 0001e000 08:05 1091                       /lib/ld-2.10.1.so
7f85d2068000-7f85d2069000 rwxp 0001f000 08:05 1091                       /lib/ld-2.10.1.so
7fff02401000-7fff02416000 rwxp 00000000 00:00 0                          [stack]
7fff0245d000-7fff0245e000 r-xp 00000000 00:00 0                          [vdso]
ffffffffff600000-ffffffffff601000 r-xp 00000000 00:00 0                  [vsyscall]

VM Arguments:
jvm_args: -Dswing.defaultlaf=com.sun.java.swing.plaf.gtk.GTKLookAndFeel 
java_command: processing.app.Base
Launcher Type: SUN_STANDARD

Environment Variables:
CLASSPATH=:/home/jeff/Documents/Arduino/arduino-0017/java/lib/rt.jar:/home/jeff/Documents/Arduino/arduino-0017/java/lib/tools.jar:/home/jeff/Documents/Arduino/arduino-0017/lib/RXTXcomm.jar:/home/jeff/Documents/Arduino/arduino-0017/lib/antlr.jar:/home/jeff/Documents/Arduino/arduino-0017/lib/core.jar:/home/jeff/Documents/Arduino/arduino-0017/lib/ecj.jar:/home/jeff/Documents/Arduino/arduino-0017/lib/jna.jar:/home/jeff/Documents/Arduino/arduino-0017/lib/oro.jar:/home/jeff/Documents/Arduino/arduino-0017/lib/pde.jar
PATH=/home/jeff/Documents/Arduino/arduino-0017/java/bin:/usr/local/sbin:/usr/local/bin:/usr/sbin:/usr/bin:/sbin:/bin:/usr/games
USERNAME=jeff
LD_LIBRARY_PATH=/usr/lib/jvm/java-6-sun-1.6.0.15/jre/lib/amd64/server:/usr/lib/jvm/java-6-sun-1.6.0.15/jre/lib/amd64:/usr/lib/jvm/java-6-sun-1.6.0.15/jre/../lib/amd64:/media/SQ004709V01_/Users/Jeffrey/Documents/Arduino/arduino-0017/lib:
SHELL=/bin/bash
DISPLAY=:0.0

Signal Handlers:
SIGSEGV: [libjvm.so+0x6bdd00], sa_mask[0]=0x7ffbfeff, sa_flags=0x10000004
SIGBUS: [libjvm.so+0x6bdd00], sa_mask[0]=0x7ffbfeff, sa_flags=0x10000004
SIGFPE: [libjvm.so+0x594ed0], sa_mask[0]=0x7ffbfeff, sa_flags=0x10000004
SIGPIPE: SIG_IGN, sa_mask[0]=0x00001000, sa_flags=0x10000000
SIGXFSZ: [libjvm.so+0x594ed0], sa_mask[0]=0x7ffbfeff, sa_flags=0x10000004
SIGILL: [libjvm.so+0x594ed0], sa_mask[0]=0x7ffbfeff, sa_flags=0x10000004
SIGUSR1: SIG_DFL, sa_mask[0]=0x00000000, sa_flags=0x00000000
SIGUSR2: [libjvm.so+0x597690], sa_mask[0]=0x00000000, sa_flags=0x10000004
SIGHUP: [libjvm.so+0x5973e0], sa_mask[0]=0x7ffbfeff, sa_flags=0x10000004
SIGINT: [libjvm.so+0x5973e0], sa_mask[0]=0x7ffbfeff, sa_flags=0x10000004
SIGTERM: [libjvm.so+0x5973e0], sa_mask[0]=0x7ffbfeff, sa_flags=0x10000004
SIGQUIT: [libjvm.so+0x5973e0], sa_mask[0]=0x7ffbfeff, sa_flags=0x10000004


---------------  S Y S T E M  ---------------

OS:squeeze/sid

uname:Linux 2.6.31-14-generic #48-Ubuntu SMP Fri Oct 16 14:05:01 UTC 2009 x86_64
libc:glibc 2.10.1 NPTL 2.10.1 
rlimit: STACK 8192k, CORE 0k, NPROC infinity, NOFILE 1024, AS infinity
load average:0.11 0.27 0.26

CPU:total 2 (2 cores per cpu, 1 threads per core) family 6 model 15 stepping 13, cmov, cx8, fxsr, mmx, sse, sse2, sse3, ssse3

Memory: 4k page, physical 4050740k(2401072k free), swap 843372k(843372k free)

vm_info: Java HotSpot(TM) 64-Bit Server VM (14.1-b02) for linux-amd64 JRE (1.6.0_15-b03), built on Jul  2 2009 15:26:16 by "java_re" with gcc 3.2.2 (SuSE Linux)

time: Sun Nov 15 00:17:53 2009
elapsed time: 84 seconds

