#
# A fatal error has been detected by the Java Runtime Environment:
#
#  SIGSEGV (0xb) at pc=0x00007f243da03333, pid=3990, tid=139793629423888
#
# JRE version: 6.0_15-b03
# Java VM: Java HotSpot(TM) 64-Bit Server VM (14.1-b02 mixed mode linux-amd64 )
# Problematic frame:
# C  [librxtxSerial-2.1-7.so+0x8333]  read_byte_array+0x43
#
# If you would like to submit a bug report, please visit:
#   http://java.sun.com/webapps/bugreport/crash.jsp
# The crash happened outside the Java Virtual Machine in native code.
# See problematic frame for where to report the bug.
#

---------------  T H R E A D  ---------------

Current thread (0x00007f2444458800):  JavaThread "Thread-3" [_thread_in_native, id=4009, stack(0x00007f243d8fa000,0x00007f243d9fb000)]

siginfo:si_signo=SIGSEGV: si_errno=0, si_code=1 (SEGV_MAPERR), si_addr=0x000000003d9f9658

Registers:
RAX=0x000000003d9f9650, RBX=0x0000000000000010, RCX=0x0000000000000001, RDX=0x00007f2493b8b000
RSP=0x00007f243d9f8d50, RBP=0x00000000ffffffff, RSI=0x00007f243da05980, RDI=0x00007f243da0588a
R8 =0x0000000000000ffc, R9 =0x00007f2493096748, R10=0x00007f249309a458, R11=0x00007f249308e700
R12=0x00007f2444458800, R13=0x00007f244c1b23c0, R14=0x00007f243d9f8f30, R15=0x00007f2444458800
RIP=0x00007f243da03333, EFL=0x0000000000010206, CSGSFS=0x0000000000000033, ERR=0x0000000000000004
  TRAPNO=0x000000000000000e

Top of Stack: (sp=0x00007f243d9f8d50)
0x00007f243d9f8d50:   00007f2444458800 00007f244c1b9c40
0x00007f243d9f8d60:   00007f2444458800 00007f243da05dc3
0x00007f243d9f8d70:   00007f243da05982 0000000042185d18
0x00007f243d9f8d80:   00000001ffffffff 00007f243d9f8ea7
0x00007f243d9f8d90:   000000103d9f8de0 0000000041eb1d88
0x00007f243d9f8da0:   0000000041eb1d80 0000000041eb1d78
0x00007f243d9f8db0:   000000b400000002 000000003d9f9650
0x00007f243d9f8dc0:   0000000000000040 00007f240000008c
0x00007f243d9f8dd0:   0000000041eb1d90 00007f2493084cb0
0x00007f243d9f8de0:   00007f2444458800 0000000000000000
0x00007f243d9f8df0:   00007f2444458800 0000000000000000
0x00007f243d9f8e00:   00007f2444458800 00007f2492d4350a
0x00007f243d9f8e10:   00007f2444458800 000000b692a8d4a1
0x00007f243d9f8e20:   00007f2444458800 00007f243da05982
0x00007f243d9f8e30:   00007f2444458800 00007f243d9f8f30
0x00007f243d9f8e40:   00000000ffffffff 0000000042185d18
0x00007f243d9f8e50:   00007f24444589b8 0000000000000010
0x00007f243d9f8e60:   00007f24444589b8 00007f2444458800
0x00007f243d9f8e70:   00007f244c1b23c0 00007f243d9f8f30
0x00007f243d9f8e80:   00007f2444458800 00007f243da03908
0x00007f243d9f8e90:   00007f243d9f8f30 00007f2444458800
0x00007f243d9f8ea0:   00007f243d9f8f10 00007f244c1b23c8
0x00007f243d9f8eb0:   00007f243d9f8f10 00007f248e5bbf50
0x00007f243d9f8ec0:   00007f2444458800 00007f248e5c63a3
0x00007f243d9f8ed0:   00007f243d9f8ed0 00007f244c1b23c0
0x00007f243d9f8ee0:   00007f243d9f8f30 00007f244c58d3d8
0x00007f243d9f8ef0:   0000000000000000 00007f244c1b23c8
0x00007f243d9f8f00:   0000000000000000 00007f243d9f8f30
0x00007f243d9f8f10:   00007f243d9f8f88 00007f248e5b090e
0x00007f243d9f8f20:   0000000000000000 00007f248e5b8a56
0x00007f243d9f8f30:   00007f247a060970 000000004205c228
0x00007f243d9f8f40:   00007f247a060ee0 00007f243d9f8f38 

Instructions: (pc=0x00007f243da03333)
0x00007f243da03323:   24 30 e8 46 cc ff ff 8b 6c 24 30 48 89 44 24 68
0x00007f243da03333:   8b 40 08 48 8b 54 24 68 48 c7 44 24 58 00 00 00 

Stack: [0x00007f243d8fa000,0x00007f243d9fb000],  sp=0x00007f243d9f8d50,  free space=1019k
Native frames: (J=compiled Java code, j=interpreted, Vv=VM code, C=native code)
C  [librxtxSerial-2.1-7.so+0x8333]  read_byte_array+0x43

Java frames: (J=compiled Java code, j=interpreted, Vv=VM code)
j  gnu.io.RXTXPort.readByte()I+0
j  gnu.io.RXTXPort$SerialInputStream.read()I+61
j  processing.app.Serial.serialEvent(Lgnu/io/SerialPortEvent;)V+114
j  gnu.io.RXTXPort.sendEvent(IZ)Z+382
v  ~StubRoutines::call_stub
j  gnu.io.RXTXPort.eventLoop()V+0
j  gnu.io.RXTXPort$MonitorThread.run()V+12
v  ~StubRoutines::call_stub

---------------  P R O C E S S  ---------------

Java Threads: ( => current thread )
=>0x00007f2444458800 JavaThread "Thread-3" [_thread_in_native, id=4009, stack(0x00007f243d8fa000,0x00007f243d9fb000)]
  0x00007f2444451800 JavaThread "DestroyJavaVM" [_thread_blocked, id=3991, stack(0x00007f249244b000,0x00007f249254c000)]
  0x00007f2444453000 JavaThread "TimerQueue" daemon [_thread_blocked, id=4007, stack(0x00007f243d7f9000,0x00007f243d8fa000)]
  0x00007f244437a800 JavaThread "AWT-EventQueue-0" [_thread_blocked, id=4005, stack(0x00007f243dc0a000,0x00007f243dd0b000)]
  0x00007f2444379000 JavaThread "AWT-Shutdown" [_thread_blocked, id=4004, stack(0x00007f243dd0b000,0x00007f243de0c000)]
  0x00007f24441e8000 JavaThread "AWT-XAWT" daemon [_thread_in_native, id=4003, stack(0x00007f24486db000,0x00007f24487dc000)]
  0x00007f24440de800 JavaThread "Java2D Disposer" daemon [_thread_blocked, id=4002, stack(0x00007f2448e12000,0x00007f2448f13000)]
  0x00007f2444079000 JavaThread "Low Memory Detector" daemon [_thread_blocked, id=4000, stack(0x00007f244a46f000,0x00007f244a570000)]
  0x00007f2444075800 JavaThread "CompilerThread1" daemon [_thread_blocked, id=3999, stack(0x00007f244a570000,0x00007f244a671000)]
  0x00007f2444073800 JavaThread "CompilerThread0" daemon [_thread_blocked, id=3998, stack(0x00007f244a671000,0x00007f244a772000)]
  0x00007f2444071800 JavaThread "Signal Dispatcher" daemon [_thread_blocked, id=3997, stack(0x00007f244a772000,0x00007f244a873000)]
  0x00007f2444053800 JavaThread "Finalizer" daemon [_thread_blocked, id=3996, stack(0x00007f244a8b9000,0x00007f244a9ba000)]
  0x00007f2444051800 JavaThread "Reference Handler" daemon [_thread_blocked, id=3995, stack(0x00007f244a9ba000,0x00007f244aabb000)]

Other Threads:
  0x00007f244404b000 VMThread [stack: 0x00007f244aabb000,0x00007f244abbc000] [id=3994]
  0x00007f244407b800 WatcherThread [stack: 0x00007f244a36e000,0x00007f244a46f000] [id=4001]

VM state:not at safepoint (normal execution)

VM Mutex/Monitor currently owned by a thread: None

Heap
 PSYoungGen      total 18432K, used 6272K [0x00007f2479ba0000, 0x00007f247b030000, 0x00007f248e5a0000)
  eden space 15808K, 39% used [0x00007f2479ba0000,0x00007f247a1c01d8,0x00007f247ab10000)
  from space 2624K, 0% used [0x00007f247ada0000,0x00007f247ada0000,0x00007f247b030000)
  to   space 2624K, 0% used [0x00007f247ab10000,0x00007f247ab10000,0x00007f247ada0000)
 PSOldGen        total 42240K, used 8952K [0x00007f24507a0000, 0x00007f24530e0000, 0x00007f2479ba0000)
  object space 42240K, 21% used [0x00007f24507a0000,0x00007f245105e288,0x00007f24530e0000)
 PSPermGen       total 36800K, used 18381K [0x00007f244b3a0000, 0x00007f244d790000, 0x00007f24507a0000)
  object space 36800K, 49% used [0x00007f244b3a0000,0x00007f244c593760,0x00007f244d790000)

Dynamic libraries:
40000000-40009000 r-xp 00000000 08:05 176505                             /usr/lib/jvm/java-6-sun-1.6.0.15/jre/bin/java
40108000-4010a000 rwxp 00008000 08:05 176505                             /usr/lib/jvm/java-6-sun-1.6.0.15/jre/bin/java
41e62000-425a7000 rwxp 00000000 00:00 0                                  [heap]
7f2438000000-7f2438021000 rwxp 00000000 00:00 0 
7f2438021000-7f243c000000 ---p 00000000 00:00 0 
7f243c8d0000-7f243c8d5000 r-xp 00000000 08:05 1168                       /lib/libnss_dns-2.10.1.so
7f243c8d5000-7f243cad4000 ---p 00005000 08:05 1168                       /lib/libnss_dns-2.10.1.so
7f243cad4000-7f243cad5000 r-xp 00004000 08:05 1168                       /lib/libnss_dns-2.10.1.so
7f243cad5000-7f243cad6000 rwxp 00005000 08:05 1168                       /lib/libnss_dns-2.10.1.so
7f243cad6000-7f243cad8000 r-xp 00000000 08:05 1176                       /lib/libnss_mdns4_minimal.so.2
7f243cad8000-7f243ccd7000 ---p 00002000 08:05 1176                       /lib/libnss_mdns4_minimal.so.2
7f243ccd7000-7f243ccd8000 r-xp 00001000 08:05 1176                       /lib/libnss_mdns4_minimal.so.2
7f243ccd8000-7f243ccd9000 rwxp 00002000 08:05 1176                       /lib/libnss_mdns4_minimal.so.2
7f243ccd9000-7f243ccec000 r-xp 00000000 08:05 8826                       /usr/lib/gio/modules/libgioremote-volume-monitor.so
7f243ccec000-7f243ceeb000 ---p 00013000 08:05 8826                       /usr/lib/gio/modules/libgioremote-volume-monitor.so
7f243ceeb000-7f243ceec000 r-xp 00012000 08:05 8826                       /usr/lib/gio/modules/libgioremote-volume-monitor.so
7f243ceec000-7f243ceed000 rwxp 00013000 08:05 8826                       /usr/lib/gio/modules/libgioremote-volume-monitor.so
7f243ceed000-7f243cef8000 r-xp 00000000 08:05 125792                     /lib/libudev.so.0.5.0
7f243cef8000-7f243d0f8000 ---p 0000b000 08:05 125792                     /lib/libudev.so.0.5.0
7f243d0f8000-7f243d0f9000 r-xp 0000b000 08:05 125792                     /lib/libudev.so.0.5.0
7f243d0f9000-7f243d0fa000 rwxp 0000c000 08:05 125792                     /lib/libudev.so.0.5.0
7f243d0fa000-7f243d111000 r-xp 00000000 08:05 6521                       /usr/lib/libgvfscommon.so.0.0.0
7f243d111000-7f243d310000 ---p 00017000 08:05 6521                       /usr/lib/libgvfscommon.so.0.0.0
7f243d310000-7f243d311000 r-xp 00016000 08:05 6521                       /usr/lib/libgvfscommon.so.0.0.0
7f243d311000-7f243d312000 rwxp 00017000 08:05 6521                       /usr/lib/libgvfscommon.so.0.0.0
7f243d312000-7f243d33b000 r-xp 00000000 08:05 8827                       /usr/lib/gio/modules/libgvfsdbus.so
7f243d33b000-7f243d53a000 ---p 00029000 08:05 8827                       /usr/lib/gio/modules/libgvfsdbus.so
7f243d53a000-7f243d53b000 r-xp 00028000 08:05 8827                       /usr/lib/gio/modules/libgvfsdbus.so
7f243d53b000-7f243d53c000 rwxp 00029000 08:05 8827                       /usr/lib/gio/modules/libgvfsdbus.so
7f243d550000-7f243d5e2000 rwxs 00000000 00:09 17104913                   /SYSV00000000 (deleted)
7f243d6f8000-7f243d6fb000 rwxp 00000000 00:00 0 
7f243d6fb000-7f243d7f9000 rwxp 00000000 00:00 0 
7f243d7f9000-7f243d7fc000 ---p 00000000 00:00 0 
7f243d7fc000-7f243d8fa000 rwxp 00000000 00:00 0 
7f243d8fa000-7f243d8fd000 ---p 00000000 00:00 0 
7f243d8fd000-7f243d9fb000 rwxp 00000000 00:00 0 
7f243d9fb000-7f243da09000 r-xp 00000000 08:05 9368                       /usr/lib/librxtxSerial-2.1-7.so
7f243da09000-7f243dc08000 ---p 0000e000 08:05 9368                       /usr/lib/librxtxSerial-2.1-7.so
7f243dc08000-7f243dc09000 r-xp 0000d000 08:05 9368                       /usr/lib/librxtxSerial-2.1-7.so
7f243dc09000-7f243dc0a000 rwxp 0000e000 08:05 9368                       /usr/lib/librxtxSerial-2.1-7.so
7f243dc0a000-7f243dc0d000 ---p 00000000 00:00 0 
7f243dc0d000-7f243dd0b000 rwxp 00000000 00:00 0 
7f243dd0b000-7f243dd0e000 ---p 00000000 00:00 0 
7f243dd0e000-7f243de0c000 rwxp 00000000 00:00 0 
7f243de0c000-7f243de49000 r-xp 00000000 08:05 1127                       /lib/libdbus-1.so.3.4.0
7f243de49000-7f243e049000 ---p 0003d000 08:05 1127                       /lib/libdbus-1.so.3.4.0
7f243e049000-7f243e04a000 r-xp 0003d000 08:05 1127                       /lib/libdbus-1.so.3.4.0
7f243e04a000-7f243e04b000 rwxp 0003e000 08:05 1127                       /lib/libdbus-1.so.3.4.0
7f243e04b000-7f243e088000 r-xp 00000000 08:05 6220                       /usr/lib/libibus.so.1.0.0
7f243e088000-7f243e287000 ---p 0003d000 08:05 6220                       /usr/lib/libibus.so.1.0.0
7f243e287000-7f243e289000 r-xp 0003c000 08:05 6220                       /usr/lib/libibus.so.1.0.0
7f243e289000-7f243e28a000 rwxp 0003e000 08:05 6220                       /usr/lib/libibus.so.1.0.0
7f243e28a000-7f243e28b000 rwxp 00000000 00:00 0 
7f243e28b000-7f243e290000 r-xp 00000000 08:05 27614                      /usr/lib/gtk-2.0/2.10.0/immodules/im-ibus.so
7f243e290000-7f243e490000 ---p 00005000 08:05 27614                      /usr/lib/gtk-2.0/2.10.0/immodules/im-ibus.so
7f243e490000-7f243e491000 r-xp 00005000 08:05 27614                      /usr/lib/gtk-2.0/2.10.0/immodules/im-ibus.so
7f243e491000-7f243e492000 rwxp 00006000 08:05 27614                      /usr/lib/gtk-2.0/2.10.0/immodules/im-ibus.so
7f243e492000-7f243e52a000 r-xp 00000000 08:05 40218                      /usr/share/fonts/truetype/ttf-dejavu/DejaVuSans.ttf
7f243e52a000-7f243e52c000 r-xp 00000000 08:05 13548                      /usr/lib/pango/1.6.0/modules/pango-basic-fc.so
7f243e52c000-7f243e72b000 ---p 00002000 08:05 13548                      /usr/lib/pango/1.6.0/modules/pango-basic-fc.so
7f243e72b000-7f243e72c000 r-xp 00001000 08:05 13548                      /usr/lib/pango/1.6.0/modules/pango-basic-fc.so
7f243e72c000-7f243e72d000 rwxp 00002000 08:05 13548                      /usr/lib/pango/1.6.0/modules/pango-basic-fc.so
7f243e72d000-7f243e734000 r-xp 00000000 08:05 176580                     /usr/lib/jvm/java-6-sun-1.6.0.15/jre/lib/amd64/libnio.so
7f243e734000-7f243e833000 ---p 00007000 08:05 176580                     /usr/lib/jvm/java-6-sun-1.6.0.15/jre/lib/amd64/libnio.so
7f243e833000-7f243e835000 rwxp 00006000 08:05 176580                     /usr/lib/jvm/java-6-sun-1.6.0.15/jre/lib/amd64/libnio.so
7f243e835000-7f243e848000 r-xp 00000000 08:05 176579                     /usr/lib/jvm/java-6-sun-1.6.0.15/jre/lib/amd64/libnet.so
7f243e848000-7f243e949000 ---p 00013000 08:05 176579                     /usr/lib/jvm/java-6-sun-1.6.0.15/jre/lib/amd64/libnet.so
7f243e949000-7f243e94c000 rwxp 00014000 08:05 176579                     /usr/lib/jvm/java-6-sun-1.6.0.15/jre/lib/amd64/libnet.so
7f243e94c000-7f243e96f000 r-xp 00000000 08:05 4011                       /usr/lib/gtk-2.0/2.10.0/engines/libmurrine.so
7f243e96f000-7f243eb6e000 ---p 00023000 08:05 4011                       /usr/lib/gtk-2.0/2.10.0/engines/libmurrine.so
7f243eb6e000-7f243eb6f000 r-xp 00022000 08:05 4011                       /usr/lib/gtk-2.0/2.10.0/engines/libmurrine.so
7f243eb6f000-7f243eb70000 rwxp 00023000 08:05 4011                       /usr/lib/gtk-2.0/2.10.0/engines/libmurrine.so
7f243eb70000-7f243eb78000 r-xp 00000000 08:05 6612                       /usr/lib/libltdl.so.7.2.0
7f243eb78000-7f243ed78000 ---p 00008000 08:05 6612                       /usr/lib/libltdl.so.7.2.0
7f243ed78000-7f243ed79000 r-xp 00008000 08:05 6612                       /usr/lib/libltdl.so.7.2.0
7f243ed79000-7f243ed7a000 rwxp 00009000 08:05 6612                       /usr/lib/libltdl.so.7.2.0
7f243ed7a000-7f243ed87000 r-xp 00000000 08:05 6893                       /usr/lib/libtdb.so.1.1.5
7f243ed87000-7f243ef86000 ---p 0000d000 08:05 6893                       /usr/lib/libtdb.so.1.1.5
7f243ef86000-7f243ef87000 r-xp 0000c000 08:05 6893                       /usr/lib/libtdb.so.1.1.5
7f243ef87000-7f243ef88000 rwxp 0000d000 08:05 6893                       /usr/lib/libtdb.so.1.1.5
7f243ef88000-7f243ef8d000 r-xp 00000000 08:05 6699                       /usr/lib/libogg.so.0.6.0
7f243ef8d000-7f243f18c000 ---p 00005000 08:05 6699                       /usr/lib/libogg.so.0.6.0
7f243f18c000-7f243f18d000 r-xp 00004000 08:05 6699                       /usr/lib/libogg.so.0.6.0
7f243f18d000-7f243f18e000 rwxp 00005000 08:05 6699                       /usr/lib/libogg.so.0.6.0
7f243f18e000-7f243f1ad000 r-xp 00000000 08:05 6939                       /usr/lib/libvorbis.so.0.4.0
7f243f1ad000-7f243f3ac000 ---p 0001f000 08:05 6939                       /usr/lib/libvorbis.so.0.4.0
7f243f3ac000-7f243f3ad000 r-xp 0001e000 08:05 6939                       /usr/lib/libvorbis.so.0.4.0
7f243f3ad000-7f243f3bb000 rwxp 0001f000 08:05 6939                       /usr/lib/libvorbis.so.0.4.0
7f243f3bb000-7f243f3c2000 r-xp 00000000 08:05 6943                       /usr/lib/libvorbisfile.so.3.2.0
7f243f3c2000-7f243f5c1000 ---p 00007000 08:05 6943                       /usr/lib/libvorbisfile.so.3.2.0
7f243f5c1000-7f243f5c2000 r-xp 00006000 08:05 6943                       /usr/lib/libvorbisfile.so.3.2.0
7f243f5c2000-7f243f5c3000 rwxp 00007000 08:05 6943                       /usr/lib/libvorbisfile.so.3.2.0
7f243f5c3000-7f243f5d2000 r-xp 00000000 08:05 6092                       /usr/lib/libcanberra.so.0.1.7
7f243f5d2000-7f243f7d1000 ---p 0000f000 08:05 6092                       /usr/lib/libcanberra.so.0.1.7
7f243f7d1000-7f243f7d2000 r-xp 0000e000 08:05 6092                       /usr/lib/libcanberra.so.0.1.7
7f243f7d2000-7f243f7d3000 rwxp 0000f000 08:05 6092                       /usr/lib/libcanberra.so.0.1.7
7f243f7d3000-7f243f7d6000 r-xp 00000000 08:05 6090                       /usr/lib/libcanberra-gtk.so.0.1.1
7f243f7d6000-7f243f9d6000 ---p 00003000 08:05 6090                       /usr/lib/libcanberra-gtk.so.0.1.1
7f243f9d6000-7f243f9d7000 r-xp 00003000 08:05 6090                       /usr/lib/libcanberra-gtk.so.0.1.1
7f243f9d7000-7f243f9d8000 rwxp 00004000 08:05 6090                       /usr/lib/libcanberra-gtk.so.0.1.1
7f243f9d8000-7f243f9dd000 r-xp 00000000 08:05 9149                       /usr/lib/gtk-2.0/modules/libcanberra-gtk-module.so
7f243f9dd000-7f243fbdc000 ---p 00005000 08:05 9149                       /usr/lib/gtk-2.0/modules/libcanberra-gtk-module.so
7f243fbdc000-7f243fbdd000 r-xp 00004000 08:05 9149                       /usr/lib/gtk-2.0/modules/libcanberra-gtk-module.so
7f243fbdd000-7f243fbde000 rwxp 00005000 08:05 9149                       /usr/lib/gtk-2.0/modules/libcanberra-gtk-module.so
7f243fbde000-7f243fbe2000 r-xp 00000000 08:05 6470                       /usr/lib/libgthread-2.0.so.0.2200.2
7f243fbe2000-7f243fde1000 ---p 00004000 08:05 6470                       /usr/lib/libgthread-2.0.so.0.2200.2
7f243fde1000-7f243fde2000 r-xp 00003000 08:05 6470                       /usr/lib/libgthread-2.0.so.0.2200.2
7f243fde2000-7f243fde3000 rwxp 00004000 08:05 6470                       /usr/lib/libgthread-2.0.so.0.2200.2
7f243fde3000-7f243fe09000 r-xp 00000000 08:05 1134                       /lib/libexpat.so.1.5.2
7f243fe09000-7f2440009000 ---p 00026000 08:05 1134                       /lib/libexpat.so.1.5.2
7f2440009000-7f244000b000 r-xp 00026000 08:05 1134                       /lib/libexpat.so.1.5.2
7f244000b000-7f244000c000 rwxp 00028000 08:05 1134                       /lib/libexpat.so.1.5.2
7f244000c000-7f2440028000 r-xp 00000000 08:05 1211                       /lib/libselinux.so.1
7f2440028000-7f2440227000 ---p 0001c000 08:05 1211                       /lib/libselinux.so.1
7f2440227000-7f2440228000 r-xp 0001b000 08:05 1211                       /lib/libselinux.so.1
7f2440228000-7f2440229000 rwxp 0001c000 08:05 1211                       /lib/libselinux.so.1
7f2440229000-7f244022a000 rwxp 00000000 00:00 0 
7f244022a000-7f2440240000 r-xp 00000000 08:05 1207                       /lib/libresolv-2.10.1.so
7f2440240000-7f244043f000 ---p 00016000 08:05 1207                       /lib/libresolv-2.10.1.so
7f244043f000-7f2440440000 r-xp 00015000 08:05 1207                       /lib/libresolv-2.10.1.so
7f2440440000-7f2440441000 rwxp 00016000 08:05 1207                       /lib/libresolv-2.10.1.so
7f2440441000-7f2440443000 rwxp 00000000 00:00 0 
7f2440443000-7f2440470000 r-xp 00000000 08:05 1196                       /lib/libpcre.so.3.12.1
7f2440470000-7f244066f000 ---p 0002d000 08:05 1196                       /lib/libpcre.so.3.12.1
7f244066f000-7f2440670000 r-xp 0002c000 08:05 1196                       /lib/libpcre.so.3.12.1
7f2440670000-7f2440671000 rwxp 0002d000 08:05 1196                       /lib/libpcre.so.3.12.1
7f2440671000-7f2440678000 r-xp 00000000 08:05 6978                       /usr/lib/libxcb-render.so.0.0.0
7f2440678000-7f2440878000 ---p 00007000 08:05 6978                       /usr/lib/libxcb-render.so.0.0.0
7f2440878000-7f2440879000 r-xp 00007000 08:05 6978                       /usr/lib/libxcb-render.so.0.0.0
7f2440879000-7f244087a000 rwxp 00008000 08:05 6978                       /usr/lib/libxcb-render.so.0.0.0
7f244087a000-7f244087d000 r-xp 00000000 08:05 6976                       /usr/lib/libxcb-render-util.so.0.0.0
7f244087d000-7f2440a7c000 ---p 00003000 08:05 6976                       /usr/lib/libxcb-render-util.so.0.0.0
7f2440a7c000-7f2440a7d000 r-xp 00002000 08:05 6976                       /usr/lib/libxcb-render-util.so.0.0.0
7f2440a7d000-7f2440a7e000 rwxp 00003000 08:05 6976                       /usr/lib/libxcb-render-util.so.0.0.0
7f2440a7e000-7f2440aa3000 r-xp 00000000 08:05 6752                       /usr/lib/libpng12.so.0.37.0
7f2440aa3000-7f2440ca3000 ---p 00025000 08:05 6752                       /usr/lib/libpng12.so.0.37.0
7f2440ca3000-7f2440ca4000 r-xp 00025000 08:05 6752                       /usr/lib/libpng12.so.0.37.0
7f2440ca4000-7f2440ca5000 rwxp 00026000 08:05 6752                       /usr/lib/libpng12.so.0.37.0
7f2440ca5000-7f2440cbe000 r-xp 00000000 08:05 6172                       /usr/lib/libdirect-1.2.so.0.7.0
7f2440cbe000-7f2440ebd000 ---p 00019000 08:05 6172                       /usr/lib/libdirect-1.2.so.0.7.0
7f2440ebd000-7f2440ebe000 r-xp 00018000 08:05 6172                       /usr/lib/libdirect-1.2.so.0.7.0
7f2440ebe000-7f2440ebf000 rwxp 00019000 08:05 6172                       /usr/lib/libdirect-1.2.so.0.7.0
7f2440ebf000-7f2440ec0000 rwxp 00000000 00:00 0 
7f2440ec0000-7f2440ec9000 r-xp 00000000 08:05 6259                       /usr/lib/libfusion-1.2.so.0.7.0
7f2440ec9000-7f24410c8000 ---p 00009000 08:05 6259                       /usr/lib/libfusion-1.2.so.0.7.0
7f24410c8000-7f24410c9000 r-xp 00008000 08:05 6259                       /usr/lib/libfusion-1.2.so.0.7.0
7f24410c9000-7f24410ca000 rwxp 00009000 08:05 6259                       /usr/lib/libfusion-1.2.so.0.7.0
7f24410ca000-7f2441151000 r-xp 00000000 08:05 6174                       /usr/lib/libdirectfb-1.2.so.0.7.0
7f2441151000-7f2441350000 ---p 00087000 08:05 6174                       /usr/lib/libdirectfb-1.2.so.0.7.0
7f2441350000-7f2441352000 r-xp 00086000 08:05 6174                       /usr/lib/libdirectfb-1.2.so.0.7.0
7f2441352000-7f2441354000 rwxp 00088000 08:05 6174                       /usr/lib/libdirectfb-1.2.so.0.7.0
7f2441354000-7f2441355000 rwxp 00000000 00:00 0 
7f2441355000-7f2441398000 r-xp 00000000 08:05 6746                       /usr/lib/libpixman-1.so.0.14.0
7f2441398000-7f2441597000 ---p 00043000 08:05 6746                       /usr/lib/libpixman-1.so.0.14.0
7f2441597000-7f2441599000 r-xp 00042000 08:05 6746                       /usr/lib/libpixman-1.so.0.14.0
7f2441599000-7f244159a000 rwxp 00044000 08:05 6746                       /usr/lib/libpixman-1.so.0.14.0
7f244159a000-7f24415b0000 r-xp 00000000 08:05 1243                       /lib/libz.so.1.2.3.3
7f24415b0000-7f24417af000 ---p 00016000 08:05 1243                       /lib/libz.so.1.2.3.3
7f24417af000-7f24417b0000 r-xp 00015000 08:05 1243                       /lib/libz.so.1.2.3.3
7f24417b0000-7f24417b1000 rwxp 00016000 08:05 1243                       /lib/libz.so.1.2.3.3
7f24417b1000-7f24417b9000 r-xp 00000000 08:05 5982                       /usr/lib/libXrandr.so.2.2.0
7f24417b9000-7f24419b8000 ---p 00008000 08:05 5982                       /usr/lib/libXrandr.so.2.2.0
7f24419b8000-7f24419b9000 r-xp 00007000 08:05 5982                       /usr/lib/libXrandr.so.2.2.0
7f24419b9000-7f24419ba000 rwxp 00008000 08:05 5982                       /usr/lib/libXrandr.so.2.2.0
7f24419ba000-7f24419bc000 r-xp 00000000 08:05 5972                       /usr/lib/libXinerama.so.1.0.0
7f24419bc000-7f2441bbb000 ---p 00002000 08:05 5972                       /usr/lib/libXinerama.so.1.0.0
7f2441bbb000-7f2441bbc000 rwxp 00001000 08:05 5972                       /usr/lib/libXinerama.so.1.0.0
7f2441bbc000-7f2441c81000 r-xp 00000000 08:05 1145                       /lib/libglib-2.0.so.0.2200.2
7f2441c81000-7f2441e80000 ---p 000c5000 08:05 1145                       /lib/libglib-2.0.so.0.2200.2
7f2441e80000-7f2441e81000 r-xp 000c4000 08:05 1145                       /lib/libglib-2.0.so.0.2200.2
7f2441e81000-7f2441e82000 rwxp 000c5000 08:05 1145                       /lib/libglib-2.0.so.0.2200.2
7f2441e82000-7f2441e83000 rwxp 00000000 00:00 0 
7f2441e83000-7f2441e86000 r-xp 00000000 08:05 6354                       /usr/lib/libgmodule-2.0.so.0.2200.2
7f2441e86000-7f2442085000 ---p 00003000 08:05 6354                       /usr/lib/libgmodule-2.0.so.0.2200.2
7f2442085000-7f2442086000 r-xp 00002000 08:05 6354                       /usr/lib/libgmodule-2.0.so.0.2200.2
7f2442086000-7f2442087000 rwxp 00003000 08:05 6354                       /usr/lib/libgmodule-2.0.so.0.2200.2
7f2442087000-7f24420cb000 r-xp 00000000 08:05 6390                       /usr/lib/libgobject-2.0.so.0.2200.2
7f24420cb000-7f24422cb000 ---p 00044000 08:05 6390                       /usr/lib/libgobject-2.0.so.0.2200.2
7f24422cb000-7f24422cc000 r-xp 00044000 08:05 6390                       /usr/lib/libgobject-2.0.so.0.2200.2
7f24422cc000-7f24422cd000 rwxp 00045000 08:05 6390                       /usr/lib/libgobject-2.0.so.0.2200.2
7f24422cd000-7f24422ce000 rwxp 00000000 00:00 0 
7f24422ce000-7f24422fe000 r-xp 00000000 08:05 6247                       /usr/lib/libfontconfig.so.1.3.0
7f24422fe000-7f24424fe000 ---p 00030000 08:05 6247                       /usr/lib/libfontconfig.so.1.3.0
7f24424fe000-7f24424ff000 r-xp 00030000 08:05 6247                       /usr/lib/libfontconfig.so.1.3.0
7f24424ff000-7f2442500000 rwxp 00031000 08:05 6247                       /usr/lib/libfontconfig.so.1.3.0
7f2442500000-7f244257f000 r-xp 00000000 08:05 6255                       /usr/lib/libfreetype.so.6.3.20
7f244257f000-7f244277f000 ---p 0007f000 08:05 6255                       /usr/lib/libfreetype.so.6.3.20
7f244277f000-7f2442784000 r-xp 0007f000 08:05 6255                       /usr/lib/libfreetype.so.6.3.20
7f2442784000-7f2442785000 rwxp 00084000 08:05 6255                       /usr/lib/libfreetype.so.6.3.20
7f2442785000-7f24427cb000 r-xp 00000000 08:05 6716                       /usr/lib/libpango-1.0.so.0.2600.0
7f24427cb000-7f24429cb000 ---p 00046000 08:05 6716                       /usr/lib/libpango-1.0.so.0.2600.0
7f24429cb000-7f24429cd000 r-xp 00046000 08:05 6716                       /usr/lib/libpango-1.0.so.0.2600.0
7f24429cd000-7f24429ce000 rwxp 00048000 08:05 6716                       /usr/lib/libpango-1.0.so.0.2600.0
7f24429ce000-7f24429f5000 r-xp 00000000 08:05 6720                       /usr/lib/libpangoft2-1.0.so.0.2600.0
7f24429f5000-7f2442bf5000 ---p 00027000 08:05 6720                       /usr/lib/libpangoft2-1.0.so.0.2600.0
7f2442bf5000-7f2442bf6000 r-xp 00027000 08:05 6720                       /usr/lib/libpangoft2-1.0.so.0.2600.0
7f2442bf6000-7f2442bf7000 rwxp 00028000 08:05 6720                       /usr/lib/libpangoft2-1.0.so.0.2600.0
7f2442bf7000-7f2442c9d000 r-xp 00000000 08:05 6334                       /usr/lib/libgio-2.0.so.0.2200.2
7f2442c9d000-7f2442e9d000 ---p 000a6000 08:05 6334                       /usr/lib/libgio-2.0.so.0.2200.2
7f2442e9d000-7f2442e9f000 r-xp 000a6000 08:05 6334                       /usr/lib/libgio-2.0.so.0.2200.2
7f2442e9f000-7f2442ea0000 rwxp 000a8000 08:05 6334                       /usr/lib/libgio-2.0.so.0.2200.2
7f2442ea0000-7f2442ea1000 rwxp 00000000 00:00 0 
7f2442ea1000-7f2442f20000 r-xp 00000000 08:05 6082                       /usr/lib/libcairo.so.2.10800.8
7f2442f20000-7f2443120000 ---p 0007f000 08:05 6082                       /usr/lib/libcairo.so.2.10800.8
7f2443120000-7f2443122000 r-xp 0007f000 08:05 6082                       /usr/lib/libcairo.so.2.10800.8
7f2443122000-7f2443123000 rwxp 00081000 08:05 6082                       /usr/lib/libcairo.so.2.10800.8
7f2443123000-7f2443124000 rwxp 00000000 00:00 0 
7f2443124000-7f2443141000 r-xp 00000000 08:05 6033                       /usr/lib/libatk-1.0.so.0.2809.1
7f2443141000-7f2443341000 ---p 0001d000 08:05 6033                       /usr/lib/libatk-1.0.so.0.2809.1
7f2443341000-7f2443343000 r-xp 0001d000 08:05 6033                       /usr/lib/libatk-1.0.so.0.2809.1
7f2443343000-7f2443344000 rwxp 0001f000 08:05 6033                       /usr/lib/libatk-1.0.so.0.2809.1
7f2443344000-7f2443346000 r-xp 00000000 08:05 5958                       /usr/lib/libXdamage.so.1.1.0
7f2443346000-7f2443545000 ---p 00002000 08:05 5958                       /usr/lib/libXdamage.so.1.1.0
7f2443545000-7f2443546000 rwxp 00001000 08:05 5958                       /usr/lib/libXdamage.so.1.1.0
7f2443546000-7f2443548000 r-xp 00000000 08:05 5954                       /usr/lib/libXcomposite.so.1.0.0
7f2443548000-7f2443747000 ---p 00002000 08:05 5954                       /usr/lib/libXcomposite.so.1.0.0
7f2443747000-7f2443748000 r-xp 00001000 08:05 5954                       /usr/lib/libXcomposite.so.1.0.0
7f2443748000-7f2443749000 rwxp 00002000 08:05 5954                       /usr/lib/libXcomposite.so.1.0.0
7f2443749000-7f24437f0000 r-xp 00000000 08:05 6293                       /usr/lib/libgdk-x11-2.0.so.0.1800.3
7f24437f0000-7f24439ef000 ---p 000a7000 08:05 6293                       /usr/lib/libgdk-x11-2.0.so.0.1800.3
7f24439ef000-7f24439f3000 r-xp 000a6000 08:05 6293                       /usr/lib/libgdk-x11-2.0.so.0.1800.3
7f24439f3000-7f24439f5000 rwxp 000aa000 08:05 6293                       /usr/lib/libgdk-x11-2.0.so.0.1800.3
7f24439f5000-7f2443df4000 r-xp 00000000 08:05 6474                       /usr/lib/libgtk-x11-2.0.so.0.1800.3
7f2443df4000-7f2443ff3000 ---p 003ff000 08:05 6474                       /usr/lib/libgtk-x11-2.0.so.0.1800.3
7f2443ff3000-7f2443ffa000 r-xp 003fe000 08:05 6474                       /usr/lib/libgtk-x11-2.0.so.0.1800.3
7f2443ffa000-7f2443ffe000 rwxp 00405000 08:05 6474                       /usr/lib/libgtk-x11-2.0.so.0.1800.3
7f2443ffe000-7f2444000000 rwxp 00000000 00:00 0 
7f2444000000-7f24446ed000 rwxp 00000000 00:00 0 
7f24446ed000-7f2448000000 ---p 00000000 00:00 0 
7f244808e000-7f2448099000 r-xp 00000000 08:05 6718                       /usr/lib/libpangocairo-1.0.so.0.2600.0
7f2448099000-7f2448298000 ---p 0000b000 08:05 6718                       /usr/lib/libpangocairo-1.0.so.0.2600.0
7f2448298000-7f2448299000 r-xp 0000a000 08:05 6718                       /usr/lib/libpangocairo-1.0.so.0.2600.0
7f2448299000-7f244829a000 rwxp 0000b000 08:05 6718                       /usr/lib/libpangocairo-1.0.so.0.2600.0
7f244829a000-7f24482b5000 r-xp 00000000 08:05 6295                       /usr/lib/libgdk_pixbuf-2.0.so.0.1800.3
7f24482b5000-7f24484b4000 ---p 0001b000 08:05 6295                       /usr/lib/libgdk_pixbuf-2.0.so.0.1800.3
7f24484b4000-7f24484b5000 r-xp 0001a000 08:05 6295                       /usr/lib/libgdk_pixbuf-2.0.so.0.1800.3
7f24484b5000-7f24484b6000 rwxp 0001b000 08:05 6295                       /usr/lib/libgdk_pixbuf-2.0.so.0.1800.3
7f24484b6000-7f24484b7000 r-xs 00000000 08:05 85399                      /var/cache/fontconfig/48fef66b76e7de9c5c56a6dcc7723c04-x86-64.cache-2
7f24484b7000-7f24484b8000 r-xs 00000000 08:05 85383                      /var/cache/fontconfig/cb7d13eeb0521c8bf38f4717320dc78b-x86-64.cache-2
7f24484b8000-7f24484b9000 r-xs 00000000 08:05 85360                      /var/cache/fontconfig/26de28bc8622bbc1fb67fd234c21975f-x86-64.cache-2
7f24484b9000-7f24484ba000 r-xs 00000000 08:05 116779                     /var/cache/fontconfig/c05880de57d1f5e948fdfacc138775d9-x86-64.cache-2
7f24484ba000-7f24484c3000 r-xs 00000000 08:05 116776                     /var/cache/fontconfig/945677eb7aeaf62f1d50efc3fb3ec7d8-x86-64.cache-2
7f24484c3000-7f24484c5000 r-xs 00000000 08:05 116777                     /var/cache/fontconfig/99e8ed0e538f840c565b6ed5dad60d56-x86-64.cache-2
7f24484c5000-7f24484c8000 r-xs 00000000 08:05 116787                     /var/cache/fontconfig/f24b2111ab8703b4e963115a8cf14259-x86-64.cache-2
7f24484c8000-7f24484cb000 r-xs 00000000 08:05 116785                     /var/cache/fontconfig/e383d7ea5fbe662a33d9b44caf393297-x86-64.cache-2
7f24484cb000-7f24484cf000 r-xs 00000000 08:05 85334                      /var/cache/fontconfig/6eb3985aa4124903f6ff08ba781cd364-x86-64.cache-2
7f24484cf000-7f24484d0000 r-xs 00000000 08:05 116771                     /var/cache/fontconfig/4c73fe0c47614734b17d736dbde7580a-x86-64.cache-2
7f24484d0000-7f24484d5000 r-xs 00000000 08:05 116764                     /var/cache/fontconfig/062808c12e6e608270f93bb230aed730-x86-64.cache-2
7f24484d5000-7f24484d9000 r-xs 00000000 08:05 116778                     /var/cache/fontconfig/a755afe4a08bf5b97852ceb7400b47bc-x86-64.cache-2
7f24484d9000-7f24484dd000 r-xs 00000000 08:05 116773                     /var/cache/fontconfig/6d41288fd70b0be22e8c3a91e032eec0-x86-64.cache-2
7f24484dd000-7f24484ed000 r-xs 00000000 08:05 116765                     /var/cache/fontconfig/0f34bcd4b6ee430af32735b75db7f02b-x86-64.cache-2
7f24484ed000-7f244851b000 r-xs 00000000 08:05 123485                     /var/cache/fontconfig/365b55f210c0a22e9a19e35191240f32-x86-64.cache-2
7f2448528000-7f2448588000 rwxs 00000000 00:09 16089103                   /SYSV00000000 (deleted)
7f2448588000-7f2448589000 r-xs 00000000 08:05 85399                      /var/cache/fontconfig/48fef66b76e7de9c5c56a6dcc7723c04-x86-64.cache-2
7f2448589000-7f244858a000 r-xs 00000000 08:05 85383                      /var/cache/fontconfig/cb7d13eeb0521c8bf38f4717320dc78b-x86-64.cache-2
7f244858a000-7f244858b000 r-xs 00000000 08:05 85360                      /var/cache/fontconfig/26de28bc8622bbc1fb67fd234c21975f-x86-64.cache-2
7f244858b000-7f244858c000 r-xs 00000000 08:05 116779                     /var/cache/fontconfig/c05880de57d1f5e948fdfacc138775d9-x86-64.cache-2
7f244858c000-7f2448595000 r-xs 00000000 08:05 116776                     /var/cache/fontconfig/945677eb7aeaf62f1d50efc3fb3ec7d8-x86-64.cache-2
7f2448595000-7f2448597000 r-xs 00000000 08:05 116777                     /var/cache/fontconfig/99e8ed0e538f840c565b6ed5dad60d56-x86-64.cache-2
7f2448597000-7f244859a000 r-xs 00000000 08:05 116787                     /var/cache/fontconfig/f24b2111ab8703b4e963115a8cf14259-x86-64.cache-2
7f244859a000-7f244859d000 r-xs 00000000 08:05 116785                     /var/cache/fontconfig/e383d7ea5fbe662a33d9b44caf393297-x86-64.cache-2
7f244859d000-7f24485a1000 r-xs 00000000 08:05 85334                      /var/cache/fontconfig/6eb3985aa4124903f6ff08ba781cd364-x86-64.cache-2
7f24485a1000-7f24485a2000 r-xs 00000000 08:05 116771                     /var/cache/fontconfig/4c73fe0c47614734b17d736dbde7580a-x86-64.cache-2
7f24485a2000-7f24485a7000 r-xs 00000000 08:05 116764                     /var/cache/fontconfig/062808c12e6e608270f93bb230aed730-x86-64.cache-2
7f24485a7000-7f24485ab000 r-xs 00000000 08:05 116778                     /var/cache/fontconfig/a755afe4a08bf5b97852ceb7400b47bc-x86-64.cache-2
7f24485ab000-7f24485af000 r-xs 00000000 08:05 116773                     /var/cache/fontconfig/6d41288fd70b0be22e8c3a91e032eec0-x86-64.cache-2
7f24485af000-7f24485bf000 r-xs 00000000 08:05 116765                     /var/cache/fontconfig/0f34bcd4b6ee430af32735b75db7f02b-x86-64.cache-2
7f24485bf000-7f24485c0000 r-xs 00000000 08:05 116769                     /var/cache/fontconfig/4794a0821666d79190d59a36cb4f44b5-x86-64.cache-2
7f24485c0000-7f24485ee000 r-xs 00000000 08:05 123485                     /var/cache/fontconfig/365b55f210c0a22e9a19e35191240f32-x86-64.cache-2
7f24485ee000-7f24486db000 r-xp 00000000 08:05 9612                       /usr/lib/locale/en_US.utf8/LC_COLLATE
7f24486db000-7f24486de000 ---p 00000000 00:00 0 
7f24486de000-7f24487dc000 rwxp 00000000 00:00 0 
7f24487dc000-7f24487e1000 r-xp 00000000 08:05 5964                       /usr/lib/libXfixes.so.3.1.0
7f24487e1000-7f24489e0000 ---p 00005000 08:05 5964                       /usr/lib/libXfixes.so.3.1.0
7f24489e0000-7f24489e1000 r-xp 00004000 08:05 5964                       /usr/lib/libXfixes.so.3.1.0
7f24489e1000-7f24489e2000 rwxp 00005000 08:05 5964                       /usr/lib/libXfixes.so.3.1.0
7f24489e2000-7f24489eb000 r-xp 00000000 08:05 5984                       /usr/lib/libXrender.so.1.3.0
7f24489eb000-7f2448bea000 ---p 00009000 08:05 5984                       /usr/lib/libXrender.so.1.3.0
7f2448bea000-7f2448beb000 r-xp 00008000 08:05 5984                       /usr/lib/libXrender.so.1.3.0
7f2448beb000-7f2448bec000 rwxp 00009000 08:05 5984                       /usr/lib/libXrender.so.1.3.0
7f2448bec000-7f2448bf5000 r-xp 00000000 08:05 5956                       /usr/lib/libXcursor.so.1.0.2
7f2448bf5000-7f2448df4000 ---p 00009000 08:05 5956                       /usr/lib/libXcursor.so.1.0.2
7f2448df4000-7f2448df5000 r-xp 00008000 08:05 5956                       /usr/lib/libXcursor.so.1.0.2
7f2448df5000-7f2448df6000 rwxp 00009000 08:05 5956                       /usr/lib/libXcursor.so.1.0.2
7f2448dfc000-7f2448dfd000 rwxp 00000000 00:00 0 
7f2448dfd000-7f2448e07000 r-xs 00000000 08:05 116782                     /var/cache/fontconfig/d52a8644073d54c13679302ca1180695-x86-64.cache-2
7f2448e07000-7f2448e12000 r-xs 00000000 08:05 77841                      /var/cache/fontconfig/e13b20fdb08344e0e664864cc2ede53d-x86-64.cache-2
7f2448e12000-7f2448e15000 ---p 00000000 00:00 0 
7f2448e15000-7f2448f13000 rwxp 00000000 00:00 0 
7f2448f13000-7f2448f91000 r-xp 00000000 08:05 176587                     /usr/lib/jvm/java-6-sun-1.6.0.15/jre/lib/amd64/libfontmanager.so
7f2448f91000-7f2449090000 ---p 0007e000 08:05 176587                     /usr/lib/jvm/java-6-sun-1.6.0.15/jre/lib/amd64/libfontmanager.so
7f2449090000-7f24490a6000 rwxp 0007d000 08:05 176587                     /usr/lib/jvm/java-6-sun-1.6.0.15/jre/lib/amd64/libfontmanager.so
7f24490a6000-7f24490b7000 rwxp 00000000 00:00 0 
7f24490b7000-7f24490bc000 r-xp 00000000 08:05 5960                       /usr/lib/libXdmcp.so.6.0.0
7f24490bc000-7f24492bb000 ---p 00005000 08:05 5960                       /usr/lib/libXdmcp.so.6.0.0
7f24492bb000-7f24492bc000 rwxp 00004000 08:05 5960                       /usr/lib/libXdmcp.so.6.0.0
7f24492bc000-7f24492d7000 r-xp 00000000 08:05 6980                       /usr/lib/libxcb.so.1.1.0
7f24492d7000-7f24494d6000 ---p 0001b000 08:05 6980                       /usr/lib/libxcb.so.1.1.0
7f24494d6000-7f24494d7000 r-xp 0001a000 08:05 6980                       /usr/lib/libxcb.so.1.1.0
7f24494d7000-7f24494d8000 rwxp 0001b000 08:05 6980                       /usr/lib/libxcb.so.1.1.0
7f24494d8000-7f24494da000 r-xp 00000000 08:05 5949                       /usr/lib/libXau.so.6.0.0
7f24494da000-7f24496d9000 ---p 00002000 08:05 5949                       /usr/lib/libXau.so.6.0.0
7f24496d9000-7f24496da000 r-xp 00001000 08:05 5949                       /usr/lib/libXau.so.6.0.0
7f24496da000-7f24496db000 rwxp 00002000 08:05 5949                       /usr/lib/libXau.so.6.0.0
7f24496db000-7f24496e4000 r-xp 00000000 08:05 5970                       /usr/lib/libXi.so.6.0.0
7f24496e4000-7f24498e4000 ---p 00009000 08:05 5970                       /usr/lib/libXi.so.6.0.0
7f24498e4000-7f24498e5000 r-xp 00009000 08:05 5970                       /usr/lib/libXi.so.6.0.0
7f24498e5000-7f24498e6000 rwxp 0000a000 08:05 5970                       /usr/lib/libXi.so.6.0.0
7f24498e6000-7f24498eb000 r-xp 00000000 08:05 5990                       /usr/lib/libXtst.so.6.1.0
7f24498eb000-7f2449aeb000 ---p 00005000 08:05 5990                       /usr/lib/libXtst.so.6.1.0
7f2449aeb000-7f2449aec000 r-xp 00005000 08:05 5990                       /usr/lib/libXtst.so.6.1.0
7f2449aec000-7f2449aed000 rwxp 00006000 08:05 5990                       /usr/lib/libXtst.so.6.1.0
7f2449aed000-7f2449c1e000 r-xp 00000000 08:05 5943                       /usr/lib/libX11.so.6.2.0
7f2449c1e000-7f2449e1e000 ---p 00131000 08:05 5943                       /usr/lib/libX11.so.6.2.0
7f2449e1e000-7f2449e1f000 r-xp 00131000 08:05 5943                       /usr/lib/libX11.so.6.2.0
7f2449e1f000-7f2449e23000 rwxp 00132000 08:05 5943                       /usr/lib/libX11.so.6.2.0
7f2449e23000-7f2449e34000 r-xp 00000000 08:05 5962                       /usr/lib/libXext.so.6.4.0
7f2449e34000-7f244a033000 ---p 00011000 08:05 5962                       /usr/lib/libXext.so.6.4.0
7f244a033000-7f244a034000 r-xp 00010000 08:05 5962                       /usr/lib/libXext.so.6.4.0
7f244a034000-7f244a035000 rwxp 00011000 08:05 5962                       /usr/lib/libXext.so.6.4.0
7f244a035000-7f244a037000 r-xs 00000000 08:05 116767                     /var/cache/fontconfig/2c5ba8142dffc8bf0377700342b8ca1a-x86-64.cache-2
7f244a037000-7f244a039000 r-xs 00000000 08:05 123482                     /var/cache/fontconfig/7ef2298fde41cc6eeb7af42e48b7d293-x86-64.cache-2
7f244a039000-7f244a03a000 r-xp 00000000 08:05 9618                       /usr/lib/locale/en_US.utf8/LC_NUMERIC
7f244a03a000-7f244a03b000 r-xp 00000000 08:05 9696                       /usr/lib/locale/en_US.utf8/LC_TIME
7f244a03b000-7f244a03c000 r-xp 00000000 08:05 9690                       /usr/lib/locale/en_US.utf8/LC_MONETARY
7f244a03c000-7f244a046000 r-xs 00000000 08:05 116782                     /var/cache/fontconfig/d52a8644073d54c13679302ca1180695-x86-64.cache-2
7f244a046000-7f244a051000 r-xs 00000000 08:05 77841                      /var/cache/fontconfig/e13b20fdb08344e0e664864cc2ede53d-x86-64.cache-2
7f244a051000-7f244a093000 r-xp 00000000 08:05 176577                     /usr/lib/jvm/java-6-sun-1.6.0.15/jre/lib/amd64/xawt/libmawt.so
7f244a093000-7f244a192000 ---p 00042000 08:05 176577                     /usr/lib/jvm/java-6-sun-1.6.0.15/jre/lib/amd64/xawt/libmawt.so
7f244a192000-7f244a19d000 rwxp 00041000 08:05 176577                     /usr/lib/jvm/java-6-sun-1.6.0.15/jre/lib/amd64/xawt/libmawt.so
7f244a19d000-7f244a19f000 rwxp 00000000 00:00 0 
7f244a19f000-7f244a231000 r-xp 00000000 08:05 176618                     /usr/lib/jvm/java-6-sun-1.6.0.15/jre/lib/amd64/libawt.so
7f244a231000-7f244a330000 ---p 00092000 08:05 176618                     /usr/lib/jvm/java-6-sun-1.6.0.15/jre/lib/amd64/libawt.so
7f244a330000-7f244a349000 rwxp 00091000 08:05 176618                     /usr/lib/jvm/java-6-sun-1.6.0.15/jre/lib/amd64/libawt.so
7f244a349000-7f244a36e000 rwxp 00000000 00:00 0 
7f244a36e000-7f244a36f000 ---p 00000000 00:00 0 
7f244a36f000-7f244a46f000 rwxp 00000000 00:00 0 
7f244a46f000-7f244a472000 ---p 00000000 00:00 0 
7f244a472000-7f244a570000 rwxp 00000000 00:00 0 
7f244a570000-7f244a573000 ---p 00000000 00:00 0 
7f244a573000-7f244a671000 rwxp 00000000 00:00 0 
7f244a671000-7f244a674000 ---p 00000000 00:00 0 
7f244a674000-7f244a772000 rwxp 00000000 00:00 0 
7f244a772000-7f244a775000 ---p 00000000 00:00 0 
7f244a775000-7f244a873000 rwxp 00000000 00:00 0 
7f244a873000-7f244a87a000 r-xs 00000000 08:05 8386                       /usr/lib/gconv/gconv-modules.cache
7f244a87a000-7f244a8b9000 r-xp 00000000 08:05 9613                       /usr/lib/locale/en_US.utf8/LC_CTYPE
7f244a8b9000-7f244a8bc000 ---p 00000000 00:00 0 
7f244a8bc000-7f244a9ba000 rwxp 00000000 00:00 0 
7f244a9ba000-7f244a9bd000 ---p 00000000 00:00 0 
7f244a9bd000-7f244aabb000 rwxp 00000000 00:00 0 
7f244aabb000-7f244aabc000 ---p 00000000 00:00 0 
7f244aabc000-7f244ac52000 rwxp 00000000 00:00 0 
7f244ac52000-7f244ade8000 r-xs 02fb3000 08:05 176575                     /usr/lib/jvm/java-6-sun-1.6.0.15/jre/lib/rt.jar
7f244ade8000-7f244ae10000 rwxp 00000000 00:00 0 
7f244ae10000-7f244ae11000 ---p 00000000 00:00 0 
7f244ae11000-7f244af11000 rwxp 00000000 00:00 0 
7f244af11000-7f244af12000 ---p 00000000 00:00 0 
7f244af12000-7f244b024000 rwxp 00000000 00:00 0 
7f244b024000-7f244b03c000 rwxp 00000000 00:00 0 
7f244b03c000-7f244b051000 rwxp 00000000 00:00 0 
7f244b051000-7f244b186000 rwxp 00000000 00:00 0 
7f244b186000-7f244b198000 rwxp 00000000 00:00 0 
7f244b198000-7f244b1b0000 rwxp 00000000 00:00 0 
7f244b1b0000-7f244b1c5000 rwxp 00000000 00:00 0 
7f244b1c5000-7f244b2fa000 rwxp 00000000 00:00 0 
7f244b2fa000-7f244b305000 rwxp 00000000 00:00 0 
7f244b305000-7f244b39f000 rwxp 00000000 00:00 0 
7f244b39f000-7f244d790000 rwxp 00000000 00:00 0 
7f244d790000-7f24507a0000 rwxp 00000000 00:00 0 
7f24507a0000-7f24530e0000 rwxp 00000000 00:00 0 
7f24530e0000-7f2479ba0000 rwxp 00000000 00:00 0 
7f2479ba0000-7f247b030000 rwxp 00000000 00:00 0 
7f247b030000-7f248e5a0000 rwxp 00000000 00:00 0 
7f248e5a0000-7f248e5a1000 r-xp 00000000 08:05 9622                       /usr/lib/locale/en_US.utf8/LC_MESSAGES/SYS_LC_MESSAGES
7f248e5a1000-7f248e5a2000 r-xp 00000000 08:05 9775                       /usr/lib/locale/en_US.utf8/LC_PAPER
7f248e5a2000-7f248e5a3000 r-xp 00000000 08:05 9526                       /usr/lib/locale/en_US.utf8/LC_NAME
7f248e5a3000-7f248e5a4000 r-xp 00000000 08:05 9689                       /usr/lib/locale/en_US.utf8/LC_ADDRESS
7f248e5a4000-7f248e5ab000 r-xs 0007c000 08:02 169356                     /media/SQ004709V01_/Users/Jeffrey/Documents/Arduino/arduino-0017/lib/pde.jar
7f248e5ab000-7f248e81b000 rwxp 00000000 00:00 0 
7f248e81b000-7f24915ab000 rwxp 00000000 00:00 0 
7f24915ab000-7f24915b9000 r-xp 00000000 08:05 176589                     /usr/lib/jvm/java-6-sun-1.6.0.15/jre/lib/amd64/libzip.so
7f24915b9000-7f24916bb000 ---p 0000e000 08:05 176589                     /usr/lib/jvm/java-6-sun-1.6.0.15/jre/lib/amd64/libzip.so
7f24916bb000-7f24916be000 rwxp 00010000 08:05 176589                     /usr/lib/jvm/java-6-sun-1.6.0.15/jre/lib/amd64/libzip.so
7f24916be000-7f24916bf000 rwxp 00000000 00:00 0 
7f24916bf000-7f24916cb000 r-xp 00000000 08:05 1170                       /lib/libnss_files-2.10.1.so
7f24916cb000-7f24918ca000 ---p 0000c000 08:05 1170                       /lib/libnss_files-2.10.1.so
7f24918ca000-7f24918cb000 r-xp 0000b000 08:05 1170                       /lib/libnss_files-2.10.1.so
7f24918cb000-7f24918cc000 rwxp 0000c000 08:05 1170                       /lib/libnss_files-2.10.1.so
7f24918cc000-7f24918d6000 r-xp 00000000 08:05 1180                       /lib/libnss_nis-2.10.1.so
7f24918d6000-7f2491ad5000 ---p 0000a000 08:05 1180                       /lib/libnss_nis-2.10.1.so
7f2491ad5000-7f2491ad6000 r-xp 00009000 08:05 1180                       /lib/libnss_nis-2.10.1.so
7f2491ad6000-7f2491ad7000 rwxp 0000a000 08:05 1180                       /lib/libnss_nis-2.10.1.so
7f2491ad7000-7f2491ade000 r-xp 00000000 08:05 1166                       /lib/libnss_compat-2.10.1.so
7f2491ade000-7f2491cde000 ---p 00007000 08:05 1166                       /lib/libnss_compat-2.10.1.so
7f2491cde000-7f2491cdf000 r-xp 00007000 08:05 1166                       /lib/libnss_compat-2.10.1.so
7f2491cdf000-7f2491ce0000 rwxp 00008000 08:05 1166                       /lib/libnss_compat-2.10.1.so
7f2491ce0000-7f2491ce7000 r-xp 00000000 08:05 176590                     /usr/lib/jvm/java-6-sun-1.6.0.15/jre/lib/amd64/native_threads/libhpi.so
7f2491ce7000-7f2491de8000 ---p 00007000 08:05 176590                     /usr/lib/jvm/java-6-sun-1.6.0.15/jre/lib/amd64/native_threads/libhpi.so
7f2491de8000-7f2491dea000 rwxp 00008000 08:05 176590                     /usr/lib/jvm/java-6-sun-1.6.0.15/jre/lib/amd64/native_threads/libhpi.so
7f2491dea000-7f2491deb000 rwxp 00000000 00:00 0 
7f2491deb000-7f2491e01000 r-xp 00000000 08:05 1164                       /lib/libnsl-2.10.1.so
7f2491e01000-7f2492001000 ---p 00016000 08:05 1164                       /lib/libnsl-2.10.1.so
7f2492001000-7f2492002000 r-xp 00016000 08:05 1164                       /lib/libnsl-2.10.1.so
7f2492002000-7f2492003000 rwxp 00017000 08:05 1164                       /lib/libnsl-2.10.1.so
7f2492003000-7f2492005000 rwxp 00000000 00:00 0 
7f2492005000-7f249202e000 r-xp 00000000 08:05 176600                     /usr/lib/jvm/java-6-sun-1.6.0.15/jre/lib/amd64/libjava.so
7f249202e000-7f249212d000 ---p 00029000 08:05 176600                     /usr/lib/jvm/java-6-sun-1.6.0.15/jre/lib/amd64/libjava.so
7f249212d000-7f2492134000 rwxp 00028000 08:05 176600                     /usr/lib/jvm/java-6-sun-1.6.0.15/jre/lib/amd64/libjava.so
7f2492134000-7f2492141000 r-xp 00000000 08:05 176584                     /usr/lib/jvm/java-6-sun-1.6.0.15/jre/lib/amd64/libverify.so
7f2492141000-7f2492240000 ---p 0000d000 08:05 176584                     /usr/lib/jvm/java-6-sun-1.6.0.15/jre/lib/amd64/libverify.so
7f2492240000-7f2492243000 rwxp 0000c000 08:05 176584                     /usr/lib/jvm/java-6-sun-1.6.0.15/jre/lib/amd64/libverify.so
7f2492243000-7f249224a000 r-xp 00000000 08:05 1209                       /lib/librt-2.10.1.so
7f249224a000-7f2492449000 ---p 00007000 08:05 1209                       /lib/librt-2.10.1.so
7f2492449000-7f249244a000 r-xp 00006000 08:05 1209                       /lib/librt-2.10.1.so
7f249244a000-7f249244b000 rwxp 00007000 08:05 1209                       /lib/librt-2.10.1.so
7f249244b000-7f249244e000 ---p 00000000 00:00 0 
7f249244e000-7f249254c000 rwxp 00000000 00:00 0 
7f249254c000-7f24925ce000 r-xp 00000000 08:05 1157                       /lib/libm-2.10.1.so
7f24925ce000-7f24927ce000 ---p 00082000 08:05 1157                       /lib/libm-2.10.1.so
7f24927ce000-7f24927cf000 r-xp 00082000 08:05 1157                       /lib/libm-2.10.1.so
7f24927cf000-7f24927d0000 rwxp 00083000 08:05 1157                       /lib/libm-2.10.1.so
7f24927d0000-7f2492f2e000 r-xp 00000000 08:05 176606                     /usr/lib/jvm/java-6-sun-1.6.0.15/jre/lib/amd64/server/libjvm.so
7f2492f2e000-7f249302d000 ---p 0075e000 08:05 176606                     /usr/lib/jvm/java-6-sun-1.6.0.15/jre/lib/amd64/server/libjvm.so
7f249302d000-7f24931a5000 rwxp 0075d000 08:05 176606                     /usr/lib/jvm/java-6-sun-1.6.0.15/jre/lib/amd64/server/libjvm.so
7f24931a5000-7f24931e3000 rwxp 00000000 00:00 0 
7f24931e3000-7f2493349000 r-xp 00000000 08:05 1115                       /lib/libc-2.10.1.so
7f2493349000-7f2493548000 ---p 00166000 08:05 1115                       /lib/libc-2.10.1.so
7f2493548000-7f249354c000 r-xp 00165000 08:05 1115                       /lib/libc-2.10.1.so
7f249354c000-7f249354d000 rwxp 00169000 08:05 1115                       /lib/libc-2.10.1.so
7f249354d000-7f2493552000 rwxp 00000000 00:00 0 
7f2493552000-7f2493554000 r-xp 00000000 08:05 1129                       /lib/libdl-2.10.1.so
7f2493554000-7f2493754000 ---p 00002000 08:05 1129                       /lib/libdl-2.10.1.so
7f2493754000-7f2493755000 r-xp 00002000 08:05 1129                       /lib/libdl-2.10.1.so
7f2493755000-7f2493756000 rwxp 00003000 08:05 1129                       /lib/libdl-2.10.1.so
7f2493756000-7f249376d000 r-xp 00000000 08:05 1202                       /lib/libpthread-2.10.1.so
7f249376d000-7f249396c000 ---p 00017000 08:05 1202                       /lib/libpthread-2.10.1.so
7f249396c000-7f249396d000 r-xp 00016000 08:05 1202                       /lib/libpthread-2.10.1.so
7f249396d000-7f249396e000 rwxp 00017000 08:05 1202                       /lib/libpthread-2.10.1.so
7f249396e000-7f2493972000 rwxp 00000000 00:00 0 
7f2493972000-7f2493991000 r-xp 00000000 08:05 1091                       /lib/ld-2.10.1.so
7f2493991000-7f2493992000 r-xp 00000000 08:05 9694                       /usr/lib/locale/en_US.utf8/LC_TELEPHONE
7f2493992000-7f2493993000 r-xp 00000000 08:05 9914                       /usr/lib/locale/en_US.utf8/LC_MEASUREMENT
7f2493993000-7f2493994000 r-xp 00000000 08:05 9692                       /usr/lib/locale/en_US.utf8/LC_IDENTIFICATION
7f2493994000-7f2493995000 r-xs 00000000 08:05 116769                     /var/cache/fontconfig/4794a0821666d79190d59a36cb4f44b5-x86-64.cache-2
7f2493995000-7f24939a4000 r-xs 00184000 08:02 169361                     /media/SQ004709V01_/Users/Jeffrey/Documents/Arduino/arduino-0017/lib/ecj.jar
7f24939a4000-7f24939ae000 rwxp 00000000 00:00 0 
7f24939ae000-7f2493a64000 rwxp 00000000 00:00 0 
7f2493a64000-7f2493a66000 rwxp 00000000 00:00 0 
7f2493a66000-7f2493a6d000 r-xp 00000000 08:05 176576                     /usr/lib/jvm/java-6-sun-1.6.0.15/jre/lib/amd64/jli/libjli.so
7f2493a6d000-7f2493b6e000 ---p 00007000 08:05 176576                     /usr/lib/jvm/java-6-sun-1.6.0.15/jre/lib/amd64/jli/libjli.so
7f2493b6e000-7f2493b70000 rwxp 00008000 08:05 176576                     /usr/lib/jvm/java-6-sun-1.6.0.15/jre/lib/amd64/jli/libjli.so
7f2493b70000-7f2493b71000 rwxp 00000000 00:00 0 
7f2493b71000-7f2493b73000 r-xs 00000000 08:05 116767                     /var/cache/fontconfig/2c5ba8142dffc8bf0377700342b8ca1a-x86-64.cache-2
7f2493b73000-7f2493b75000 r-xs 00000000 08:05 123482                     /var/cache/fontconfig/7ef2298fde41cc6eeb7af42e48b7d293-x86-64.cache-2
7f2493b75000-7f2493b76000 r-xs 00006000 08:02 169377                     /media/SQ004709V01_/Users/Jeffrey/Documents/Arduino/arduino-0017/lib/oro.jar
7f2493b76000-7f2493b79000 r-xs 00096000 08:02 169375                     /media/SQ004709V01_/Users/Jeffrey/Documents/Arduino/arduino-0017/lib/jna.jar
7f2493b79000-7f2493b7c000 r-xs 00036000 08:02 169357                     /media/SQ004709V01_/Users/Jeffrey/Documents/Arduino/arduino-0017/lib/core.jar
7f2493b7c000-7f2493b81000 r-xs 00068000 08:02 169359                     /media/SQ004709V01_/Users/Jeffrey/Documents/Arduino/arduino-0017/lib/antlr.jar
7f2493b81000-7f2493b83000 r-xs 0000d000 08:02 169358                     /media/SQ004709V01_/Users/Jeffrey/Documents/Arduino/arduino-0017/lib/RXTXcomm.jar
7f2493b83000-7f2493b8b000 rwxs 00000000 08:05 174007                     /tmp/hsperfdata_jeff/3990
7f2493b8b000-7f2493b8c000 rwxp 00000000 00:00 0 
7f2493b8c000-7f2493b8d000 r-xp 00000000 00:00 0 
7f2493b8d000-7f2493b90000 rwxp 00000000 00:00 0 
7f2493b90000-7f2493b91000 r-xp 0001e000 08:05 1091                       /lib/ld-2.10.1.so
7f2493b91000-7f2493b92000 rwxp 0001f000 08:05 1091                       /lib/ld-2.10.1.so
7fff2ddf5000-7fff2de0a000 rwxp 00000000 00:00 0                          [stack]
7fff2deb6000-7fff2deb7000 r-xp 00000000 00:00 0                          [vdso]
ffffffffff600000-ffffffffff601000 r-xp 00000000 00:00 0                  [vsyscall]

VM Arguments:
jvm_args: -Dswing.defaultlaf=com.sun.java.swing.plaf.gtk.GTKLookAndFeel 
java_command: processing.app.Base
Launcher Type: SUN_STANDARD

Environment Variables:
CLASSPATH=:/home/jeff/Documents/Arduino/arduino-0017/java/lib/rt.jar:/home/jeff/Documents/Arduino/arduino-0017/java/lib/tools.jar:/home/jeff/Documents/Arduino/arduino-0017/lib/RXTXcomm.jar:/home/jeff/Documents/Arduino/arduino-0017/lib/antlr.jar:/home/jeff/Documents/Arduino/arduino-0017/lib/core.jar:/home/jeff/Documents/Arduino/arduino-0017/lib/ecj.jar:/home/jeff/Documents/Arduino/arduino-0017/lib/jna.jar:/home/jeff/Documents/Arduino/arduino-0017/lib/oro.jar:/home/jeff/Documents/Arduino/arduino-0017/lib/pde.jar
PATH=/home/jeff/Documents/Arduino/arduino-0017/java/bin:/usr/local/sbin:/usr/local/bin:/usr/sbin:/usr/bin:/sbin:/bin:/usr/games
USERNAME=jeff
LD_LIBRARY_PATH=/usr/lib/jvm/java-6-sun-1.6.0.15/jre/lib/amd64/server:/usr/lib/jvm/java-6-sun-1.6.0.15/jre/lib/amd64:/usr/lib/jvm/java-6-sun-1.6.0.15/jre/../lib/amd64:/media/SQ004709V01_/Users/Jeffrey/Documents/Arduino/arduino-0017/lib:
SHELL=/bin/bash
DISPLAY=:0.0

Signal Handlers:
SIGSEGV: [libjvm.so+0x6bdd00], sa_mask[0]=0x7ffbfeff, sa_flags=0x10000004
SIGBUS: [libjvm.so+0x6bdd00], sa_mask[0]=0x7ffbfeff, sa_flags=0x10000004
SIGFPE: [libjvm.so+0x594ed0], sa_mask[0]=0x7ffbfeff, sa_flags=0x10000004
SIGPIPE: SIG_IGN, sa_mask[0]=0x00001000, sa_flags=0x10000000
SIGXFSZ: [libjvm.so+0x594ed0], sa_mask[0]=0x7ffbfeff, sa_flags=0x10000004
SIGILL: [libjvm.so+0x594ed0], sa_mask[0]=0x7ffbfeff, sa_flags=0x10000004
SIGUSR1: SIG_DFL, sa_mask[0]=0x00000000, sa_flags=0x00000000
SIGUSR2: [libjvm.so+0x597690], sa_mask[0]=0x00000000, sa_flags=0x10000004
SIGHUP: [libjvm.so+0x5973e0], sa_mask[0]=0x7ffbfeff, sa_flags=0x10000004
SIGINT: [libjvm.so+0x5973e0], sa_mask[0]=0x7ffbfeff, sa_flags=0x10000004
SIGTERM: [libjvm.so+0x5973e0], sa_mask[0]=0x7ffbfeff, sa_flags=0x10000004
SIGQUIT: [libjvm.so+0x5973e0], sa_mask[0]=0x7ffbfeff, sa_flags=0x10000004


---------------  S Y S T E M  ---------------

OS:squeeze/sid

uname:Linux 2.6.31-14-generic #48-Ubuntu SMP Fri Oct 16 14:05:01 UTC 2009 x86_64
libc:glibc 2.10.1 NPTL 2.10.1 
rlimit: STACK 8192k, CORE 0k, NPROC infinity, NOFILE 1024, AS infinity
load average:0.81 0.38 0.29

CPU:total 2 (2 cores per cpu, 1 threads per core) family 6 model 15 stepping 13, cmov, cx8, fxsr, mmx, sse, sse2, sse3, ssse3

Memory: 4k page, physical 4050740k(2417120k free), swap 843372k(843372k free)

vm_info: Java HotSpot(TM) 64-Bit Server VM (14.1-b02) for linux-amd64 JRE (1.6.0_15-b03), built on Jul  2 2009 15:26:16 by "java_re" with gcc 3.2.2 (SuSE Linux)

time: Sun Nov 15 00:15:29 2009
elapsed time: 46 seconds

